+ echo =============================================
=============================================
+ echo 'IsoSurfacePartitioner                        '
IsoSurfacePartitioner                        
+ echo =============================================
=============================================
+ O=1
+ T=1
+ L=2048
+ M=8192
+ N=128
+ PROFILER_ENABLE=3
+ ./in_transit_iso_knl.sh
O=1 T=1 L=2048 M=8192 N=128 RM=121 RN=2 S=./configs/iso_extract_opt_knl.xml D=2019_290_23_14
find: './isos_knl/': No such file or directory
rm: cannot remove 'data_iso_knl.bp*': No such file or directory
+ echo PROFILER_ENABLE=3
PROFILER_ENABLE=3
+ export MEMPROF_INTERVAL=0.5
+ MEMPROF_INTERVAL=0.5
+ export PROFILER_LOG_FILE=./logs_knl/25225831_osc_iso_knl_o1_t1_l2048_m8192_n128_2019_290_23_14.time
+ PROFILER_LOG_FILE=./logs_knl/25225831_osc_iso_knl_o1_t1_l2048_m8192_n128_2019_290_23_14.time
+ export MEMPROF_LOG_FILE=./logs_knl/25225831_osc_iso_knl_o1_t1_l2048_m8192_n128_2019_290_23_14.mem
+ MEMPROF_LOG_FILE=./logs_knl/25225831_osc_iso_knl_o1_t1_l2048_m8192_n128_2019_290_23_14.mem
+ cat ./configs/write_adios1_flexpath_iso_knl.xml
+ sed 's/.*/[36m&[0m/'
[36m<sensei>[0m
[36m  <analysis type="adios1" filename="data_iso_knl.bp" method="FLEXPATH" enabled="1" >[0m
[36m    <mesh name="mesh">[0m
[36m        <cell_arrays> data </cell_arrays>[0m
[36m    </mesh>[0m
[36m  </analysis>[0m
[36m</sensei>[0m
+ srun -N 121 -n 8192 -r 0 oscillator -t 1 -s 2048,2048,2048 -e 0,1,0,1,0,1 -b 8192 -f ./configs/write_adios1_flexpath_iso_knl.xml -g 1 -p 0 ./inputs/conf.osc
+ sed 's/.*/[31m&[0m/'
+ delay=300
+ set +x
...........................................found at 43s
+ export PROFILER_LOG_FILE=./logs_knl/25225831_aep_iso_knl_o1_t1_l2048_m8192_n128_2019_290_23_14.time
+ PROFILER_LOG_FILE=./logs_knl/25225831_aep_iso_knl_o1_t1_l2048_m8192_n128_2019_290_23_14.time
+ export MEMPROF_LOG_FILE=./logs_knl/25225831_aep_iso_knl_o1_t1_l2048_m8192_n128_2019_290_23_14.mem
+ MEMPROF_LOG_FILE=./logs_knl/25225831_aep_iso_knl_o1_t1_l2048_m8192_n128_2019_290_23_14.mem
+ cat ./configs/iso_extract_opt_knl.xml
+ sed 's/.*/[36m&[0m/'
[36m<sensei>[0m
[36m  <analysis type="SliceExtract" operation="iso_surface"[0m
[36m    enable_partitioner="1" verbose="1" enabled="1">[0m
[36m[0m
[36m    <iso_values mesh_name="mesh" array_name="data"[0m
[36m       array_centering="cell">[0m
[36m       -0.25 1.25 3.25[0m
[36m    </iso_values>[0m
[36m[0m
[36m    <writer mode="paraview" output_dir="./isos_knl" />[0m
[36m  </analysis>[0m
[36m</sensei>[0m
+ cat ./configs/read_adios1_flexpath_iso_knl.xml
+ sed 's/.*/[36m&[0m/'
[36m<sensei>[0m
[36m  <transport type="adios1" filename="data_iso_knl.bp" method="FLEXPATH" enabled="1" />[0m
[36m</sensei>[0m
+ srun -N 2 -n 128 -r 121 SENSEIEndPoint -t ./configs/read_adios1_flexpath_iso_knl.xml -a ./configs/iso_extract_opt_knl.xml
+ sed 's/.*/[32m&[0m/'
[31mProfiler configured with Event logging enabled and memory logging enabled, timer log file "./logs_knl/25225831_osc_iso_knl_o1_t1_l2048_m8192_n128_2019_290_23_14.time", memory profiler log file "./logs_knl/25225831_osc_iso_knl_o1_t1_l2048_m8192_n128_2019_290_23_14.mem", sampling interval 0.5 seconds[0m
[31mSTATUS: [0][/usr/common/software/sensei/sensei/build/sensei-3.0.0/sensei/ConfigurableAnalysis.cxx:347][v2.1.1-164-gec2cc5a][0m
[31mSTATUS: Configured ADIOSAnalysisAdaptor filename="data_iso_knl.bp" method FLEXPATH max_buffer_size=0[0m
[31mTotal run time: 340.292 s[0m
[31mslurmstepd: error: _is_a_lwp: open() /proc/30713/status failed: No such file or directory[0m
[31mslurmstepd: error: _is_a_lwp: open() /proc/30720/status failed: No such file or directory[0m
[32mProfiler configured with Event logging enabled and memory logging enabled, timer log file "./logs_knl/25225831_aep_iso_knl_o1_t1_l2048_m8192_n128_2019_290_23_14.time", memory profiler log file "./logs_knl/25225831_aep_iso_knl_o1_t1_l2048_m8192_n128_2019_290_23_14.mem", sampling interval 0.5 seconds[0m
[32mSTATUS: [0][/usr/common/software/sensei/sensei/build/sensei-3.0.0/endpoints/SENSEIEndPoint.cpp:55][v2.1.1-164-gec2cc5a][0m
[32mSTATUS: Creating transport data adaptor. transport-xml="./configs/read_adios1_flexpath_iso_knl.xml"[0m
[32mSTATUS: [0][/usr/common/software/sensei/sensei/build/sensei-3.0.0/sensei/ConfigurableInTransitDataAdaptor.cxx:149][v2.1.1-164-gec2cc5a][0m
[32mSTATUS: Configured "ADIOS1DataAdaptor[0m
[32mSTATUS: [0][/usr/common/software/sensei/sensei/build/sensei-3.0.0/endpoints/SENSEIEndPoint.cpp:75][v2.1.1-164-gec2cc5a][0m
[32mSTATUS: Creating the analysis adaptor. analysis-xml="./configs/iso_extract_opt_knl.xml"[0m
[32mSTATUS: [0][/usr/common/software/sensei/sensei/build/sensei-3.0.0/sensei/ConfigurableAnalysis.cxx:1002][v2.1.1-164-gec2cc5a][0m
[32mSTATUS: Configured SliceExtract  writer.mode=paraview writer.outputDir=./isos_knl writer.writer=xml operation=iso_surface mesh_name=mesh array_name=data array_centering=cell iso_values={-0.25, 1.25, 3.25} enable_partitioner=1 verbose=1[0m
[32mSTATUS: [0][/usr/common/software/sensei/sensei/build/sensei-3.0.0/endpoints/SENSEIEndPoint.cpp:94][v2.1.1-164-gec2cc5a][0m
[32mSTATUS: Processing time step 0 time 0[0m
[32mSTATUS: [0][/usr/common/software/sensei/sensei/build/sensei-3.0.0/sensei/IsoSurfacePartitioner.cxx:172][v2.1.1-164-gec2cc5a][0m
[32mSTATUS: IsoSurfacePartitioner: NumBlocks=8192 NumActiveBlocks=0 numCellsMoved=0 numCellsLeft=9137356800 movedFraction=0[0m
[32mSTATUS: [0][/usr/common/software/sensei/sensei/build/sensei-3.0.0/endpoints/SENSEIEndPoint.cpp:94][v2.1.1-164-gec2cc5a][0m
[32mSTATUS: Processing time step 1 time 1[0m
[32mSTATUS: [0][/usr/common/software/sensei/sensei/build/sensei-3.0.0/sensei/IsoSurfacePartitioner.cxx:172][v2.1.1-164-gec2cc5a][0m
[32mSTATUS: IsoSurfacePartitioner: NumBlocks=8192 NumActiveBlocks=1984 numCellsMoved=2212953600 numCellsLeft=6924403200 movedFraction=0.242188[0m
[32mSTATUS: [0][/usr/common/software/sensei/sensei/build/sensei-3.0.0/endpoints/SENSEIEndPoint.cpp:94][v2.1.1-164-gec2cc5a][0m
[32mSTATUS: Processing time step 2 time 2[0m
[32mSTATUS: [0][/usr/common/software/sensei/sensei/build/sensei-3.0.0/sensei/IsoSurfacePartitioner.cxx:172][v2.1.1-164-gec2cc5a][0m
[32mSTATUS: IsoSurfacePartitioner: NumBlocks=8192 NumActiveBlocks=2026 numCellsMoved=2259800400 numCellsLeft=6877556400 movedFraction=0.247314[0m
[32mSTATUS: [0][/usr/common/software/sensei/sensei/build/sensei-3.0.0/endpoints/SENSEIEndPoint.cpp:94][v2.1.1-164-gec2cc5a][0m
[32mSTATUS: Processing time step 3 time 3[0m
[32mSTATUS: [0][/usr/common/software/sensei/sensei/build/sensei-3.0.0/sensei/IsoSurfacePartitioner.cxx:172][v2.1.1-164-gec2cc5a][0m
[32mSTATUS: IsoSurfacePartitioner: NumBlocks=8192 NumActiveBlocks=2027 numCellsMoved=2260915800 numCellsLeft=6876441000 movedFraction=0.247437[0m
[32mSTATUS: [0][/usr/common/software/sensei/sensei/build/sensei-3.0.0/endpoints/SENSEIEndPoint.cpp:94][v2.1.1-164-gec2cc5a][0m
[32mSTATUS: Processing time step 4 time 4[0m
[32mSTATUS: [0][/usr/common/software/sensei/sensei/build/sensei-3.0.0/sensei/IsoSurfacePartitioner.cxx:172][v2.1.1-164-gec2cc5a][0m
[32mSTATUS: IsoSurfacePartitioner: NumBlocks=8192 NumActiveBlocks=2024 numCellsMoved=2257569600 numCellsLeft=6879787200 movedFraction=0.24707[0m
[32mSTATUS: [0][/usr/common/software/sensei/sensei/build/sensei-3.0.0/endpoints/SENSEIEndPoint.cpp:94][v2.1.1-164-gec2cc5a][0m
[32mSTATUS: Processing time step 5 time 5[0m
[32mSTATUS: [0][/usr/common/software/sensei/sensei/build/sensei-3.0.0/sensei/IsoSurfacePartitioner.cxx:172][v2.1.1-164-gec2cc5a][0m
[32mSTATUS: IsoSurfacePartitioner: NumBlocks=8192 NumActiveBlocks=2049 numCellsMoved=2285454600 numCellsLeft=6851902200 movedFraction=0.250122[0m
[32mSTATUS: [0][/usr/common/software/sensei/sensei/build/sensei-3.0.0/endpoints/SENSEIEndPoint.cpp:94][v2.1.1-164-gec2cc5a][0m
[32mSTATUS: Processing time step 6 time 6[0m
[32mSTATUS: [0][/usr/common/software/sensei/sensei/build/sensei-3.0.0/sensei/IsoSurfacePartitioner.cxx:172][v2.1.1-164-gec2cc5a][0m
[32mSTATUS: IsoSurfacePartitioner: NumBlocks=8192 NumActiveBlocks=2139 numCellsMoved=2385840600 numCellsLeft=6751516200 movedFraction=0.261108[0m
[32mSTATUS: [0][/usr/common/software/sensei/sensei/build/sensei-3.0.0/endpoints/SENSEIEndPoint.cpp:94][v2.1.1-164-gec2cc5a][0m
[32mSTATUS: Processing time step 7 time 7[0m
[32mSTATUS: [0][/usr/common/software/sensei/sensei/build/sensei-3.0.0/sensei/IsoSurfacePartitioner.cxx:172][v2.1.1-164-gec2cc5a][0m
[32mSTATUS: IsoSurfacePartitioner: NumBlocks=8192 NumActiveBlocks=2020 numCellsMoved=2253108000 numCellsLeft=6884248800 movedFraction=0.246582[0m
[32mSTATUS: [0][/usr/common/software/sensei/sensei/build/sensei-3.0.0/endpoints/SENSEIEndPoint.cpp:94][v2.1.1-164-gec2cc5a][0m
[32mSTATUS: Processing time step 8 time 8[0m
[32mSTATUS: [0][/usr/common/software/sensei/sensei/build/sensei-3.0.0/sensei/IsoSurfacePartitioner.cxx:172][v2.1.1-164-gec2cc5a][0m
[32mSTATUS: IsoSurfacePartitioner: NumBlocks=8192 NumActiveBlocks=2185 numCellsMoved=2437149000 numCellsLeft=6700207800 movedFraction=0.266724[0m
[32mSTATUS: [0][/usr/common/software/sensei/sensei/build/sensei-3.0.0/endpoints/SENSEIEndPoint.cpp:94][v2.1.1-164-gec2cc5a][0m
[32mSTATUS: Processing time step 9 time 9[0m
[32mSTATUS: [0][/usr/common/software/sensei/sensei/build/sensei-3.0.0/sensei/IsoSurfacePartitioner.cxx:172][v2.1.1-164-gec2cc5a][0m
[32mSTATUS: IsoSurfacePartitioner: NumBlocks=8192 NumActiveBlocks=2192 numCellsMoved=2444956800 numCellsLeft=6692400000 movedFraction=0.267578[0m
[32mSTATUS: [0][/usr/common/software/sensei/sensei/build/sensei-3.0.0/endpoints/SENSEIEndPoint.cpp:109][v2.1.1-164-gec2cc5a][0m
[32mSTATUS: Finished processing 10 time steps[0m
+ echo =============================================
=============================================
+ echo '#############################################'
#############################################
+ echo =============================================
=============================================
+ echo 'BlockPartitioner                             '
BlockPartitioner                             
+ echo =============================================
=============================================
+ O=0
+ T=1
+ L=2048
+ M=8192
+ N=128
+ PROFILER_ENABLE=3
+ ./in_transit_iso_knl.sh
O=0 T=1 L=2048 M=8192 N=128 RM=121 RN=2 S=./configs/iso_extract_knl.xml D=2019_290_23_20
rm: cannot remove './isos_knl/': Is a directory
rm: cannot remove 'data_iso_knl.bp*': No such file or directory
+ echo PROFILER_ENABLE=3
PROFILER_ENABLE=3
+ export MEMPROF_INTERVAL=0.5
+ MEMPROF_INTERVAL=0.5
+ export PROFILER_LOG_FILE=./logs_knl/25225831_osc_iso_knl_o0_t1_l2048_m8192_n128_2019_290_23_20.time
+ PROFILER_LOG_FILE=./logs_knl/25225831_osc_iso_knl_o0_t1_l2048_m8192_n128_2019_290_23_20.time
+ export MEMPROF_LOG_FILE=./logs_knl/25225831_osc_iso_knl_o0_t1_l2048_m8192_n128_2019_290_23_20.mem
+ MEMPROF_LOG_FILE=./logs_knl/25225831_osc_iso_knl_o0_t1_l2048_m8192_n128_2019_290_23_20.mem
+ cat ./configs/write_adios1_flexpath_iso_knl.xml
+ sed 's/.*/[36m&[0m/'
[36m<sensei>[0m
[36m  <analysis type="adios1" filename="data_iso_knl.bp" method="FLEXPATH" enabled="1" >[0m
[36m    <mesh name="mesh">[0m
[36m        <cell_arrays> data </cell_arrays>[0m
[36m    </mesh>[0m
[36m  </analysis>[0m
[36m</sensei>[0m
+ srun -N 121 -n 8192 -r 0 oscillator -t 1 -s 2048,2048,2048 -e 0,1,0,1,0,1 -b 8192 -f ./configs/write_adios1_flexpath_iso_knl.xml -g 1 -p 0 ./inputs/conf.osc
+ sed 's/.*/[31m&[0m/'
+ delay=300
+ set +x
......................................................found at 54s
+ export PROFILER_LOG_FILE=./logs_knl/25225831_aep_iso_knl_o0_t1_l2048_m8192_n128_2019_290_23_20.time
+ PROFILER_LOG_FILE=./logs_knl/25225831_aep_iso_knl_o0_t1_l2048_m8192_n128_2019_290_23_20.time
+ export MEMPROF_LOG_FILE=./logs_knl/25225831_aep_iso_knl_o0_t1_l2048_m8192_n128_2019_290_23_20.mem
+ MEMPROF_LOG_FILE=./logs_knl/25225831_aep_iso_knl_o0_t1_l2048_m8192_n128_2019_290_23_20.mem
+ cat ./configs/iso_extract_knl.xml
+ sed 's/.*/[36m&[0m/'
[36m<sensei>[0m
[36m  <analysis type="SliceExtract" operation="iso_surface"[0m
[36m    enable_partitioner="0" verbose="1" enabled="1">[0m
[36m[0m
[36m    <iso_values mesh_name="mesh" array_name="data"[0m
[36m       array_centering="cell">[0m
[36m       -0.25 1.25 3.25[0m
[36m    </iso_values>[0m
[36m[0m
[36m    <writer mode="paraview" output_dir="./isos_knl" />[0m
[36m  </analysis>[0m
[36m</sensei>[0m
+ cat ./configs/read_adios1_flexpath_iso_knl.xml
+ sed 's/.*/[36m&[0m/'
[36m<sensei>[0m
[36m  <transport type="adios1" filename="data_iso_knl.bp" method="FLEXPATH" enabled="1" />[0m
[36m</sensei>[0m
+ srun -N 2 -n 128 -r 121 SENSEIEndPoint -t ./configs/read_adios1_flexpath_iso_knl.xml -a ./configs/iso_extract_knl.xml
+ sed 's/.*/[32m&[0m/'
[32mProfiler configured with Event logging enabled and memory logging enabled, timer log file "./logs_knl/25225831_aep_iso_knl_o0_t1_l2048_m8192_n128_2019_290_23_20.time", memory profiler log file "./logs_knl/25225831_aep_iso_knl_o0_t1_l2048_m8192_n128_2019_290_23_20.mem", sampling interval 0.5 seconds[0m
[32mSTATUS: [0][/usr/common/software/sensei/sensei/build/sensei-3.0.0/endpoints/SENSEIEndPoint.cpp:55][v2.1.1-164-gec2cc5a][0m
[32mSTATUS: Creating transport data adaptor. transport-xml="./configs/read_adios1_flexpath_iso_knl.xml"[0m
[32mSTATUS: [0][/usr/common/software/sensei/sensei/build/sensei-3.0.0/sensei/ConfigurableInTransitDataAdaptor.cxx:149][v2.1.1-164-gec2cc5a][0m
[32mSTATUS: Configured "ADIOS1DataAdaptor[0m
[32mSTATUS: [0][/usr/common/software/sensei/sensei/build/sensei-3.0.0/endpoints/SENSEIEndPoint.cpp:75][v2.1.1-164-gec2cc5a][0m
[32mSTATUS: Creating the analysis adaptor. analysis-xml="./configs/iso_extract_knl.xml"[0m
[32mSTATUS: [0][/usr/common/software/sensei/sensei/build/sensei-3.0.0/sensei/ConfigurableAnalysis.cxx:1002][v2.1.1-164-gec2cc5a][0m
[32mSTATUS: Configured SliceExtract  writer.mode=paraview writer.outputDir=./isos_knl writer.writer=xml operation=iso_surface mesh_name=mesh array_name=data array_centering=cell iso_values={-0.25, 1.25, 3.25} enable_partitioner=0 verbose=1[0m
[32mSTATUS: [0][/usr/common/software/sensei/sensei/build/sensei-3.0.0/endpoints/SENSEIEndPoint.cpp:94][v2.1.1-164-gec2cc5a][0m
[32mSTATUS: Processing time step 0 time 0[0m
[32mSTATUS: [0][/usr/common/software/sensei/sensei/build/sensei-3.0.0/endpoints/SENSEIEndPoint.cpp:94][v2.1.1-164-gec2cc5a][0m
[32mSTATUS: Processing time step 1 time 1[0m
[32mSTATUS: [0][/usr/common/software/sensei/sensei/build/sensei-3.0.0/endpoints/SENSEIEndPoint.cpp:94][v2.1.1-164-gec2cc5a][0m
[32mSTATUS: Processing time step 2 time 2[0m
[32mSTATUS: [0][/usr/common/software/sensei/sensei/build/sensei-3.0.0/endpoints/SENSEIEndPoint.cpp:94][v2.1.1-164-gec2cc5a][0m
[32mSTATUS: Processing time step 3 time 3[0m
[32mSTATUS: [0][/usr/common/software/sensei/sensei/build/sensei-3.0.0/endpoints/SENSEIEndPoint.cpp:94][v2.1.1-164-gec2cc5a][0m
[32mSTATUS: Processing time step 4 time 4[0m
[32mSTATUS: [0][/usr/common/software/sensei/sensei/build/sensei-3.0.0/endpoints/SENSEIEndPoint.cpp:94][v2.1.1-164-gec2cc5a][0m
[32mSTATUS: Processing time step 5 time 5[0m
[32mSTATUS: [0][/usr/common/software/sensei/sensei/build/sensei-3.0.0/endpoints/SENSEIEndPoint.cpp:94][v2.1.1-164-gec2cc5a][0m
[32mSTATUS: Processing time step 6 time 6[0m
[32mSTATUS: [0][/usr/common/software/sensei/sensei/build/sensei-3.0.0/endpoints/SENSEIEndPoint.cpp:94][v2.1.1-164-gec2cc5a][0m
[32mSTATUS: Processing time step 7 time 7[0m
[32mSTATUS: [0][/usr/common/software/sensei/sensei/build/sensei-3.0.0/endpoints/SENSEIEndPoint.cpp:94][v2.1.1-164-gec2cc5a][0m
[32mSTATUS: Processing time step 8 time 8[0m
[32mSTATUS: [0][/usr/common/software/sensei/sensei/build/sensei-3.0.0/endpoints/SENSEIEndPoint.cpp:94][v2.1.1-164-gec2cc5a][0m
[32mSTATUS: Processing time step 9 time 9[0m
[32mSTATUS: [0][/usr/common/software/sensei/sensei/build/sensei-3.0.0/endpoints/SENSEIEndPoint.cpp:109][v2.1.1-164-gec2cc5a][0m
[32mSTATUS: Finished processing 10 time steps[0m
+ echo =============================================
=============================================
