+ echo =============================================
=============================================
+ echo 'PlanarSlicePartitioner                       '
PlanarSlicePartitioner                       
+ echo =============================================
=============================================
+ O=1
+ T=1
+ L=2048
+ M=8192
+ N=128
+ PROFILER_ENABLE=3
+ ./in_transit_slice_knl.sh
O=1 T=1 L=2048 M=8192 N=128 RM= RN=2 S=./configs/slice_extract_opt_knl.xml D=2019_290_23_14
rm: cannot remove 'data_slice_knl.bp*': No such file or directory
+ echo PROFILER_ENABLE=3
PROFILER_ENABLE=3
+ export MEMPROF_INTERVAL=0.5
+ MEMPROF_INTERVAL=0.5
+ export PROFILER_LOG_FILE=./logs_knl/25225832_osc_slice_knl_o1_t1_l2048_m8192_n128_2019_290_23_14.time
+ PROFILER_LOG_FILE=./logs_knl/25225832_osc_slice_knl_o1_t1_l2048_m8192_n128_2019_290_23_14.time
+ export MEMPROF_LOG_FILE=./logs_knl/25225832_osc_slice_knl_o1_t1_l2048_m8192_n128_2019_290_23_14.mem
+ MEMPROF_LOG_FILE=./logs_knl/25225832_osc_slice_knl_o1_t1_l2048_m8192_n128_2019_290_23_14.mem
+ cat ./configs/write_adios1_flexpath_slice_knl.xml
+ sed 's/.*/[36m&[0m/'
[36m<sensei>[0m
[36m  <analysis type="adios1" filename="data_slice_knl.bp" method="FLEXPATH" enabled="1" >[0m
[36m    <mesh name="mesh">[0m
[36m        <cell_arrays> data </cell_arrays>[0m
[36m    </mesh>[0m
[36m  </analysis>[0m
[36m</sensei>[0m
+ srun -N 121 -n 8192 -r 0 oscillator -t 1 -s 2048,2048,2048 -e 0,1,0,1,0,1 -b 8192 -f ./configs/write_adios1_flexpath_slice_knl.xml -g 1 -p 0 ./inputs/conf.osc
+ sed 's/.*/[31m&[0m/'
+ delay=300
+ set +x
........................................found at 40s
+ export PROFILER_LOG_FILE=./logs_knl/25225832_aep_slice_knl_o1_t1_l2048_m8192_n128_2019_290_23_14.time
+ PROFILER_LOG_FILE=./logs_knl/25225832_aep_slice_knl_o1_t1_l2048_m8192_n128_2019_290_23_14.time
+ export MEMPROF_LOG_FILE=./logs_knl/25225832_aep_slice_knl_o1_t1_l2048_m8192_n128_2019_290_23_14.mem
+ MEMPROF_LOG_FILE=./logs_knl/25225832_aep_slice_knl_o1_t1_l2048_m8192_n128_2019_290_23_14.mem
+ cat ./configs/slice_extract_opt_knl.xml
+ sed 's/.*/[36m&[0m/'
[36m<sensei>[0m
[36m  <analysis type="SliceExtract" operation="planar_slice"[0m
[36m    enable_partitioner="1"  verbose="1" enabled="1">[0m
[36m    <mesh name="mesh">[0m
[36m      <cell_arrays> data </cell_arrays>[0m
[36m    </mesh>[0m
[36m    <point> 0.5 0.5 0.5 </point>[0m
[36m    <normal> 0.8 -0.5 0.3 </normal>[0m
[36m    <writer mode="paraview" output_dir="./slices_knl" />[0m
[36m  </analysis>[0m
[36m</sensei>[0m
+ cat ./configs/read_adios1_flexpath_slice_knl.xml
+ sed 's/.*/[36m&[0m/'
[36m<sensei>[0m
[36m  <transport type="adios1" filename="data_slice_knl.bp" method="FLEXPATH" enabled="1" />[0m
[36m</sensei>[0m
[36m[0m
+ srun -N 2 -n 128 -r 121 SENSEIEndPoint -t ./configs/read_adios1_flexpath_slice_knl.xml -a ./configs/slice_extract_opt_knl.xml
+ sed 's/.*/[32m&[0m/'
[32mProfiler configured with Event logging enabled and memory logging enabled, timer log file "./logs_knl/25225832_aep_slice_knl_o1_t1_l2048_m8192_n128_2019_290_23_14.time", memory profiler log file "./logs_knl/25225832_aep_slice_knl_o1_t1_l2048_m8192_n128_2019_290_23_14.mem", sampling interval 0.5 seconds[0m
[32mSTATUS: [0][/usr/common/software/sensei/sensei/build/sensei-3.0.0/endpoints/SENSEIEndPoint.cpp:55][v2.1.1-164-gec2cc5a][0m
[32mSTATUS: Creating transport data adaptor. transport-xml="./configs/read_adios1_flexpath_slice_knl.xml"[0m
[32mSTATUS: [0][/usr/common/software/sensei/sensei/build/sensei-3.0.0/sensei/ConfigurableInTransitDataAdaptor.cxx:149][v2.1.1-164-gec2cc5a][0m
[32mSTATUS: Configured "ADIOS1DataAdaptor[0m
[32mSTATUS: [0][/usr/common/software/sensei/sensei/build/sensei-3.0.0/endpoints/SENSEIEndPoint.cpp:75][v2.1.1-164-gec2cc5a][0m
[32mSTATUS: Creating the analysis adaptor. analysis-xml="./configs/slice_extract_opt_knl.xml"[0m
[32mSTATUS: [0][/usr/common/software/sensei/sensei/build/sensei-3.0.0/sensei/ConfigurableAnalysis.cxx:1002][v2.1.1-164-gec2cc5a][0m
[32mSTATUS: Configured SliceExtract  writer.mode=paraview writer.outputDir=./slices_knl writer.writer=xml operation=planar_slice point={0.5, 0.5, 0.5} normal={0.8, -0.5, 0.3} enable_partitioner=1 verbose=1[0m
[32mSTATUS: [0][/usr/common/software/sensei/sensei/build/sensei-3.0.0/endpoints/SENSEIEndPoint.cpp:94][v2.1.1-164-gec2cc5a][0m
[32mSTATUS: Processing time step 0 time 0[0m
[32mSTATUS: [0][/usr/common/software/sensei/sensei/build/sensei-3.0.0/sensei/PlanarSlicePartitioner.cxx:162][v2.1.1-164-gec2cc5a][0m
[32mSTATUS: PlanarSlicePartitioner: NumBlocks=8192 NumActiveBlocks=830 numCellsMoved=925782000 numCellsLeft=8211574800 movedFraction=0.101318[0m
[32mSTATUS: [0][/usr/common/software/sensei/sensei/build/sensei-3.0.0/endpoints/SENSEIEndPoint.cpp:94][v2.1.1-164-gec2cc5a][0m
[32mSTATUS: Processing time step 1 time 1[0m
[32mSTATUS: [0][/usr/common/software/sensei/sensei/build/sensei-3.0.0/endpoints/SENSEIEndPoint.cpp:94][v2.1.1-164-gec2cc5a][0m
[32mSTATUS: Processing time step 2 time 2[0m
[32mSTATUS: [0][/usr/common/software/sensei/sensei/build/sensei-3.0.0/endpoints/SENSEIEndPoint.cpp:94][v2.1.1-164-gec2cc5a][0m
[32mSTATUS: Processing time step 3 time 3[0m
[32mSTATUS: [0][/usr/common/software/sensei/sensei/build/sensei-3.0.0/endpoints/SENSEIEndPoint.cpp:94][v2.1.1-164-gec2cc5a][0m
[32mSTATUS: Processing time step 4 time 4[0m
[32mSTATUS: [0][/usr/common/software/sensei/sensei/build/sensei-3.0.0/endpoints/SENSEIEndPoint.cpp:94][v2.1.1-164-gec2cc5a][0m
[32mSTATUS: Processing time step 5 time 5[0m
[32mSTATUS: [0][/usr/common/software/sensei/sensei/build/sensei-3.0.0/endpoints/SENSEIEndPoint.cpp:94][v2.1.1-164-gec2cc5a][0m
[32mSTATUS: Processing time step 6 time 6[0m
[32mSTATUS: [0][/usr/common/software/sensei/sensei/build/sensei-3.0.0/endpoints/SENSEIEndPoint.cpp:94][v2.1.1-164-gec2cc5a][0m
[32mSTATUS: Processing time step 7 time 7[0m
[32mSTATUS: [0][/usr/common/software/sensei/sensei/build/sensei-3.0.0/endpoints/SENSEIEndPoint.cpp:94][v2.1.1-164-gec2cc5a][0m
[32mSTATUS: Processing time step 8 time 8[0m
[32mSTATUS: [0][/usr/common/software/sensei/sensei/build/sensei-3.0.0/endpoints/SENSEIEndPoint.cpp:94][v2.1.1-164-gec2cc5a][0m
[32mSTATUS: Processing time step 9 time 9[0m
[32mSTATUS: [0][/usr/common/software/sensei/sensei/build/sensei-3.0.0/endpoints/SENSEIEndPoint.cpp:109][v2.1.1-164-gec2cc5a][0m
[32mSTATUS: Finished processing 10 time steps[0m
+ echo =============================================
=============================================
+ echo '#############################################'
#############################################
+ echo =============================================
=============================================
+ echo 'BlockPartitioner                             '
BlockPartitioner                             
+ echo =============================================
=============================================
+ O=0
+ T=1
+ L=2048
+ M=8192
+ N=128
+ PROFILER_ENABLE=3
+ ./in_transit_slice_knl.sh
O=0 T=1 L=2048 M=8192 N=128 RM= RN=2 S=./configs/slice_extract_knl.xml D=2019_290_23_19
rm: cannot remove 'data_slice_knl.bp*': No such file or directory
[31mProfiler configured with Event logging enabled and memory logging enabled, timer log file "./logs_knl/25225832_osc_slice_knl_o1_t1_l2048_m8192_n128_2019_290_23_14.time", memory profiler log file "./logs_knl/25225832_osc_slice_knl_o1_t1_l2048_m8192_n128_2019_290_23_14.mem", sampling interval 0.5 seconds[0m
[31mSTATUS: [0][/usr/common/software/sensei/sensei/build/sensei-3.0.0/sensei/ConfigurableAnalysis.cxx:347][v2.1.1-164-gec2cc5a][0m
[31mSTATUS: Configured ADIOSAnalysisAdaptor filename="data_slice_knl.bp" method FLEXPATH max_buffer_size=0[0m
[31mTotal run time: 281.394 s[0m
+ echo PROFILER_ENABLE=3
PROFILER_ENABLE=3
+ export MEMPROF_INTERVAL=0.5
+ MEMPROF_INTERVAL=0.5
+ export PROFILER_LOG_FILE=./logs_knl/25225832_osc_slice_knl_o0_t1_l2048_m8192_n128_2019_290_23_19.time
+ PROFILER_LOG_FILE=./logs_knl/25225832_osc_slice_knl_o0_t1_l2048_m8192_n128_2019_290_23_19.time
+ export MEMPROF_LOG_FILE=./logs_knl/25225832_osc_slice_knl_o0_t1_l2048_m8192_n128_2019_290_23_19.mem
+ MEMPROF_LOG_FILE=./logs_knl/25225832_osc_slice_knl_o0_t1_l2048_m8192_n128_2019_290_23_19.mem
+ cat ./configs/write_adios1_flexpath_slice_knl.xml
+ sed 's/.*/[36m&[0m/'
[36m<sensei>[0m
[36m  <analysis type="adios1" filename="data_slice_knl.bp" method="FLEXPATH" enabled="1" >[0m
[36m    <mesh name="mesh">[0m
[36m        <cell_arrays> data </cell_arrays>[0m
[36m    </mesh>[0m
[36m  </analysis>[0m
[36m</sensei>[0m
+ srun -N 121 -n 8192 -r 0 oscillator -t 1 -s 2048,2048,2048 -e 0,1,0,1,0,1 -b 8192 -f ./configs/write_adios1_flexpath_slice_knl.xml -g 1 -p 0 ./inputs/conf.osc
+ sed 's/.*/[31m&[0m/'
+ delay=300
+ set +x
...................................................found at 51s
+ export PROFILER_LOG_FILE=./logs_knl/25225832_aep_slice_knl_o0_t1_l2048_m8192_n128_2019_290_23_19.time
+ PROFILER_LOG_FILE=./logs_knl/25225832_aep_slice_knl_o0_t1_l2048_m8192_n128_2019_290_23_19.time
+ export MEMPROF_LOG_FILE=./logs_knl/25225832_aep_slice_knl_o0_t1_l2048_m8192_n128_2019_290_23_19.mem
+ MEMPROF_LOG_FILE=./logs_knl/25225832_aep_slice_knl_o0_t1_l2048_m8192_n128_2019_290_23_19.mem
+ cat ./configs/slice_extract_knl.xml
+ sed 's/.*/[36m&[0m/'
[36m<sensei>[0m
[36m  <analysis type="SliceExtract" operation="planar_slice"[0m
[36m    enable_partitioner="0"  verbose="1" enabled="1">[0m
[36m    <mesh name="mesh">[0m
[36m      <cell_arrays> data </cell_arrays>[0m
[36m    </mesh>[0m
[36m    <point> 0.5 0.5 0.5 </point>[0m
[36m    <normal> 0.8 -0.5 0.3 </normal>[0m
[36m    <writer mode="paraview" output_dir="./slices_knl" />[0m
[36m  </analysis>[0m
[36m</sensei>[0m
+ cat ./configs/read_adios1_flexpath_slice_knl.xml
+ sed 's/.*/[36m&[0m/'
[36m<sensei>[0m
[36m  <transport type="adios1" filename="data_slice_knl.bp" method="FLEXPATH" enabled="1" />[0m
[36m</sensei>[0m
[36m[0m
+ srun -N 2 -n 128 -r 121 SENSEIEndPoint -t ./configs/read_adios1_flexpath_slice_knl.xml -a ./configs/slice_extract_knl.xml
+ sed 's/.*/[32m&[0m/'
[32mProfiler configured with Event logging enabled and memory logging enabled, timer log file "./logs_knl/25225832_aep_slice_knl_o0_t1_l2048_m8192_n128_2019_290_23_19.time", memory profiler log file "./logs_knl/25225832_aep_slice_knl_o0_t1_l2048_m8192_n128_2019_290_23_19.mem", sampling interval 0.5 seconds[0m
[32mSTATUS: [0][/usr/common/software/sensei/sensei/build/sensei-3.0.0/endpoints/SENSEIEndPoint.cpp:55][v2.1.1-164-gec2cc5a][0m
[32mSTATUS: Creating transport data adaptor. transport-xml="./configs/read_adios1_flexpath_slice_knl.xml"[0m
[32mSTATUS: [0][/usr/common/software/sensei/sensei/build/sensei-3.0.0/sensei/ConfigurableInTransitDataAdaptor.cxx:149][v2.1.1-164-gec2cc5a][0m
[32mSTATUS: Configured "ADIOS1DataAdaptor[0m
[32mSTATUS: [0][/usr/common/software/sensei/sensei/build/sensei-3.0.0/endpoints/SENSEIEndPoint.cpp:75][v2.1.1-164-gec2cc5a][0m
[32mSTATUS: Creating the analysis adaptor. analysis-xml="./configs/slice_extract_knl.xml"[0m
[32mSTATUS: [0][/usr/common/software/sensei/sensei/build/sensei-3.0.0/sensei/ConfigurableAnalysis.cxx:1002][v2.1.1-164-gec2cc5a][0m
[32mSTATUS: Configured SliceExtract  writer.mode=paraview writer.outputDir=./slices_knl writer.writer=xml operation=planar_slice point={0.5, 0.5, 0.5} normal={0.8, -0.5, 0.3} enable_partitioner=0 verbose=1[0m
[32mSTATUS: [0][/usr/common/software/sensei/sensei/build/sensei-3.0.0/endpoints/SENSEIEndPoint.cpp:94][v2.1.1-164-gec2cc5a][0m
[32mSTATUS: Processing time step 0 time 0[0m
[32mSTATUS: [0][/usr/common/software/sensei/sensei/build/sensei-3.0.0/endpoints/SENSEIEndPoint.cpp:94][v2.1.1-164-gec2cc5a][0m
[32mSTATUS: Processing time step 1 time 1[0m
[32mSTATUS: [0][/usr/common/software/sensei/sensei/build/sensei-3.0.0/endpoints/SENSEIEndPoint.cpp:94][v2.1.1-164-gec2cc5a][0m
[32mSTATUS: Processing time step 2 time 2[0m
[32mSTATUS: [0][/usr/common/software/sensei/sensei/build/sensei-3.0.0/endpoints/SENSEIEndPoint.cpp:94][v2.1.1-164-gec2cc5a][0m
[32mSTATUS: Processing time step 3 time 3[0m
[32mSTATUS: [0][/usr/common/software/sensei/sensei/build/sensei-3.0.0/endpoints/SENSEIEndPoint.cpp:94][v2.1.1-164-gec2cc5a][0m
[32mSTATUS: Processing time step 4 time 4[0m
[32mSTATUS: [0][/usr/common/software/sensei/sensei/build/sensei-3.0.0/endpoints/SENSEIEndPoint.cpp:94][v2.1.1-164-gec2cc5a][0m
[32mSTATUS: Processing time step 5 time 5[0m
[32mSTATUS: [0][/usr/common/software/sensei/sensei/build/sensei-3.0.0/endpoints/SENSEIEndPoint.cpp:94][v2.1.1-164-gec2cc5a][0m
[32mSTATUS: Processing time step 6 time 6[0m
[32mSTATUS: [0][/usr/common/software/sensei/sensei/build/sensei-3.0.0/endpoints/SENSEIEndPoint.cpp:94][v2.1.1-164-gec2cc5a][0m
[32mSTATUS: Processing time step 7 time 7[0m
[32mSTATUS: [0][/usr/common/software/sensei/sensei/build/sensei-3.0.0/endpoints/SENSEIEndPoint.cpp:94][v2.1.1-164-gec2cc5a][0m
[32mSTATUS: Processing time step 8 time 8[0m
[32mSTATUS: [0][/usr/common/software/sensei/sensei/build/sensei-3.0.0/endpoints/SENSEIEndPoint.cpp:94][v2.1.1-164-gec2cc5a][0m
[32mSTATUS: Processing time step 9 time 9[0m
[32mSTATUS: [0][/usr/common/software/sensei/sensei/build/sensei-3.0.0/endpoints/SENSEIEndPoint.cpp:109][v2.1.1-164-gec2cc5a][0m
[32mSTATUS: Finished processing 10 time steps[0m
+ echo =============================================
=============================================
