+ echo =============================================
=============================================
+ echo 'PlanarSlicePartitioner                       '
PlanarSlicePartitioner                       
+ echo =============================================
=============================================
+ O=1
+ T=1
+ L=4096
+ M=8192
+ N=8192
+ ./in_transit_slice_has.sh
O=1 T=1 L=4096 M=8192 N=8192 RM= RN=257 S=./configs/slice_extract_opt_has.xml D=2019_199_00_15
rm: cannot remove 'data_slice_has.bp*': No such file or directory
sensei/3.0.0-vtk-shared(3):ERROR:150: Module 'sensei/3.0.0-vtk-shared' conflicts with the currently loaded module(s) 'sensei/sVTK/8.1.1'
sensei/3.0.0-vtk-shared(3):ERROR:102: Tcl command execution failed: conflict sensei

+ export TIMER_ENABLE=1
+ TIMER_ENABLE=1
+ export MEMPROF_INTERVAL=0.5
+ MEMPROF_INTERVAL=0.5
+ export TIMER_LOG_FILE=./logs_has/23137580_osc_slice_has_o1_t1_l4096_m8192_n8192_2019_199_00_15.time
+ TIMER_LOG_FILE=./logs_has/23137580_osc_slice_has_o1_t1_l4096_m8192_n8192_2019_199_00_15.time
+ export MEMPROF_LOG_FILE=./logs_has/23137580_osc_slice_has_o1_t1_l4096_m8192_n8192_2019_199_00_15.mem
+ MEMPROF_LOG_FILE=./logs_has/23137580_osc_slice_has_o1_t1_l4096_m8192_n8192_2019_199_00_15.mem
+ cat ./configs/write_adios1_flexpath_slice_has.xml
+ sed 's/.*/[36m&[0m/'
[36m<sensei>[0m
[36m  <analysis type="adios1" filename="data_slice_has.bp" method="FLEXPATH" enabled="1" >[0m
[36m    <mesh name="mesh">[0m
[36m        <cell_arrays> data </cell_arrays>[0m
[36m    </mesh>[0m
[36m  </analysis>[0m
[36m</sensei>[0m
+ srun -N 257 -n 8192 -r 0 oscillator -t 1 -s 4096,4096,4096 -e 0,1,0,1,0,1 -b 8192 -f ./configs/write_adios1_flexpath_slice_has.xml -g 1 -p 0 ./inputs/conf.osc
+ delay=300
+ set +x
+ sed 's/.*/[31m&[0m/'
..............................................................found at 62s
+ export TIMER_LOG_FILE=./logs_has/23137580_aep_slice_has_o1_t1_l4096_m8192_n8192_2019_199_00_15.time
+ TIMER_LOG_FILE=./logs_has/23137580_aep_slice_has_o1_t1_l4096_m8192_n8192_2019_199_00_15.time
+ export MEMPROF_LOG_FILE=./logs_has/23137580_aep_slice_has_o1_t1_l4096_m8192_n8192_2019_199_00_15.mem
+ MEMPROF_LOG_FILE=./logs_has/23137580_aep_slice_has_o1_t1_l4096_m8192_n8192_2019_199_00_15.mem
+ cat ./configs/slice_extract_opt_has.xml
+ sed 's/.*/[36m&[0m/'
[36m<sensei>[0m
[36m  <analysis type="SliceExtract" operation="planar_slice"[0m
[36m    enable_partitioner="1"  verbose="1" enabled="1">[0m
[36m    <mesh name="mesh">[0m
[36m      <cell_arrays> data </cell_arrays>[0m
[36m    </mesh>[0m
[36m    <point> 0.5 0.5 0.5 </point>[0m
[36m    <normal> 0.8 -0.5 0.3 </normal>[0m
[36m    <writer mode="paraview" output_dir="./slices_has" />[0m
[36m  </analysis>[0m
[36m</sensei>[0m
+ srun -N 257 -n 8192 -r 257 ADIOS1EndPoint -r FLEXPATH -f ./configs/slice_extract_opt_has.xml data_slice_has.bp
+ sed 's/.*/[32m&[0m/'
[31mTimer configured with logging enabled, summarize events off, summary modulus 100000000, [0m
[31mtimer log file "./logs_has/23137580_osc_slice_has_o1_t1_l4096_m8192_n8192_2019_199_00_15.time", memory profiler log file "./logs_has/23137580_osc_slice_has_o1_t1_l4096_m8192_n8192_2019_199_00_15.mem", sampling interval 0.5 seconds[0m
[31mSTATUS: [0][/usr/common/software/sensei/sensei/build/sensei-3.0.0/sensei/ConfigurableAnalysis.cxx:347][v2.1.1-149-ge5ec951][0m
[31mSTATUS: Configured ADIOSAnalysisAdaptor filename="data_slice_has.bp" method FLEXPATH max_buffer_size=0[0m
[31mTotal run time: 402.727 s[0m
[32mTimer configured with logging enabled, summarize events off, summary modulus 100000000, [0m
[32mtimer log file "./logs_has/23137580_aep_slice_has_o1_t1_l4096_m8192_n8192_2019_199_00_15.time", memory profiler log file "./logs_has/23137580_aep_slice_has_o1_t1_l4096_m8192_n8192_2019_199_00_15.mem", sampling interval 0.5 seconds[0m
[32mSTATUS: [0][/usr/common/software/sensei/sensei/build/sensei-3.0.0/endpoints/ADIOS1EndPoint.cpp:74][v2.1.1-149-ge5ec951][0m
[32mSTATUS: Opening: "data_slice_has.bp" using method "FLEXPATH"[0m
[32mSTATUS: [0][/usr/common/software/sensei/sensei/build/sensei-3.0.0/endpoints/ADIOS1EndPoint.cpp:90][v2.1.1-149-ge5ec951][0m
[32mSTATUS: Loading configurable analysis "./configs/slice_extract_opt_has.xml"[0m
[32mSTATUS: [0][/usr/common/software/sensei/sensei/build/sensei-3.0.0/sensei/ConfigurableAnalysis.cxx:993][v2.1.1-149-ge5ec951][0m
[32mSTATUS: Configured SliceExtract  writer.mode=paraview writer.outputDir=./slices_has writer.writer=xml operation=planar_slice point={0.5, 0.5, 0.5} normal={0.8, -0.5, 0.3} enable_partitioner=1 verbose=1[0m
[32mSTATUS: [0][/usr/common/software/sensei/sensei/build/sensei-3.0.0/endpoints/ADIOS1EndPoint.cpp:112][v2.1.1-149-ge5ec951][0m
[32mSTATUS: Processing time step 0 time 0[0m
[32mSTATUS: [0][/usr/common/software/sensei/sensei/build/sensei-3.0.0/sensei/PlanarSlicePartitioner.cxx:160][v2.1.1-149-ge5ec951][0m
[32mSTATUS: PlanarSlicePartitioner: NumBlocks=8192 NumActiveBlocks=830 numCellsMoved=7182255600 numCellsLeft=63705741840 movedFraction=0.101318[0m
[32mSTATUS: [0][/usr/common/software/sensei/sensei/build/sensei-3.0.0/endpoints/ADIOS1EndPoint.cpp:112][v2.1.1-149-ge5ec951][0m
[32mSTATUS: Processing time step 1 time 1[0m
[32mSTATUS: [0][/usr/common/software/sensei/sensei/build/sensei-3.0.0/endpoints/ADIOS1EndPoint.cpp:112][v2.1.1-149-ge5ec951][0m
[32mSTATUS: Processing time step 2 time 2[0m
[32mSTATUS: [0][/usr/common/software/sensei/sensei/build/sensei-3.0.0/endpoints/ADIOS1EndPoint.cpp:112][v2.1.1-149-ge5ec951][0m
[32mSTATUS: Processing time step 3 time 3[0m
[32mSTATUS: [0][/usr/common/software/sensei/sensei/build/sensei-3.0.0/endpoints/ADIOS1EndPoint.cpp:112][v2.1.1-149-ge5ec951][0m
[32mSTATUS: Processing time step 4 time 4[0m
[32mSTATUS: [0][/usr/common/software/sensei/sensei/build/sensei-3.0.0/endpoints/ADIOS1EndPoint.cpp:112][v2.1.1-149-ge5ec951][0m
[32mSTATUS: Processing time step 5 time 5[0m
[32mSTATUS: [0][/usr/common/software/sensei/sensei/build/sensei-3.0.0/endpoints/ADIOS1EndPoint.cpp:112][v2.1.1-149-ge5ec951][0m
[32mSTATUS: Processing time step 6 time 6[0m
[32mSTATUS: [0][/usr/common/software/sensei/sensei/build/sensei-3.0.0/endpoints/ADIOS1EndPoint.cpp:112][v2.1.1-149-ge5ec951][0m
[32mSTATUS: Processing time step 7 time 7[0m
[32mSTATUS: [0][/usr/common/software/sensei/sensei/build/sensei-3.0.0/endpoints/ADIOS1EndPoint.cpp:112][v2.1.1-149-ge5ec951][0m
[32mSTATUS: Processing time step 8 time 8[0m
[32mSTATUS: [0][/usr/common/software/sensei/sensei/build/sensei-3.0.0/endpoints/ADIOS1EndPoint.cpp:112][v2.1.1-149-ge5ec951][0m
[32mSTATUS: Processing time step 9 time 9[0m
[32mSTATUS: [0][/usr/common/software/sensei/sensei/build/sensei-3.0.0/endpoints/ADIOS1EndPoint.cpp:131][v2.1.1-149-ge5ec951][0m
[32mSTATUS: Finished processing 10 time steps[0m
+ echo =============================================
=============================================
+ O=1
+ T=1
+ L=4096
+ M=8192
+ N=4096
+ ./in_transit_slice_has.sh
O=1 T=1 L=4096 M=8192 N=4096 RM= RN=129 S=./configs/slice_extract_opt_has.xml D=2019_199_00_22
rm: cannot remove 'data_slice_has.bp*': No such file or directory
sensei/3.0.0-vtk-shared(3):ERROR:150: Module 'sensei/3.0.0-vtk-shared' conflicts with the currently loaded module(s) 'sensei/sVTK/8.1.1'
sensei/3.0.0-vtk-shared(3):ERROR:102: Tcl command execution failed: conflict sensei

+ export TIMER_ENABLE=1
+ TIMER_ENABLE=1
+ export MEMPROF_INTERVAL=0.5
+ MEMPROF_INTERVAL=0.5
+ export TIMER_LOG_FILE=./logs_has/23137580_osc_slice_has_o1_t1_l4096_m8192_n4096_2019_199_00_22.time
+ TIMER_LOG_FILE=./logs_has/23137580_osc_slice_has_o1_t1_l4096_m8192_n4096_2019_199_00_22.time
+ export MEMPROF_LOG_FILE=./logs_has/23137580_osc_slice_has_o1_t1_l4096_m8192_n4096_2019_199_00_22.mem
+ MEMPROF_LOG_FILE=./logs_has/23137580_osc_slice_has_o1_t1_l4096_m8192_n4096_2019_199_00_22.mem
+ cat ./configs/write_adios1_flexpath_slice_has.xml
+ sed 's/.*/[36m&[0m/'
[36m<sensei>[0m
[36m  <analysis type="adios1" filename="data_slice_has.bp" method="FLEXPATH" enabled="1" >[0m
[36m    <mesh name="mesh">[0m
[36m        <cell_arrays> data </cell_arrays>[0m
[36m    </mesh>[0m
[36m  </analysis>[0m
[36m</sensei>[0m
+ srun -N 257 -n 8192 -r 0 oscillator -t 1 -s 4096,4096,4096 -e 0,1,0,1,0,1 -b 8192 -f ./configs/write_adios1_flexpath_slice_has.xml -g 1 -p 0 ./inputs/conf.osc
+ delay=300
+ set +x
+ sed 's/.*/[31m&[0m/'
........................................................................found at 72s
+ export TIMER_LOG_FILE=./logs_has/23137580_aep_slice_has_o1_t1_l4096_m8192_n4096_2019_199_00_22.time
+ TIMER_LOG_FILE=./logs_has/23137580_aep_slice_has_o1_t1_l4096_m8192_n4096_2019_199_00_22.time
+ export MEMPROF_LOG_FILE=./logs_has/23137580_aep_slice_has_o1_t1_l4096_m8192_n4096_2019_199_00_22.mem
+ MEMPROF_LOG_FILE=./logs_has/23137580_aep_slice_has_o1_t1_l4096_m8192_n4096_2019_199_00_22.mem
+ cat ./configs/slice_extract_opt_has.xml
+ sed 's/.*/[36m&[0m/'
[36m<sensei>[0m
[36m  <analysis type="SliceExtract" operation="planar_slice"[0m
[36m    enable_partitioner="1"  verbose="1" enabled="1">[0m
[36m    <mesh name="mesh">[0m
[36m      <cell_arrays> data </cell_arrays>[0m
[36m    </mesh>[0m
[36m    <point> 0.5 0.5 0.5 </point>[0m
[36m    <normal> 0.8 -0.5 0.3 </normal>[0m
[36m    <writer mode="paraview" output_dir="./slices_has" />[0m
[36m  </analysis>[0m
[36m</sensei>[0m
+ srun -N 129 -n 4096 -r 257 ADIOS1EndPoint -r FLEXPATH -f ./configs/slice_extract_opt_has.xml data_slice_has.bp
+ sed 's/.*/[32m&[0m/'
[32mTimer configured with logging enabled, summarize events off, summary modulus 100000000, [0m
[32mtimer log file "./logs_has/23137580_aep_slice_has_o1_t1_l4096_m8192_n4096_2019_199_00_22.time", memory profiler log file "./logs_has/23137580_aep_slice_has_o1_t1_l4096_m8192_n4096_2019_199_00_22.mem", sampling interval 0.5 seconds[0m
[32mSTATUS: [0][/usr/common/software/sensei/sensei/build/sensei-3.0.0/endpoints/ADIOS1EndPoint.cpp:74][v2.1.1-149-ge5ec951][0m
[32mSTATUS: Opening: "data_slice_has.bp" using method "FLEXPATH"[0m
[32mSTATUS: [0][/usr/common/software/sensei/sensei/build/sensei-3.0.0/endpoints/ADIOS1EndPoint.cpp:90][v2.1.1-149-ge5ec951][0m
[32mSTATUS: Loading configurable analysis "./configs/slice_extract_opt_has.xml"[0m
[32mSTATUS: [0][/usr/common/software/sensei/sensei/build/sensei-3.0.0/sensei/ConfigurableAnalysis.cxx:993][v2.1.1-149-ge5ec951][0m
[32mSTATUS: Configured SliceExtract  writer.mode=paraview writer.outputDir=./slices_has writer.writer=xml operation=planar_slice point={0.5, 0.5, 0.5} normal={0.8, -0.5, 0.3} enable_partitioner=1 verbose=1[0m
[32mSTATUS: [0][/usr/common/software/sensei/sensei/build/sensei-3.0.0/endpoints/ADIOS1EndPoint.cpp:112][v2.1.1-149-ge5ec951][0m
[32mSTATUS: Processing time step 0 time 0[0m
[32mSTATUS: [0][/usr/common/software/sensei/sensei/build/sensei-3.0.0/sensei/PlanarSlicePartitioner.cxx:160][v2.1.1-149-ge5ec951][0m
[32mSTATUS: PlanarSlicePartitioner: NumBlocks=8192 NumActiveBlocks=830 numCellsMoved=7182255600 numCellsLeft=63705741840 movedFraction=0.101318[0m
[32mSTATUS: [0][/usr/common/software/sensei/sensei/build/sensei-3.0.0/endpoints/ADIOS1EndPoint.cpp:112][v2.1.1-149-ge5ec951][0m
[32mSTATUS: Processing time step 1 time 1[0m
[32mSTATUS: [0][/usr/common/software/sensei/sensei/build/sensei-3.0.0/endpoints/ADIOS1EndPoint.cpp:112][v2.1.1-149-ge5ec951][0m
[32mSTATUS: Processing time step 2 time 2[0m
[32mSTATUS: [0][/usr/common/software/sensei/sensei/build/sensei-3.0.0/endpoints/ADIOS1EndPoint.cpp:112][v2.1.1-149-ge5ec951][0m
[32mSTATUS: Processing time step 3 time 3[0m
[32mSTATUS: [0][/usr/common/software/sensei/sensei/build/sensei-3.0.0/endpoints/ADIOS1EndPoint.cpp:112][v2.1.1-149-ge5ec951][0m
[32mSTATUS: Processing time step 4 time 4[0m
[32mSTATUS: [0][/usr/common/software/sensei/sensei/build/sensei-3.0.0/endpoints/ADIOS1EndPoint.cpp:112][v2.1.1-149-ge5ec951][0m
[32mSTATUS: Processing time step 5 time 5[0m
[32mSTATUS: [0][/usr/common/software/sensei/sensei/build/sensei-3.0.0/endpoints/ADIOS1EndPoint.cpp:112][v2.1.1-149-ge5ec951][0m
[32mSTATUS: Processing time step 6 time 6[0m
[32mSTATUS: [0][/usr/common/software/sensei/sensei/build/sensei-3.0.0/endpoints/ADIOS1EndPoint.cpp:112][v2.1.1-149-ge5ec951][0m
[32mSTATUS: Processing time step 7 time 7[0m
[32mSTATUS: [0][/usr/common/software/sensei/sensei/build/sensei-3.0.0/endpoints/ADIOS1EndPoint.cpp:112][v2.1.1-149-ge5ec951][0m
[32mSTATUS: Processing time step 8 time 8[0m
[32mSTATUS: [0][/usr/common/software/sensei/sensei/build/sensei-3.0.0/endpoints/ADIOS1EndPoint.cpp:112][v2.1.1-149-ge5ec951][0m
[32mSTATUS: Processing time step 9 time 9[0m
[32mSTATUS: [0][/usr/common/software/sensei/sensei/build/sensei-3.0.0/endpoints/ADIOS1EndPoint.cpp:131][v2.1.1-149-ge5ec951][0m
[32mSTATUS: Finished processing 10 time steps[0m
+ echo =============================================
=============================================
+ O=1
+ T=1
+ L=4096
+ M=8192
+ N=2048
+ ./in_transit_slice_has.sh
O=1 T=1 L=4096 M=8192 N=2048 RM= RN=65 S=./configs/slice_extract_opt_has.xml D=2019_199_00_29
[31mTimer configured with logging enabled, summarize events off, summary modulus 100000000, [0m
[31mtimer log file "./logs_has/23137580_osc_slice_has_o1_t1_l4096_m8192_n4096_2019_199_00_22.time", memory profiler log file "./logs_has/23137580_osc_slice_has_o1_t1_l4096_m8192_n4096_2019_199_00_22.mem", sampling interval 0.5 seconds[0m
[31mSTATUS: [0][/usr/common/software/sensei/sensei/build/sensei-3.0.0/sensei/ConfigurableAnalysis.cxx:347][v2.1.1-149-ge5ec951][0m
[31mSTATUS: Configured ADIOSAnalysisAdaptor filename="data_slice_has.bp" method FLEXPATH max_buffer_size=0[0m
[31mTotal run time: 398.41 s[0m
rm: cannot remove 'data_slice_has.bp*': No such file or directory
sensei/3.0.0-vtk-shared(3):ERROR:150: Module 'sensei/3.0.0-vtk-shared' conflicts with the currently loaded module(s) 'sensei/sVTK/8.1.1'
sensei/3.0.0-vtk-shared(3):ERROR:102: Tcl command execution failed: conflict sensei

+ export TIMER_ENABLE=1
+ TIMER_ENABLE=1
+ export MEMPROF_INTERVAL=0.5
+ MEMPROF_INTERVAL=0.5
+ export TIMER_LOG_FILE=./logs_has/23137580_osc_slice_has_o1_t1_l4096_m8192_n2048_2019_199_00_29.time
+ TIMER_LOG_FILE=./logs_has/23137580_osc_slice_has_o1_t1_l4096_m8192_n2048_2019_199_00_29.time
+ export MEMPROF_LOG_FILE=./logs_has/23137580_osc_slice_has_o1_t1_l4096_m8192_n2048_2019_199_00_29.mem
+ MEMPROF_LOG_FILE=./logs_has/23137580_osc_slice_has_o1_t1_l4096_m8192_n2048_2019_199_00_29.mem
+ cat ./configs/write_adios1_flexpath_slice_has.xml
+ sed 's/.*/[36m&[0m/'
[36m<sensei>[0m
[36m  <analysis type="adios1" filename="data_slice_has.bp" method="FLEXPATH" enabled="1" >[0m
[36m    <mesh name="mesh">[0m
[36m        <cell_arrays> data </cell_arrays>[0m
[36m    </mesh>[0m
[36m  </analysis>[0m
[36m</sensei>[0m
+ srun -N 257 -n 8192 -r 0 oscillator -t 1 -s 4096,4096,4096 -e 0,1,0,1,0,1 -b 8192 -f ./configs/write_adios1_flexpath_slice_has.xml -g 1 -p 0 ./inputs/conf.osc
+ delay=300
+ set +x
+ sed 's/.*/[31m&[0m/'
..................................................................found at 66s
+ export TIMER_LOG_FILE=./logs_has/23137580_aep_slice_has_o1_t1_l4096_m8192_n2048_2019_199_00_29.time
+ TIMER_LOG_FILE=./logs_has/23137580_aep_slice_has_o1_t1_l4096_m8192_n2048_2019_199_00_29.time
+ export MEMPROF_LOG_FILE=./logs_has/23137580_aep_slice_has_o1_t1_l4096_m8192_n2048_2019_199_00_29.mem
+ MEMPROF_LOG_FILE=./logs_has/23137580_aep_slice_has_o1_t1_l4096_m8192_n2048_2019_199_00_29.mem
+ sed 's/.*/[36m&[0m/'
+ cat ./configs/slice_extract_opt_has.xml
[36m<sensei>[0m
[36m  <analysis type="SliceExtract" operation="planar_slice"[0m
[36m    enable_partitioner="1"  verbose="1" enabled="1">[0m
[36m    <mesh name="mesh">[0m
[36m      <cell_arrays> data </cell_arrays>[0m
[36m    </mesh>[0m
[36m    <point> 0.5 0.5 0.5 </point>[0m
[36m    <normal> 0.8 -0.5 0.3 </normal>[0m
[36m    <writer mode="paraview" output_dir="./slices_has" />[0m
[36m  </analysis>[0m
[36m</sensei>[0m
+ srun -N 65 -n 2048 -r 257 ADIOS1EndPoint -r FLEXPATH -f ./configs/slice_extract_opt_has.xml data_slice_has.bp
+ sed 's/.*/[32m&[0m/'
[32mTimer configured with logging enabled, summarize events off, summary modulus 100000000, [0m
[32mtimer log file "./logs_has/23137580_aep_slice_has_o1_t1_l4096_m8192_n2048_2019_199_00_29.time", memory profiler log file "./logs_has/23137580_aep_slice_has_o1_t1_l4096_m8192_n2048_2019_199_00_29.mem", sampling interval 0.5 seconds[0m
[32mSTATUS: [0][/usr/common/software/sensei/sensei/build/sensei-3.0.0/endpoints/ADIOS1EndPoint.cpp:74][v2.1.1-149-ge5ec951][0m
[32mSTATUS: Opening: "data_slice_has.bp" using method "FLEXPATH"[0m
[32mSTATUS: [0][/usr/common/software/sensei/sensei/build/sensei-3.0.0/endpoints/ADIOS1EndPoint.cpp:90][v2.1.1-149-ge5ec951][0m
[32mSTATUS: Loading configurable analysis "./configs/slice_extract_opt_has.xml"[0m
[32mSTATUS: [0][/usr/common/software/sensei/sensei/build/sensei-3.0.0/sensei/ConfigurableAnalysis.cxx:993][v2.1.1-149-ge5ec951][0m
[32mSTATUS: Configured SliceExtract  writer.mode=paraview writer.outputDir=./slices_has writer.writer=xml operation=planar_slice point={0.5, 0.5, 0.5} normal={0.8, -0.5, 0.3} enable_partitioner=1 verbose=1[0m
[32mSTATUS: [0][/usr/common/software/sensei/sensei/build/sensei-3.0.0/endpoints/ADIOS1EndPoint.cpp:112][v2.1.1-149-ge5ec951][0m
[32mSTATUS: Processing time step 0 time 0[0m
[32mSTATUS: [0][/usr/common/software/sensei/sensei/build/sensei-3.0.0/sensei/PlanarSlicePartitioner.cxx:160][v2.1.1-149-ge5ec951][0m
[32mSTATUS: PlanarSlicePartitioner: NumBlocks=8192 NumActiveBlocks=830 numCellsMoved=7182255600 numCellsLeft=63705741840 movedFraction=0.101318[0m
[32mSTATUS: [0][/usr/common/software/sensei/sensei/build/sensei-3.0.0/endpoints/ADIOS1EndPoint.cpp:112][v2.1.1-149-ge5ec951][0m
[32mSTATUS: Processing time step 1 time 1[0m
[32mSTATUS: [0][/usr/common/software/sensei/sensei/build/sensei-3.0.0/endpoints/ADIOS1EndPoint.cpp:112][v2.1.1-149-ge5ec951][0m
[32mSTATUS: Processing time step 2 time 2[0m
[32mSTATUS: [0][/usr/common/software/sensei/sensei/build/sensei-3.0.0/endpoints/ADIOS1EndPoint.cpp:112][v2.1.1-149-ge5ec951][0m
[32mSTATUS: Processing time step 3 time 3[0m
[32mSTATUS: [0][/usr/common/software/sensei/sensei/build/sensei-3.0.0/endpoints/ADIOS1EndPoint.cpp:112][v2.1.1-149-ge5ec951][0m
[32mSTATUS: Processing time step 4 time 4[0m
[32mSTATUS: [0][/usr/common/software/sensei/sensei/build/sensei-3.0.0/endpoints/ADIOS1EndPoint.cpp:112][v2.1.1-149-ge5ec951][0m
[32mSTATUS: Processing time step 5 time 5[0m
[32mSTATUS: [0][/usr/common/software/sensei/sensei/build/sensei-3.0.0/endpoints/ADIOS1EndPoint.cpp:112][v2.1.1-149-ge5ec951][0m
[32mSTATUS: Processing time step 6 time 6[0m
[32mSTATUS: [0][/usr/common/software/sensei/sensei/build/sensei-3.0.0/endpoints/ADIOS1EndPoint.cpp:112][v2.1.1-149-ge5ec951][0m
[32mSTATUS: Processing time step 7 time 7[0m
[32mSTATUS: [0][/usr/common/software/sensei/sensei/build/sensei-3.0.0/endpoints/ADIOS1EndPoint.cpp:112][v2.1.1-149-ge5ec951][0m
[32mSTATUS: Processing time step 8 time 8[0m
[32mSTATUS: [0][/usr/common/software/sensei/sensei/build/sensei-3.0.0/endpoints/ADIOS1EndPoint.cpp:112][v2.1.1-149-ge5ec951][0m
[32mSTATUS: Processing time step 9 time 9[0m
[32mSTATUS: [0][/usr/common/software/sensei/sensei/build/sensei-3.0.0/endpoints/ADIOS1EndPoint.cpp:131][v2.1.1-149-ge5ec951][0m
[32mSTATUS: Finished processing 10 time steps[0m
+ echo =============================================
=============================================
+ O=1
+ T=1
+ L=4096
+ M=8192
+ N=1024
+ ./in_transit_slice_has.sh
O=1 T=1 L=4096 M=8192 N=1024 RM= RN=33 S=./configs/slice_extract_opt_has.xml D=2019_199_00_36
[31mTimer configured with logging enabled, summarize events off, summary modulus 100000000, [0m
[31mtimer log file "./logs_has/23137580_osc_slice_has_o1_t1_l4096_m8192_n2048_2019_199_00_29.time", memory profiler log file "./logs_has/23137580_osc_slice_has_o1_t1_l4096_m8192_n2048_2019_199_00_29.mem", sampling interval 0.5 seconds[0m
[31mSTATUS: [0][/usr/common/software/sensei/sensei/build/sensei-3.0.0/sensei/ConfigurableAnalysis.cxx:347][v2.1.1-149-ge5ec951][0m
[31mSTATUS: Configured ADIOSAnalysisAdaptor filename="data_slice_has.bp" method FLEXPATH max_buffer_size=0[0m
[31mTotal run time: 403.840 s[0m
rm: cannot remove 'data_slice_has.bp*': No such file or directory
sensei/3.0.0-vtk-shared(3):ERROR:150: Module 'sensei/3.0.0-vtk-shared' conflicts with the currently loaded module(s) 'sensei/sVTK/8.1.1'
sensei/3.0.0-vtk-shared(3):ERROR:102: Tcl command execution failed: conflict sensei

+ export TIMER_ENABLE=1
+ TIMER_ENABLE=1
+ export MEMPROF_INTERVAL=0.5
+ MEMPROF_INTERVAL=0.5
+ export TIMER_LOG_FILE=./logs_has/23137580_osc_slice_has_o1_t1_l4096_m8192_n1024_2019_199_00_36.time
+ TIMER_LOG_FILE=./logs_has/23137580_osc_slice_has_o1_t1_l4096_m8192_n1024_2019_199_00_36.time
+ export MEMPROF_LOG_FILE=./logs_has/23137580_osc_slice_has_o1_t1_l4096_m8192_n1024_2019_199_00_36.mem
+ MEMPROF_LOG_FILE=./logs_has/23137580_osc_slice_has_o1_t1_l4096_m8192_n1024_2019_199_00_36.mem
+ cat ./configs/write_adios1_flexpath_slice_has.xml
+ sed 's/.*/[36m&[0m/'
[36m<sensei>[0m
[36m  <analysis type="adios1" filename="data_slice_has.bp" method="FLEXPATH" enabled="1" >[0m
[36m    <mesh name="mesh">[0m
[36m        <cell_arrays> data </cell_arrays>[0m
[36m    </mesh>[0m
[36m  </analysis>[0m
[36m</sensei>[0m
+ srun -N 257 -n 8192 -r 0 oscillator -t 1 -s 4096,4096,4096 -e 0,1,0,1,0,1 -b 8192 -f ./configs/write_adios1_flexpath_slice_has.xml -g 1 -p 0 ./inputs/conf.osc
+ delay=300
+ set +x
+ sed 's/.*/[31m&[0m/'
............................................................found at 60s
+ export TIMER_LOG_FILE=./logs_has/23137580_aep_slice_has_o1_t1_l4096_m8192_n1024_2019_199_00_36.time
+ TIMER_LOG_FILE=./logs_has/23137580_aep_slice_has_o1_t1_l4096_m8192_n1024_2019_199_00_36.time
+ export MEMPROF_LOG_FILE=./logs_has/23137580_aep_slice_has_o1_t1_l4096_m8192_n1024_2019_199_00_36.mem
+ MEMPROF_LOG_FILE=./logs_has/23137580_aep_slice_has_o1_t1_l4096_m8192_n1024_2019_199_00_36.mem
+ sed 's/.*/[36m&[0m/'
+ cat ./configs/slice_extract_opt_has.xml
[36m<sensei>[0m
[36m  <analysis type="SliceExtract" operation="planar_slice"[0m
[36m    enable_partitioner="1"  verbose="1" enabled="1">[0m
[36m    <mesh name="mesh">[0m
[36m      <cell_arrays> data </cell_arrays>[0m
[36m    </mesh>[0m
[36m    <point> 0.5 0.5 0.5 </point>[0m
[36m    <normal> 0.8 -0.5 0.3 </normal>[0m
[36m    <writer mode="paraview" output_dir="./slices_has" />[0m
[36m  </analysis>[0m
[36m</sensei>[0m
+ srun -N 33 -n 1024 -r 257 ADIOS1EndPoint -r FLEXPATH -f ./configs/slice_extract_opt_has.xml data_slice_has.bp
+ sed 's/.*/[32m&[0m/'
[32mTimer configured with logging enabled, summarize events off, summary modulus 100000000, [0m
[32mtimer log file "./logs_has/23137580_aep_slice_has_o1_t1_l4096_m8192_n1024_2019_199_00_36.time", memory profiler log file "./logs_has/23137580_aep_slice_has_o1_t1_l4096_m8192_n1024_2019_199_00_36.mem", sampling interval 0.5 seconds[0m
[32mSTATUS: [0][/usr/common/software/sensei/sensei/build/sensei-3.0.0/endpoints/ADIOS1EndPoint.cpp:74][v2.1.1-149-ge5ec951][0m
[32mSTATUS: Opening: "data_slice_has.bp" using method "FLEXPATH"[0m
[32mSTATUS: [0][/usr/common/software/sensei/sensei/build/sensei-3.0.0/endpoints/ADIOS1EndPoint.cpp:90][v2.1.1-149-ge5ec951][0m
[32mSTATUS: Loading configurable analysis "./configs/slice_extract_opt_has.xml"[0m
[32mSTATUS: [0][/usr/common/software/sensei/sensei/build/sensei-3.0.0/sensei/ConfigurableAnalysis.cxx:993][v2.1.1-149-ge5ec951][0m
[32mSTATUS: Configured SliceExtract  writer.mode=paraview writer.outputDir=./slices_has writer.writer=xml operation=planar_slice point={0.5, 0.5, 0.5} normal={0.8, -0.5, 0.3} enable_partitioner=1 verbose=1[0m
[32mSTATUS: [0][/usr/common/software/sensei/sensei/build/sensei-3.0.0/endpoints/ADIOS1EndPoint.cpp:112][v2.1.1-149-ge5ec951][0m
[32mSTATUS: Processing time step 0 time 0[0m
[32mSTATUS: [0][/usr/common/software/sensei/sensei/build/sensei-3.0.0/sensei/PlanarSlicePartitioner.cxx:160][v2.1.1-149-ge5ec951][0m
[32mSTATUS: PlanarSlicePartitioner: NumBlocks=8192 NumActiveBlocks=830 numCellsMoved=7182255600 numCellsLeft=63705741840 movedFraction=0.101318[0m
[32mSTATUS: [0][/usr/common/software/sensei/sensei/build/sensei-3.0.0/endpoints/ADIOS1EndPoint.cpp:112][v2.1.1-149-ge5ec951][0m
[32mSTATUS: Processing time step 1 time 1[0m
[32mSTATUS: [0][/usr/common/software/sensei/sensei/build/sensei-3.0.0/endpoints/ADIOS1EndPoint.cpp:112][v2.1.1-149-ge5ec951][0m
[32mSTATUS: Processing time step 2 time 2[0m
[32mSTATUS: [0][/usr/common/software/sensei/sensei/build/sensei-3.0.0/endpoints/ADIOS1EndPoint.cpp:112][v2.1.1-149-ge5ec951][0m
[32mSTATUS: Processing time step 3 time 3[0m
[32mSTATUS: [0][/usr/common/software/sensei/sensei/build/sensei-3.0.0/endpoints/ADIOS1EndPoint.cpp:112][v2.1.1-149-ge5ec951][0m
[32mSTATUS: Processing time step 4 time 4[0m
[32mSTATUS: [0][/usr/common/software/sensei/sensei/build/sensei-3.0.0/endpoints/ADIOS1EndPoint.cpp:112][v2.1.1-149-ge5ec951][0m
[32mSTATUS: Processing time step 5 time 5[0m
[32mSTATUS: [0][/usr/common/software/sensei/sensei/build/sensei-3.0.0/endpoints/ADIOS1EndPoint.cpp:112][v2.1.1-149-ge5ec951][0m
[32mSTATUS: Processing time step 6 time 6[0m
[32mSTATUS: [0][/usr/common/software/sensei/sensei/build/sensei-3.0.0/endpoints/ADIOS1EndPoint.cpp:112][v2.1.1-149-ge5ec951][0m
[32mSTATUS: Processing time step 7 time 7[0m
[32mSTATUS: [0][/usr/common/software/sensei/sensei/build/sensei-3.0.0/endpoints/ADIOS1EndPoint.cpp:112][v2.1.1-149-ge5ec951][0m
[32mSTATUS: Processing time step 8 time 8[0m
[32mSTATUS: [0][/usr/common/software/sensei/sensei/build/sensei-3.0.0/endpoints/ADIOS1EndPoint.cpp:112][v2.1.1-149-ge5ec951][0m
[32mSTATUS: Processing time step 9 time 9[0m
[32mSTATUS: [0][/usr/common/software/sensei/sensei/build/sensei-3.0.0/endpoints/ADIOS1EndPoint.cpp:131][v2.1.1-149-ge5ec951][0m
[32mSTATUS: Finished processing 10 time steps[0m
+ echo =============================================
=============================================
+ O=1
+ T=1
+ L=4096
+ M=8192
+ N=512
+ ./in_transit_slice_has.sh
O=1 T=1 L=4096 M=8192 N=512 RM= RN=17 S=./configs/slice_extract_opt_has.xml D=2019_199_00_43
[31mTimer configured with logging enabled, summarize events off, summary modulus 100000000, [0m
[31mtimer log file "./logs_has/23137580_osc_slice_has_o1_t1_l4096_m8192_n1024_2019_199_00_36.time", memory profiler log file "./logs_has/23137580_osc_slice_has_o1_t1_l4096_m8192_n1024_2019_199_00_36.mem", sampling interval 0.5 seconds[0m
[31mSTATUS: [0][/usr/common/software/sensei/sensei/build/sensei-3.0.0/sensei/ConfigurableAnalysis.cxx:347][v2.1.1-149-ge5ec951][0m
[31mSTATUS: Configured ADIOSAnalysisAdaptor filename="data_slice_has.bp" method FLEXPATH max_buffer_size=0[0m
[31mTotal run time: 399.482 s[0m
rm: cannot remove 'data_slice_has.bp*': No such file or directory
sensei/3.0.0-vtk-shared(3):ERROR:150: Module 'sensei/3.0.0-vtk-shared' conflicts with the currently loaded module(s) 'sensei/sVTK/8.1.1'
sensei/3.0.0-vtk-shared(3):ERROR:102: Tcl command execution failed: conflict sensei

+ export TIMER_ENABLE=1
+ TIMER_ENABLE=1
+ export MEMPROF_INTERVAL=0.5
+ MEMPROF_INTERVAL=0.5
+ export TIMER_LOG_FILE=./logs_has/23137580_osc_slice_has_o1_t1_l4096_m8192_n512_2019_199_00_43.time
+ TIMER_LOG_FILE=./logs_has/23137580_osc_slice_has_o1_t1_l4096_m8192_n512_2019_199_00_43.time
+ export MEMPROF_LOG_FILE=./logs_has/23137580_osc_slice_has_o1_t1_l4096_m8192_n512_2019_199_00_43.mem
+ MEMPROF_LOG_FILE=./logs_has/23137580_osc_slice_has_o1_t1_l4096_m8192_n512_2019_199_00_43.mem
+ cat ./configs/write_adios1_flexpath_slice_has.xml
+ sed 's/.*/[36m&[0m/'
[36m<sensei>[0m
[36m  <analysis type="adios1" filename="data_slice_has.bp" method="FLEXPATH" enabled="1" >[0m
[36m    <mesh name="mesh">[0m
[36m        <cell_arrays> data </cell_arrays>[0m
[36m    </mesh>[0m
[36m  </analysis>[0m
[36m</sensei>[0m
+ srun -N 257 -n 8192 -r 0 oscillator -t 1 -s 4096,4096,4096 -e 0,1,0,1,0,1 -b 8192 -f ./configs/write_adios1_flexpath_slice_has.xml -g 1 -p 0 ./inputs/conf.osc
+ delay=300
+ set +x
+ sed 's/.*/[31m&[0m/'
.................................................................found at 65s
+ export TIMER_LOG_FILE=./logs_has/23137580_aep_slice_has_o1_t1_l4096_m8192_n512_2019_199_00_43.time
+ TIMER_LOG_FILE=./logs_has/23137580_aep_slice_has_o1_t1_l4096_m8192_n512_2019_199_00_43.time
+ export MEMPROF_LOG_FILE=./logs_has/23137580_aep_slice_has_o1_t1_l4096_m8192_n512_2019_199_00_43.mem
+ MEMPROF_LOG_FILE=./logs_has/23137580_aep_slice_has_o1_t1_l4096_m8192_n512_2019_199_00_43.mem
+ sed 's/.*/[36m&[0m/'
+ cat ./configs/slice_extract_opt_has.xml
[36m<sensei>[0m
[36m  <analysis type="SliceExtract" operation="planar_slice"[0m
[36m    enable_partitioner="1"  verbose="1" enabled="1">[0m
[36m    <mesh name="mesh">[0m
[36m      <cell_arrays> data </cell_arrays>[0m
[36m    </mesh>[0m
[36m    <point> 0.5 0.5 0.5 </point>[0m
[36m    <normal> 0.8 -0.5 0.3 </normal>[0m
[36m    <writer mode="paraview" output_dir="./slices_has" />[0m
[36m  </analysis>[0m
[36m</sensei>[0m
+ srun -N 17 -n 512 -r 257 ADIOS1EndPoint -r FLEXPATH -f ./configs/slice_extract_opt_has.xml data_slice_has.bp
+ sed 's/.*/[32m&[0m/'
[32mTimer configured with logging enabled, summarize events off, summary modulus 100000000, [0m
[32mtimer log file "./logs_has/23137580_aep_slice_has_o1_t1_l4096_m8192_n512_2019_199_00_43.time", memory profiler log file "./logs_has/23137580_aep_slice_has_o1_t1_l4096_m8192_n512_2019_199_00_43.mem", sampling interval 0.5 seconds[0m
[32mSTATUS: [0][/usr/common/software/sensei/sensei/build/sensei-3.0.0/endpoints/ADIOS1EndPoint.cpp:74][v2.1.1-149-ge5ec951][0m
[32mSTATUS: Opening: "data_slice_has.bp" using method "FLEXPATH"[0m
[32mSTATUS: [0][/usr/common/software/sensei/sensei/build/sensei-3.0.0/endpoints/ADIOS1EndPoint.cpp:90][v2.1.1-149-ge5ec951][0m
[32mSTATUS: Loading configurable analysis "./configs/slice_extract_opt_has.xml"[0m
[32mSTATUS: [0][/usr/common/software/sensei/sensei/build/sensei-3.0.0/sensei/ConfigurableAnalysis.cxx:993][v2.1.1-149-ge5ec951][0m
[32mSTATUS: Configured SliceExtract  writer.mode=paraview writer.outputDir=./slices_has writer.writer=xml operation=planar_slice point={0.5, 0.5, 0.5} normal={0.8, -0.5, 0.3} enable_partitioner=1 verbose=1[0m
[32mSTATUS: [0][/usr/common/software/sensei/sensei/build/sensei-3.0.0/endpoints/ADIOS1EndPoint.cpp:112][v2.1.1-149-ge5ec951][0m
[32mSTATUS: Processing time step 0 time 0[0m
[32mSTATUS: [0][/usr/common/software/sensei/sensei/build/sensei-3.0.0/sensei/PlanarSlicePartitioner.cxx:160][v2.1.1-149-ge5ec951][0m
[32mSTATUS: PlanarSlicePartitioner: NumBlocks=8192 NumActiveBlocks=830 numCellsMoved=7182255600 numCellsLeft=63705741840 movedFraction=0.101318[0m
[32mSTATUS: [0][/usr/common/software/sensei/sensei/build/sensei-3.0.0/endpoints/ADIOS1EndPoint.cpp:112][v2.1.1-149-ge5ec951][0m
[32mSTATUS: Processing time step 1 time 1[0m
[32mSTATUS: [0][/usr/common/software/sensei/sensei/build/sensei-3.0.0/endpoints/ADIOS1EndPoint.cpp:112][v2.1.1-149-ge5ec951][0m
[32mSTATUS: Processing time step 2 time 2[0m
[32mSTATUS: [0][/usr/common/software/sensei/sensei/build/sensei-3.0.0/endpoints/ADIOS1EndPoint.cpp:112][v2.1.1-149-ge5ec951][0m
[32mSTATUS: Processing time step 3 time 3[0m
[32mSTATUS: [0][/usr/common/software/sensei/sensei/build/sensei-3.0.0/endpoints/ADIOS1EndPoint.cpp:112][v2.1.1-149-ge5ec951][0m
[32mSTATUS: Processing time step 4 time 4[0m
[32mSTATUS: [0][/usr/common/software/sensei/sensei/build/sensei-3.0.0/endpoints/ADIOS1EndPoint.cpp:112][v2.1.1-149-ge5ec951][0m
[32mSTATUS: Processing time step 5 time 5[0m
[32mSTATUS: [0][/usr/common/software/sensei/sensei/build/sensei-3.0.0/endpoints/ADIOS1EndPoint.cpp:112][v2.1.1-149-ge5ec951][0m
[32mSTATUS: Processing time step 6 time 6[0m
[32mSTATUS: [0][/usr/common/software/sensei/sensei/build/sensei-3.0.0/endpoints/ADIOS1EndPoint.cpp:112][v2.1.1-149-ge5ec951][0m
[32mSTATUS: Processing time step 7 time 7[0m
[32mSTATUS: [0][/usr/common/software/sensei/sensei/build/sensei-3.0.0/endpoints/ADIOS1EndPoint.cpp:112][v2.1.1-149-ge5ec951][0m
[32mSTATUS: Processing time step 8 time 8[0m
[32mSTATUS: [0][/usr/common/software/sensei/sensei/build/sensei-3.0.0/endpoints/ADIOS1EndPoint.cpp:112][v2.1.1-149-ge5ec951][0m
[32mSTATUS: Processing time step 9 time 9[0m
[32mSTATUS: [0][/usr/common/software/sensei/sensei/build/sensei-3.0.0/endpoints/ADIOS1EndPoint.cpp:131][v2.1.1-149-ge5ec951][0m
[32mSTATUS: Finished processing 10 time steps[0m
+ echo =============================================
=============================================
+ O=1
+ T=1
+ L=4096
+ M=8192
+ N=256
+ ./in_transit_slice_has.sh
O=1 T=1 L=4096 M=8192 N=256 RM= RN=9 S=./configs/slice_extract_opt_has.xml D=2019_199_00_50
[31mTimer configured with logging enabled, summarize events off, summary modulus 100000000, [0m
[31mtimer log file "./logs_has/23137580_osc_slice_has_o1_t1_l4096_m8192_n512_2019_199_00_43.time", memory profiler log file "./logs_has/23137580_osc_slice_has_o1_t1_l4096_m8192_n512_2019_199_00_43.mem", sampling interval 0.5 seconds[0m
[31mSTATUS: [0][/usr/common/software/sensei/sensei/build/sensei-3.0.0/sensei/ConfigurableAnalysis.cxx:347][v2.1.1-149-ge5ec951][0m
[31mSTATUS: Configured ADIOSAnalysisAdaptor filename="data_slice_has.bp" method FLEXPATH max_buffer_size=0[0m
[31mTotal run time: 387.933 s[0m
rm: cannot remove 'data_slice_has.bp*': No such file or directory
sensei/3.0.0-vtk-shared(3):ERROR:150: Module 'sensei/3.0.0-vtk-shared' conflicts with the currently loaded module(s) 'sensei/sVTK/8.1.1'
sensei/3.0.0-vtk-shared(3):ERROR:102: Tcl command execution failed: conflict sensei

+ export TIMER_ENABLE=1
+ TIMER_ENABLE=1
+ export MEMPROF_INTERVAL=0.5
+ MEMPROF_INTERVAL=0.5
+ export TIMER_LOG_FILE=./logs_has/23137580_osc_slice_has_o1_t1_l4096_m8192_n256_2019_199_00_50.time
+ TIMER_LOG_FILE=./logs_has/23137580_osc_slice_has_o1_t1_l4096_m8192_n256_2019_199_00_50.time
+ export MEMPROF_LOG_FILE=./logs_has/23137580_osc_slice_has_o1_t1_l4096_m8192_n256_2019_199_00_50.mem
+ MEMPROF_LOG_FILE=./logs_has/23137580_osc_slice_has_o1_t1_l4096_m8192_n256_2019_199_00_50.mem
+ cat ./configs/write_adios1_flexpath_slice_has.xml
+ sed 's/.*/[36m&[0m/'
[36m<sensei>[0m
[36m  <analysis type="adios1" filename="data_slice_has.bp" method="FLEXPATH" enabled="1" >[0m
[36m    <mesh name="mesh">[0m
[36m        <cell_arrays> data </cell_arrays>[0m
[36m    </mesh>[0m
[36m  </analysis>[0m
[36m</sensei>[0m
+ srun -N 257 -n 8192 -r 0 oscillator -t 1 -s 4096,4096,4096 -e 0,1,0,1,0,1 -b 8192 -f ./configs/write_adios1_flexpath_slice_has.xml -g 1 -p 0 ./inputs/conf.osc
+ delay=300
+ set +x
+ sed 's/.*/[31m&[0m/'
.............................................found at 45s
+ export TIMER_LOG_FILE=./logs_has/23137580_aep_slice_has_o1_t1_l4096_m8192_n256_2019_199_00_50.time
+ TIMER_LOG_FILE=./logs_has/23137580_aep_slice_has_o1_t1_l4096_m8192_n256_2019_199_00_50.time
+ export MEMPROF_LOG_FILE=./logs_has/23137580_aep_slice_has_o1_t1_l4096_m8192_n256_2019_199_00_50.mem
+ MEMPROF_LOG_FILE=./logs_has/23137580_aep_slice_has_o1_t1_l4096_m8192_n256_2019_199_00_50.mem
+ cat ./configs/slice_extract_opt_has.xml
+ sed 's/.*/[36m&[0m/'
[36m<sensei>[0m
[36m  <analysis type="SliceExtract" operation="planar_slice"[0m
[36m    enable_partitioner="1"  verbose="1" enabled="1">[0m
[36m    <mesh name="mesh">[0m
[36m      <cell_arrays> data </cell_arrays>[0m
[36m    </mesh>[0m
[36m    <point> 0.5 0.5 0.5 </point>[0m
[36m    <normal> 0.8 -0.5 0.3 </normal>[0m
[36m    <writer mode="paraview" output_dir="./slices_has" />[0m
[36m  </analysis>[0m
[36m</sensei>[0m
+ srun -N 9 -n 256 -r 257 ADIOS1EndPoint -r FLEXPATH -f ./configs/slice_extract_opt_has.xml data_slice_has.bp
+ sed 's/.*/[32m&[0m/'
[32mTimer configured with logging enabled, summarize events off, summary modulus 100000000, [0m
[32mtimer log file "./logs_has/23137580_aep_slice_has_o1_t1_l4096_m8192_n256_2019_199_00_50.time", memory profiler log file "./logs_has/23137580_aep_slice_has_o1_t1_l4096_m8192_n256_2019_199_00_50.mem", sampling interval 0.5 seconds[0m
[32mSTATUS: [0][/usr/common/software/sensei/sensei/build/sensei-3.0.0/endpoints/ADIOS1EndPoint.cpp:74][v2.1.1-149-ge5ec951][0m
[32mSTATUS: Opening: "data_slice_has.bp" using method "FLEXPATH"[0m
[32mSTATUS: [0][/usr/common/software/sensei/sensei/build/sensei-3.0.0/endpoints/ADIOS1EndPoint.cpp:90][v2.1.1-149-ge5ec951][0m
[32mSTATUS: Loading configurable analysis "./configs/slice_extract_opt_has.xml"[0m
[32mSTATUS: [0][/usr/common/software/sensei/sensei/build/sensei-3.0.0/sensei/ConfigurableAnalysis.cxx:993][v2.1.1-149-ge5ec951][0m
[32mSTATUS: Configured SliceExtract  writer.mode=paraview writer.outputDir=./slices_has writer.writer=xml operation=planar_slice point={0.5, 0.5, 0.5} normal={0.8, -0.5, 0.3} enable_partitioner=1 verbose=1[0m
[32mSTATUS: [0][/usr/common/software/sensei/sensei/build/sensei-3.0.0/endpoints/ADIOS1EndPoint.cpp:112][v2.1.1-149-ge5ec951][0m
[32mSTATUS: Processing time step 0 time 0[0m
[32mSTATUS: [0][/usr/common/software/sensei/sensei/build/sensei-3.0.0/sensei/PlanarSlicePartitioner.cxx:160][v2.1.1-149-ge5ec951][0m
[32mSTATUS: PlanarSlicePartitioner: NumBlocks=8192 NumActiveBlocks=830 numCellsMoved=7182255600 numCellsLeft=63705741840 movedFraction=0.101318[0m
[32mSTATUS: [0][/usr/common/software/sensei/sensei/build/sensei-3.0.0/endpoints/ADIOS1EndPoint.cpp:112][v2.1.1-149-ge5ec951][0m
[32mSTATUS: Processing time step 1 time 1[0m
[32mSTATUS: [0][/usr/common/software/sensei/sensei/build/sensei-3.0.0/endpoints/ADIOS1EndPoint.cpp:112][v2.1.1-149-ge5ec951][0m
[32mSTATUS: Processing time step 2 time 2[0m
[32mSTATUS: [0][/usr/common/software/sensei/sensei/build/sensei-3.0.0/endpoints/ADIOS1EndPoint.cpp:112][v2.1.1-149-ge5ec951][0m
[32mSTATUS: Processing time step 3 time 3[0m
[32mSTATUS: [0][/usr/common/software/sensei/sensei/build/sensei-3.0.0/endpoints/ADIOS1EndPoint.cpp:112][v2.1.1-149-ge5ec951][0m
[32mSTATUS: Processing time step 4 time 4[0m
[32mSTATUS: [0][/usr/common/software/sensei/sensei/build/sensei-3.0.0/endpoints/ADIOS1EndPoint.cpp:112][v2.1.1-149-ge5ec951][0m
[32mSTATUS: Processing time step 5 time 5[0m
[32mSTATUS: [0][/usr/common/software/sensei/sensei/build/sensei-3.0.0/endpoints/ADIOS1EndPoint.cpp:112][v2.1.1-149-ge5ec951][0m
[32mSTATUS: Processing time step 6 time 6[0m
[32mSTATUS: [0][/usr/common/software/sensei/sensei/build/sensei-3.0.0/endpoints/ADIOS1EndPoint.cpp:112][v2.1.1-149-ge5ec951][0m
[32mSTATUS: Processing time step 7 time 7[0m
[32mSTATUS: [0][/usr/common/software/sensei/sensei/build/sensei-3.0.0/endpoints/ADIOS1EndPoint.cpp:112][v2.1.1-149-ge5ec951][0m
[32mSTATUS: Processing time step 8 time 8[0m
[32mSTATUS: [0][/usr/common/software/sensei/sensei/build/sensei-3.0.0/endpoints/ADIOS1EndPoint.cpp:112][v2.1.1-149-ge5ec951][0m
[32mSTATUS: Processing time step 9 time 9[0m
[32mSTATUS: [0][/usr/common/software/sensei/sensei/build/sensei-3.0.0/endpoints/ADIOS1EndPoint.cpp:131][v2.1.1-149-ge5ec951][0m
[32mSTATUS: Finished processing 10 time steps[0m
+ echo =============================================
=============================================
+ O=1
+ T=1
+ L=4096
+ M=8192
+ N=128
+ ./in_transit_slice_has.sh
O=1 T=1 L=4096 M=8192 N=128 RM= RN=5 S=./configs/slice_extract_opt_has.xml D=2019_199_00_58
[31mTimer configured with logging enabled, summarize events off, summary modulus 100000000, [0m
[31mtimer log file "./logs_has/23137580_osc_slice_has_o1_t1_l4096_m8192_n256_2019_199_00_50.time", memory profiler log file "./logs_has/23137580_osc_slice_has_o1_t1_l4096_m8192_n256_2019_199_00_50.mem", sampling interval 0.5 seconds[0m
[31mSTATUS: [0][/usr/common/software/sensei/sensei/build/sensei-3.0.0/sensei/ConfigurableAnalysis.cxx:347][v2.1.1-149-ge5ec951][0m
[31mSTATUS: Configured ADIOSAnalysisAdaptor filename="data_slice_has.bp" method FLEXPATH max_buffer_size=0[0m
[31mTotal run time: 464.197 s[0m
rm: cannot remove 'data_slice_has.bp*': No such file or directory
sensei/3.0.0-vtk-shared(3):ERROR:150: Module 'sensei/3.0.0-vtk-shared' conflicts with the currently loaded module(s) 'sensei/sVTK/8.1.1'
sensei/3.0.0-vtk-shared(3):ERROR:102: Tcl command execution failed: conflict sensei

+ export TIMER_ENABLE=1
+ TIMER_ENABLE=1
+ export MEMPROF_INTERVAL=0.5
+ MEMPROF_INTERVAL=0.5
+ export TIMER_LOG_FILE=./logs_has/23137580_osc_slice_has_o1_t1_l4096_m8192_n128_2019_199_00_58.time
+ TIMER_LOG_FILE=./logs_has/23137580_osc_slice_has_o1_t1_l4096_m8192_n128_2019_199_00_58.time
+ export MEMPROF_LOG_FILE=./logs_has/23137580_osc_slice_has_o1_t1_l4096_m8192_n128_2019_199_00_58.mem
+ MEMPROF_LOG_FILE=./logs_has/23137580_osc_slice_has_o1_t1_l4096_m8192_n128_2019_199_00_58.mem
+ cat ./configs/write_adios1_flexpath_slice_has.xml
+ sed 's/.*/[36m&[0m/'
[36m<sensei>[0m
[36m  <analysis type="adios1" filename="data_slice_has.bp" method="FLEXPATH" enabled="1" >[0m
[36m    <mesh name="mesh">[0m
[36m        <cell_arrays> data </cell_arrays>[0m
[36m    </mesh>[0m
[36m  </analysis>[0m
[36m</sensei>[0m
+ srun -N 257 -n 8192 -r 0 oscillator -t 1 -s 4096,4096,4096 -e 0,1,0,1,0,1 -b 8192 -f ./configs/write_adios1_flexpath_slice_has.xml -g 1 -p 0 ./inputs/conf.osc
+ delay=300
+ sed 's/.*/[31m&[0m/'
+ set +x
................................................................found at 64s
+ export TIMER_LOG_FILE=./logs_has/23137580_aep_slice_has_o1_t1_l4096_m8192_n128_2019_199_00_58.time
+ TIMER_LOG_FILE=./logs_has/23137580_aep_slice_has_o1_t1_l4096_m8192_n128_2019_199_00_58.time
+ export MEMPROF_LOG_FILE=./logs_has/23137580_aep_slice_has_o1_t1_l4096_m8192_n128_2019_199_00_58.mem
+ MEMPROF_LOG_FILE=./logs_has/23137580_aep_slice_has_o1_t1_l4096_m8192_n128_2019_199_00_58.mem
+ cat ./configs/slice_extract_opt_has.xml
+ sed 's/.*/[36m&[0m/'
[36m<sensei>[0m
[36m  <analysis type="SliceExtract" operation="planar_slice"[0m
[36m    enable_partitioner="1"  verbose="1" enabled="1">[0m
[36m    <mesh name="mesh">[0m
[36m      <cell_arrays> data </cell_arrays>[0m
[36m    </mesh>[0m
[36m    <point> 0.5 0.5 0.5 </point>[0m
[36m    <normal> 0.8 -0.5 0.3 </normal>[0m
[36m    <writer mode="paraview" output_dir="./slices_has" />[0m
[36m  </analysis>[0m
[36m</sensei>[0m
+ srun -N 5 -n 128 -r 257 ADIOS1EndPoint -r FLEXPATH -f ./configs/slice_extract_opt_has.xml data_slice_has.bp
+ sed 's/.*/[32m&[0m/'
[32mTimer configured with logging enabled, summarize events off, summary modulus 100000000, [0m
[32mtimer log file "./logs_has/23137580_aep_slice_has_o1_t1_l4096_m8192_n128_2019_199_00_58.time", memory profiler log file "./logs_has/23137580_aep_slice_has_o1_t1_l4096_m8192_n128_2019_199_00_58.mem", sampling interval 0.5 seconds[0m
[32mSTATUS: [0][/usr/common/software/sensei/sensei/build/sensei-3.0.0/endpoints/ADIOS1EndPoint.cpp:74][v2.1.1-149-ge5ec951][0m
[32mSTATUS: Opening: "data_slice_has.bp" using method "FLEXPATH"[0m
[32mSTATUS: [0][/usr/common/software/sensei/sensei/build/sensei-3.0.0/endpoints/ADIOS1EndPoint.cpp:90][v2.1.1-149-ge5ec951][0m
[32mSTATUS: Loading configurable analysis "./configs/slice_extract_opt_has.xml"[0m
[32mSTATUS: [0][/usr/common/software/sensei/sensei/build/sensei-3.0.0/sensei/ConfigurableAnalysis.cxx:993][v2.1.1-149-ge5ec951][0m
[32mSTATUS: Configured SliceExtract  writer.mode=paraview writer.outputDir=./slices_has writer.writer=xml operation=planar_slice point={0.5, 0.5, 0.5} normal={0.8, -0.5, 0.3} enable_partitioner=1 verbose=1[0m
[32mSTATUS: [0][/usr/common/software/sensei/sensei/build/sensei-3.0.0/endpoints/ADIOS1EndPoint.cpp:112][v2.1.1-149-ge5ec951][0m
[32mSTATUS: Processing time step 0 time 0[0m
[32mSTATUS: [0][/usr/common/software/sensei/sensei/build/sensei-3.0.0/sensei/PlanarSlicePartitioner.cxx:160][v2.1.1-149-ge5ec951][0m
[32mSTATUS: PlanarSlicePartitioner: NumBlocks=8192 NumActiveBlocks=830 numCellsMoved=7182255600 numCellsLeft=63705741840 movedFraction=0.101318[0m
[32mSTATUS: [0][/usr/common/software/sensei/sensei/build/sensei-3.0.0/endpoints/ADIOS1EndPoint.cpp:112][v2.1.1-149-ge5ec951][0m
[32mSTATUS: Processing time step 1 time 1[0m
[32mSTATUS: [0][/usr/common/software/sensei/sensei/build/sensei-3.0.0/endpoints/ADIOS1EndPoint.cpp:112][v2.1.1-149-ge5ec951][0m
[32mSTATUS: Processing time step 2 time 2[0m
[32mSTATUS: [0][/usr/common/software/sensei/sensei/build/sensei-3.0.0/endpoints/ADIOS1EndPoint.cpp:112][v2.1.1-149-ge5ec951][0m
[32mSTATUS: Processing time step 3 time 3[0m
[32mSTATUS: [0][/usr/common/software/sensei/sensei/build/sensei-3.0.0/endpoints/ADIOS1EndPoint.cpp:112][v2.1.1-149-ge5ec951][0m
[32mSTATUS: Processing time step 4 time 4[0m
[32mSTATUS: [0][/usr/common/software/sensei/sensei/build/sensei-3.0.0/endpoints/ADIOS1EndPoint.cpp:112][v2.1.1-149-ge5ec951][0m
[32mSTATUS: Processing time step 5 time 5[0m
[32mSTATUS: [0][/usr/common/software/sensei/sensei/build/sensei-3.0.0/endpoints/ADIOS1EndPoint.cpp:112][v2.1.1-149-ge5ec951][0m
[32mSTATUS: Processing time step 6 time 6[0m
[32mSTATUS: [0][/usr/common/software/sensei/sensei/build/sensei-3.0.0/endpoints/ADIOS1EndPoint.cpp:112][v2.1.1-149-ge5ec951][0m
[32mSTATUS: Processing time step 7 time 7[0m
[32mSTATUS: [0][/usr/common/software/sensei/sensei/build/sensei-3.0.0/endpoints/ADIOS1EndPoint.cpp:112][v2.1.1-149-ge5ec951][0m
[32mSTATUS: Processing time step 8 time 8[0m
[32mSTATUS: [0][/usr/common/software/sensei/sensei/build/sensei-3.0.0/endpoints/ADIOS1EndPoint.cpp:112][v2.1.1-149-ge5ec951][0m
[32mSTATUS: Processing time step 9 time 9[0m
[32mSTATUS: [0][/usr/common/software/sensei/sensei/build/sensei-3.0.0/endpoints/ADIOS1EndPoint.cpp:131][v2.1.1-149-ge5ec951][0m
[32mSTATUS: Finished processing 10 time steps[0m
+ echo =============================================
=============================================
+ echo '#############################################'
#############################################
+ echo =============================================
=============================================
+ echo 'BlockPartitioner                             '
BlockPartitioner                             
+ echo =============================================
=============================================
+ O=0
+ T=1
+ L=4096
+ M=8192
+ N=8192
+ ./in_transit_slice_has.sh
O=0 T=1 L=4096 M=8192 N=8192 RM= RN=257 S=./configs/slice_extract_has.xml D=2019_199_01_04
rm: cannot remove 'data_slice_has.bp*': No such file or directory
sensei/3.0.0-vtk-shared(3):ERROR:150: Module 'sensei/3.0.0-vtk-shared' conflicts with the currently loaded module(s) 'sensei/sVTK/8.1.1'
sensei/3.0.0-vtk-shared(3):ERROR:102: Tcl command execution failed: conflict sensei

+ export TIMER_ENABLE=1
+ TIMER_ENABLE=1
+ export MEMPROF_INTERVAL=0.5
+ MEMPROF_INTERVAL=0.5
+ export TIMER_LOG_FILE=./logs_has/23137580_osc_slice_has_o0_t1_l4096_m8192_n8192_2019_199_01_04.time
+ TIMER_LOG_FILE=./logs_has/23137580_osc_slice_has_o0_t1_l4096_m8192_n8192_2019_199_01_04.time
+ export MEMPROF_LOG_FILE=./logs_has/23137580_osc_slice_has_o0_t1_l4096_m8192_n8192_2019_199_01_04.mem
+ MEMPROF_LOG_FILE=./logs_has/23137580_osc_slice_has_o0_t1_l4096_m8192_n8192_2019_199_01_04.mem
+ cat ./configs/write_adios1_flexpath_slice_has.xml
+ sed 's/.*/[36m&[0m/'
[36m<sensei>[0m
[36m  <analysis type="adios1" filename="data_slice_has.bp" method="FLEXPATH" enabled="1" >[0m
[36m    <mesh name="mesh">[0m
[36m        <cell_arrays> data </cell_arrays>[0m
[36m    </mesh>[0m
[36m  </analysis>[0m
[36m</sensei>[0m
+ srun -N 257 -n 8192 -r 0 oscillator -t 1 -s 4096,4096,4096 -e 0,1,0,1,0,1 -b 8192 -f ./configs/write_adios1_flexpath_slice_has.xml -g 1 -p 0 ./inputs/conf.osc
+ delay=300
+ set +x
+ sed 's/.*/[31m&[0m/'
.[31mTimer configured with logging enabled, summarize events off, summary modulus 100000000, [0m
[31mtimer log file "./logs_has/23137580_osc_slice_has_o1_t1_l4096_m8192_n128_2019_199_00_58.time", memory profiler log file "./logs_has/23137580_osc_slice_has_o1_t1_l4096_m8192_n128_2019_199_00_58.mem", sampling interval 0.5 seconds[0m
[31mSTATUS: [0][/usr/common/software/sensei/sensei/build/sensei-3.0.0/sensei/ConfigurableAnalysis.cxx:347][v2.1.1-149-ge5ec951][0m
[31mSTATUS: Configured ADIOSAnalysisAdaptor filename="data_slice_has.bp" method FLEXPATH max_buffer_size=0[0m
[31mTotal run time: 386.91 s[0m
..........................................................found at 59s
+ export TIMER_LOG_FILE=./logs_has/23137580_aep_slice_has_o0_t1_l4096_m8192_n8192_2019_199_01_04.time
+ TIMER_LOG_FILE=./logs_has/23137580_aep_slice_has_o0_t1_l4096_m8192_n8192_2019_199_01_04.time
+ export MEMPROF_LOG_FILE=./logs_has/23137580_aep_slice_has_o0_t1_l4096_m8192_n8192_2019_199_01_04.mem
+ MEMPROF_LOG_FILE=./logs_has/23137580_aep_slice_has_o0_t1_l4096_m8192_n8192_2019_199_01_04.mem
+ sed 's/.*/[36m&[0m/'
+ cat ./configs/slice_extract_has.xml
[36m<sensei>[0m
[36m  <analysis type="SliceExtract" operation="planar_slice"[0m
[36m    enable_partitioner="0"  verbose="1" enabled="1">[0m
[36m    <mesh name="mesh">[0m
[36m      <cell_arrays> data </cell_arrays>[0m
[36m    </mesh>[0m
[36m    <point> 0.5 0.5 0.5 </point>[0m
[36m    <normal> 0.8 -0.5 0.3 </normal>[0m
[36m    <writer mode="paraview" output_dir="./slices_has" />[0m
[36m  </analysis>[0m
[36m</sensei>[0m
+ srun -N 257 -n 8192 -r 257 ADIOS1EndPoint -r FLEXPATH -f ./configs/slice_extract_has.xml data_slice_has.bp
+ sed 's/.*/[32m&[0m/'
[31mTimer configured with logging enabled, summarize events off, summary modulus 100000000, [0m
[31mtimer log file "./logs_has/23137580_osc_slice_has_o0_t1_l4096_m8192_n8192_2019_199_01_04.time", memory profiler log file "./logs_has/23137580_osc_slice_has_o0_t1_l4096_m8192_n8192_2019_199_01_04.mem", sampling interval 0.5 seconds[0m
[31mSTATUS: [0][/usr/common/software/sensei/sensei/build/sensei-3.0.0/sensei/ConfigurableAnalysis.cxx:347][v2.1.1-149-ge5ec951][0m
[31mSTATUS: Configured ADIOSAnalysisAdaptor filename="data_slice_has.bp" method FLEXPATH max_buffer_size=0[0m
[31mTotal run time: 429.188 s[0m
[32mTimer configured with logging enabled, summarize events off, summary modulus 100000000, [0m
[32mtimer log file "./logs_has/23137580_aep_slice_has_o0_t1_l4096_m8192_n8192_2019_199_01_04.time", memory profiler log file "./logs_has/23137580_aep_slice_has_o0_t1_l4096_m8192_n8192_2019_199_01_04.mem", sampling interval 0.5 seconds[0m
[32mSTATUS: [0][/usr/common/software/sensei/sensei/build/sensei-3.0.0/endpoints/ADIOS1EndPoint.cpp:74][v2.1.1-149-ge5ec951][0m
[32mSTATUS: Opening: "data_slice_has.bp" using method "FLEXPATH"[0m
[32mSTATUS: [0][/usr/common/software/sensei/sensei/build/sensei-3.0.0/endpoints/ADIOS1EndPoint.cpp:90][v2.1.1-149-ge5ec951][0m
[32mSTATUS: Loading configurable analysis "./configs/slice_extract_has.xml"[0m
[32mSTATUS: [0][/usr/common/software/sensei/sensei/build/sensei-3.0.0/sensei/ConfigurableAnalysis.cxx:993][v2.1.1-149-ge5ec951][0m
[32mSTATUS: Configured SliceExtract  writer.mode=paraview writer.outputDir=./slices_has writer.writer=xml operation=planar_slice point={0.5, 0.5, 0.5} normal={0.8, -0.5, 0.3} enable_partitioner=0 verbose=1[0m
[32mSTATUS: [0][/usr/common/software/sensei/sensei/build/sensei-3.0.0/endpoints/ADIOS1EndPoint.cpp:112][v2.1.1-149-ge5ec951][0m
[32mSTATUS: Processing time step 0 time 0[0m
[32mSTATUS: [0][/usr/common/software/sensei/sensei/build/sensei-3.0.0/endpoints/ADIOS1EndPoint.cpp:112][v2.1.1-149-ge5ec951][0m
[32mSTATUS: Processing time step 1 time 1[0m
[32mSTATUS: [0][/usr/common/software/sensei/sensei/build/sensei-3.0.0/endpoints/ADIOS1EndPoint.cpp:112][v2.1.1-149-ge5ec951][0m
[32mSTATUS: Processing time step 2 time 2[0m
[32mSTATUS: [0][/usr/common/software/sensei/sensei/build/sensei-3.0.0/endpoints/ADIOS1EndPoint.cpp:112][v2.1.1-149-ge5ec951][0m
[32mSTATUS: Processing time step 3 time 3[0m
[32mSTATUS: [0][/usr/common/software/sensei/sensei/build/sensei-3.0.0/endpoints/ADIOS1EndPoint.cpp:112][v2.1.1-149-ge5ec951][0m
[32mSTATUS: Processing time step 4 time 4[0m
[32mSTATUS: [0][/usr/common/software/sensei/sensei/build/sensei-3.0.0/endpoints/ADIOS1EndPoint.cpp:112][v2.1.1-149-ge5ec951][0m
[32mSTATUS: Processing time step 5 time 5[0m
[32mSTATUS: [0][/usr/common/software/sensei/sensei/build/sensei-3.0.0/endpoints/ADIOS1EndPoint.cpp:112][v2.1.1-149-ge5ec951][0m
[32mSTATUS: Processing time step 6 time 6[0m
[32mSTATUS: [0][/usr/common/software/sensei/sensei/build/sensei-3.0.0/endpoints/ADIOS1EndPoint.cpp:112][v2.1.1-149-ge5ec951][0m
[32mSTATUS: Processing time step 7 time 7[0m
[32mSTATUS: [0][/usr/common/software/sensei/sensei/build/sensei-3.0.0/endpoints/ADIOS1EndPoint.cpp:112][v2.1.1-149-ge5ec951][0m
[32mSTATUS: Processing time step 8 time 8[0m
[32mSTATUS: [0][/usr/common/software/sensei/sensei/build/sensei-3.0.0/endpoints/ADIOS1EndPoint.cpp:112][v2.1.1-149-ge5ec951][0m
[32mSTATUS: Processing time step 9 time 9[0m
[32mSTATUS: [0][/usr/common/software/sensei/sensei/build/sensei-3.0.0/endpoints/ADIOS1EndPoint.cpp:131][v2.1.1-149-ge5ec951][0m
[32mSTATUS: Finished processing 10 time steps[0m
+ echo =============================================
=============================================
+ O=0
+ T=1
+ L=4096
+ M=8192
+ N=4096
+ ./in_transit_slice_has.sh
O=0 T=1 L=4096 M=8192 N=4096 RM= RN=129 S=./configs/slice_extract_has.xml D=2019_199_01_12
rm: cannot remove 'data_slice_has.bp*': No such file or directory
sensei/3.0.0-vtk-shared(3):ERROR:150: Module 'sensei/3.0.0-vtk-shared' conflicts with the currently loaded module(s) 'sensei/sVTK/8.1.1'
sensei/3.0.0-vtk-shared(3):ERROR:102: Tcl command execution failed: conflict sensei

+ export TIMER_ENABLE=1
+ TIMER_ENABLE=1
+ export MEMPROF_INTERVAL=0.5
+ MEMPROF_INTERVAL=0.5
+ export TIMER_LOG_FILE=./logs_has/23137580_osc_slice_has_o0_t1_l4096_m8192_n4096_2019_199_01_12.time
+ TIMER_LOG_FILE=./logs_has/23137580_osc_slice_has_o0_t1_l4096_m8192_n4096_2019_199_01_12.time
+ export MEMPROF_LOG_FILE=./logs_has/23137580_osc_slice_has_o0_t1_l4096_m8192_n4096_2019_199_01_12.mem
+ MEMPROF_LOG_FILE=./logs_has/23137580_osc_slice_has_o0_t1_l4096_m8192_n4096_2019_199_01_12.mem
+ cat ./configs/write_adios1_flexpath_slice_has.xml
+ sed 's/.*/[36m&[0m/'
[36m<sensei>[0m
[36m  <analysis type="adios1" filename="data_slice_has.bp" method="FLEXPATH" enabled="1" >[0m
[36m    <mesh name="mesh">[0m
[36m        <cell_arrays> data </cell_arrays>[0m
[36m    </mesh>[0m
[36m  </analysis>[0m
[36m</sensei>[0m
+ srun -N 257 -n 8192 -r 0 oscillator -t 1 -s 4096,4096,4096 -e 0,1,0,1,0,1 -b 8192 -f ./configs/write_adios1_flexpath_slice_has.xml -g 1 -p 0 ./inputs/conf.osc
+ delay=300
+ sed 's/.*/[31m&[0m/'
+ set +x
.................................................................found at 65s
+ export TIMER_LOG_FILE=./logs_has/23137580_aep_slice_has_o0_t1_l4096_m8192_n4096_2019_199_01_12.time
+ TIMER_LOG_FILE=./logs_has/23137580_aep_slice_has_o0_t1_l4096_m8192_n4096_2019_199_01_12.time
+ export MEMPROF_LOG_FILE=./logs_has/23137580_aep_slice_has_o0_t1_l4096_m8192_n4096_2019_199_01_12.mem
+ MEMPROF_LOG_FILE=./logs_has/23137580_aep_slice_has_o0_t1_l4096_m8192_n4096_2019_199_01_12.mem
+ sed 's/.*/[36m&[0m/'
+ cat ./configs/slice_extract_has.xml
[36m<sensei>[0m
[36m  <analysis type="SliceExtract" operation="planar_slice"[0m
[36m    enable_partitioner="0"  verbose="1" enabled="1">[0m
[36m    <mesh name="mesh">[0m
[36m      <cell_arrays> data </cell_arrays>[0m
[36m    </mesh>[0m
[36m    <point> 0.5 0.5 0.5 </point>[0m
[36m    <normal> 0.8 -0.5 0.3 </normal>[0m
[36m    <writer mode="paraview" output_dir="./slices_has" />[0m
[36m  </analysis>[0m
[36m</sensei>[0m
+ srun -N 129 -n 4096 -r 257 ADIOS1EndPoint -r FLEXPATH -f ./configs/slice_extract_has.xml data_slice_has.bp
+ sed 's/.*/[32m&[0m/'
[31mTimer configured with logging enabled, summarize events off, summary modulus 100000000, [0m
[31mtimer log file "./logs_has/23137580_osc_slice_has_o0_t1_l4096_m8192_n4096_2019_199_01_12.time", memory profiler log file "./logs_has/23137580_osc_slice_has_o0_t1_l4096_m8192_n4096_2019_199_01_12.mem", sampling interval 0.5 seconds[0m
[31mSTATUS: [0][/usr/common/software/sensei/sensei/build/sensei-3.0.0/sensei/ConfigurableAnalysis.cxx:347][v2.1.1-149-ge5ec951][0m
[31mSTATUS: Configured ADIOSAnalysisAdaptor filename="data_slice_has.bp" method FLEXPATH max_buffer_size=0[0m
[31mTotal run time: 411.23 s[0m
[32mTimer configured with logging enabled, summarize events off, summary modulus 100000000, [0m
[32mtimer log file "./logs_has/23137580_aep_slice_has_o0_t1_l4096_m8192_n4096_2019_199_01_12.time", memory profiler log file "./logs_has/23137580_aep_slice_has_o0_t1_l4096_m8192_n4096_2019_199_01_12.mem", sampling interval 0.5 seconds[0m
[32mSTATUS: [0][/usr/common/software/sensei/sensei/build/sensei-3.0.0/endpoints/ADIOS1EndPoint.cpp:74][v2.1.1-149-ge5ec951][0m
[32mSTATUS: Opening: "data_slice_has.bp" using method "FLEXPATH"[0m
[32mSTATUS: [0][/usr/common/software/sensei/sensei/build/sensei-3.0.0/endpoints/ADIOS1EndPoint.cpp:90][v2.1.1-149-ge5ec951][0m
[32mSTATUS: Loading configurable analysis "./configs/slice_extract_has.xml"[0m
[32mSTATUS: [0][/usr/common/software/sensei/sensei/build/sensei-3.0.0/sensei/ConfigurableAnalysis.cxx:993][v2.1.1-149-ge5ec951][0m
[32mSTATUS: Configured SliceExtract  writer.mode=paraview writer.outputDir=./slices_has writer.writer=xml operation=planar_slice point={0.5, 0.5, 0.5} normal={0.8, -0.5, 0.3} enable_partitioner=0 verbose=1[0m
[32mSTATUS: [0][/usr/common/software/sensei/sensei/build/sensei-3.0.0/endpoints/ADIOS1EndPoint.cpp:112][v2.1.1-149-ge5ec951][0m
[32mSTATUS: Processing time step 0 time 0[0m
[32mSTATUS: [0][/usr/common/software/sensei/sensei/build/sensei-3.0.0/endpoints/ADIOS1EndPoint.cpp:112][v2.1.1-149-ge5ec951][0m
[32mSTATUS: Processing time step 1 time 1[0m
[32mSTATUS: [0][/usr/common/software/sensei/sensei/build/sensei-3.0.0/endpoints/ADIOS1EndPoint.cpp:112][v2.1.1-149-ge5ec951][0m
[32mSTATUS: Processing time step 2 time 2[0m
[32mSTATUS: [0][/usr/common/software/sensei/sensei/build/sensei-3.0.0/endpoints/ADIOS1EndPoint.cpp:112][v2.1.1-149-ge5ec951][0m
[32mSTATUS: Processing time step 3 time 3[0m
[32mSTATUS: [0][/usr/common/software/sensei/sensei/build/sensei-3.0.0/endpoints/ADIOS1EndPoint.cpp:112][v2.1.1-149-ge5ec951][0m
[32mSTATUS: Processing time step 4 time 4[0m
[32mSTATUS: [0][/usr/common/software/sensei/sensei/build/sensei-3.0.0/endpoints/ADIOS1EndPoint.cpp:112][v2.1.1-149-ge5ec951][0m
[32mSTATUS: Processing time step 5 time 5[0m
[32mSTATUS: [0][/usr/common/software/sensei/sensei/build/sensei-3.0.0/endpoints/ADIOS1EndPoint.cpp:112][v2.1.1-149-ge5ec951][0m
[32mSTATUS: Processing time step 6 time 6[0m
[32mSTATUS: [0][/usr/common/software/sensei/sensei/build/sensei-3.0.0/endpoints/ADIOS1EndPoint.cpp:112][v2.1.1-149-ge5ec951][0m
[32mSTATUS: Processing time step 7 time 7[0m
[32mSTATUS: [0][/usr/common/software/sensei/sensei/build/sensei-3.0.0/endpoints/ADIOS1EndPoint.cpp:112][v2.1.1-149-ge5ec951][0m
[32mSTATUS: Processing time step 8 time 8[0m
[32mSTATUS: [0][/usr/common/software/sensei/sensei/build/sensei-3.0.0/endpoints/ADIOS1EndPoint.cpp:112][v2.1.1-149-ge5ec951][0m
[32mSTATUS: Processing time step 9 time 9[0m
[32mSTATUS: [0][/usr/common/software/sensei/sensei/build/sensei-3.0.0/endpoints/ADIOS1EndPoint.cpp:131][v2.1.1-149-ge5ec951][0m
[32mSTATUS: Finished processing 10 time steps[0m
+ echo =============================================
=============================================
+ O=0
+ T=1
+ L=4096
+ M=8192
+ N=2048
+ ./in_transit_slice_has.sh
O=0 T=1 L=4096 M=8192 N=2048 RM= RN=65 S=./configs/slice_extract_has.xml D=2019_199_01_20
rm: cannot remove 'data_slice_has.bp*': No such file or directory
sensei/3.0.0-vtk-shared(3):ERROR:150: Module 'sensei/3.0.0-vtk-shared' conflicts with the currently loaded module(s) 'sensei/sVTK/8.1.1'
sensei/3.0.0-vtk-shared(3):ERROR:102: Tcl command execution failed: conflict sensei

+ export TIMER_ENABLE=1
+ TIMER_ENABLE=1
+ export MEMPROF_INTERVAL=0.5
+ MEMPROF_INTERVAL=0.5
+ export TIMER_LOG_FILE=./logs_has/23137580_osc_slice_has_o0_t1_l4096_m8192_n2048_2019_199_01_20.time
+ TIMER_LOG_FILE=./logs_has/23137580_osc_slice_has_o0_t1_l4096_m8192_n2048_2019_199_01_20.time
+ export MEMPROF_LOG_FILE=./logs_has/23137580_osc_slice_has_o0_t1_l4096_m8192_n2048_2019_199_01_20.mem
+ MEMPROF_LOG_FILE=./logs_has/23137580_osc_slice_has_o0_t1_l4096_m8192_n2048_2019_199_01_20.mem
+ cat ./configs/write_adios1_flexpath_slice_has.xml
+ sed 's/.*/[36m&[0m/'
[36m<sensei>[0m
[36m  <analysis type="adios1" filename="data_slice_has.bp" method="FLEXPATH" enabled="1" >[0m
[36m    <mesh name="mesh">[0m
[36m        <cell_arrays> data </cell_arrays>[0m
[36m    </mesh>[0m
[36m  </analysis>[0m
[36m</sensei>[0m
+ srun -N 257 -n 8192 -r 0 oscillator -t 1 -s 4096,4096,4096 -e 0,1,0,1,0,1 -b 8192 -f ./configs/write_adios1_flexpath_slice_has.xml -g 1 -p 0 ./inputs/conf.osc
+ delay=300
+ set +x
+ sed 's/.*/[31m&[0m/'
.................................................................found at 65s
+ export TIMER_LOG_FILE=./logs_has/23137580_aep_slice_has_o0_t1_l4096_m8192_n2048_2019_199_01_20.time
+ TIMER_LOG_FILE=./logs_has/23137580_aep_slice_has_o0_t1_l4096_m8192_n2048_2019_199_01_20.time
+ export MEMPROF_LOG_FILE=./logs_has/23137580_aep_slice_has_o0_t1_l4096_m8192_n2048_2019_199_01_20.mem
+ MEMPROF_LOG_FILE=./logs_has/23137580_aep_slice_has_o0_t1_l4096_m8192_n2048_2019_199_01_20.mem
+ cat ./configs/slice_extract_has.xml
+ sed 's/.*/[36m&[0m/'
[36m<sensei>[0m
[36m  <analysis type="SliceExtract" operation="planar_slice"[0m
[36m    enable_partitioner="0"  verbose="1" enabled="1">[0m
[36m    <mesh name="mesh">[0m
[36m      <cell_arrays> data </cell_arrays>[0m
[36m    </mesh>[0m
[36m    <point> 0.5 0.5 0.5 </point>[0m
[36m    <normal> 0.8 -0.5 0.3 </normal>[0m
[36m    <writer mode="paraview" output_dir="./slices_has" />[0m
[36m  </analysis>[0m
[36m</sensei>[0m
+ srun -N 65 -n 2048 -r 257 ADIOS1EndPoint -r FLEXPATH -f ./configs/slice_extract_has.xml data_slice_has.bp
+ sed 's/.*/[32m&[0m/'
[32mTimer configured with logging enabled, summarize events off, summary modulus 100000000, [0m
[32mtimer log file "./logs_has/23137580_aep_slice_has_o0_t1_l4096_m8192_n2048_2019_199_01_20.time", memory profiler log file "./logs_has/23137580_aep_slice_has_o0_t1_l4096_m8192_n2048_2019_199_01_20.mem", sampling interval 0.5 seconds[0m
[32mSTATUS: [0][/usr/common/software/sensei/sensei/build/sensei-3.0.0/endpoints/ADIOS1EndPoint.cpp:74][v2.1.1-149-ge5ec951][0m
[32mSTATUS: Opening: "data_slice_has.bp" using method "FLEXPATH"[0m
[32mSTATUS: [0][/usr/common/software/sensei/sensei/build/sensei-3.0.0/endpoints/ADIOS1EndPoint.cpp:90][v2.1.1-149-ge5ec951][0m
[32mSTATUS: Loading configurable analysis "./configs/slice_extract_has.xml"[0m
[32mSTATUS: [0][/usr/common/software/sensei/sensei/build/sensei-3.0.0/sensei/ConfigurableAnalysis.cxx:993][v2.1.1-149-ge5ec951][0m
[32mSTATUS: Configured SliceExtract  writer.mode=paraview writer.outputDir=./slices_has writer.writer=xml operation=planar_slice point={0.5, 0.5, 0.5} normal={0.8, -0.5, 0.3} enable_partitioner=0 verbose=1[0m
[32mSTATUS: [0][/usr/common/software/sensei/sensei/build/sensei-3.0.0/endpoints/ADIOS1EndPoint.cpp:112][v2.1.1-149-ge5ec951][0m
[32mSTATUS: Processing time step 0 time 0[0m
[32mSTATUS: [0][/usr/common/software/sensei/sensei/build/sensei-3.0.0/endpoints/ADIOS1EndPoint.cpp:112][v2.1.1-149-ge5ec951][0m
[32mSTATUS: Processing time step 1 time 1[0m
[32mSTATUS: [0][/usr/common/software/sensei/sensei/build/sensei-3.0.0/endpoints/ADIOS1EndPoint.cpp:112][v2.1.1-149-ge5ec951][0m
[32mSTATUS: Processing time step 2 time 2[0m
[32mSTATUS: [0][/usr/common/software/sensei/sensei/build/sensei-3.0.0/endpoints/ADIOS1EndPoint.cpp:112][v2.1.1-149-ge5ec951][0m
[32mSTATUS: Processing time step 3 time 3[0m
[32mSTATUS: [0][/usr/common/software/sensei/sensei/build/sensei-3.0.0/endpoints/ADIOS1EndPoint.cpp:112][v2.1.1-149-ge5ec951][0m
[32mSTATUS: Processing time step 4 time 4[0m
[32mSTATUS: [0][/usr/common/software/sensei/sensei/build/sensei-3.0.0/endpoints/ADIOS1EndPoint.cpp:112][v2.1.1-149-ge5ec951][0m
[32mSTATUS: Processing time step 5 time 5[0m
[32mSTATUS: [0][/usr/common/software/sensei/sensei/build/sensei-3.0.0/endpoints/ADIOS1EndPoint.cpp:112][v2.1.1-149-ge5ec951][0m
[32mSTATUS: Processing time step 6 time 6[0m
[32mSTATUS: [0][/usr/common/software/sensei/sensei/build/sensei-3.0.0/endpoints/ADIOS1EndPoint.cpp:112][v2.1.1-149-ge5ec951][0m
[32mSTATUS: Processing time step 7 time 7[0m
[32mSTATUS: [0][/usr/common/software/sensei/sensei/build/sensei-3.0.0/endpoints/ADIOS1EndPoint.cpp:112][v2.1.1-149-ge5ec951][0m
[32mSTATUS: Processing time step 8 time 8[0m
[32mSTATUS: [0][/usr/common/software/sensei/sensei/build/sensei-3.0.0/endpoints/ADIOS1EndPoint.cpp:112][v2.1.1-149-ge5ec951][0m
[32mSTATUS: Processing time step 9 time 9[0m
[32mSTATUS: [0][/usr/common/software/sensei/sensei/build/sensei-3.0.0/endpoints/ADIOS1EndPoint.cpp:131][v2.1.1-149-ge5ec951][0m
[32mSTATUS: Finished processing 10 time steps[0m
+ echo =============================================
=============================================
+ O=0
+ T=1
+ L=4096
+ M=8192
+ N=1024
+ ./in_transit_slice_has.sh
O=0 T=1 L=4096 M=8192 N=1024 RM= RN=33 S=./configs/slice_extract_has.xml D=2019_199_01_28
[31mTimer configured with logging enabled, summarize events off, summary modulus 100000000, [0m
[31mtimer log file "./logs_has/23137580_osc_slice_has_o0_t1_l4096_m8192_n2048_2019_199_01_20.time", memory profiler log file "./logs_has/23137580_osc_slice_has_o0_t1_l4096_m8192_n2048_2019_199_01_20.mem", sampling interval 0.5 seconds[0m
[31mSTATUS: [0][/usr/common/software/sensei/sensei/build/sensei-3.0.0/sensei/ConfigurableAnalysis.cxx:347][v2.1.1-149-ge5ec951][0m
[31mSTATUS: Configured ADIOSAnalysisAdaptor filename="data_slice_has.bp" method FLEXPATH max_buffer_size=0[0m
[31mTotal run time: 404.517 s[0m
rm: cannot remove 'data_slice_has.bp*': No such file or directory
sensei/3.0.0-vtk-shared(3):ERROR:150: Module 'sensei/3.0.0-vtk-shared' conflicts with the currently loaded module(s) 'sensei/sVTK/8.1.1'
sensei/3.0.0-vtk-shared(3):ERROR:102: Tcl command execution failed: conflict sensei

+ export TIMER_ENABLE=1
+ TIMER_ENABLE=1
+ export MEMPROF_INTERVAL=0.5
+ MEMPROF_INTERVAL=0.5
+ export TIMER_LOG_FILE=./logs_has/23137580_osc_slice_has_o0_t1_l4096_m8192_n1024_2019_199_01_28.time
+ TIMER_LOG_FILE=./logs_has/23137580_osc_slice_has_o0_t1_l4096_m8192_n1024_2019_199_01_28.time
+ export MEMPROF_LOG_FILE=./logs_has/23137580_osc_slice_has_o0_t1_l4096_m8192_n1024_2019_199_01_28.mem
+ MEMPROF_LOG_FILE=./logs_has/23137580_osc_slice_has_o0_t1_l4096_m8192_n1024_2019_199_01_28.mem
+ cat ./configs/write_adios1_flexpath_slice_has.xml
+ sed 's/.*/[36m&[0m/'
[36m<sensei>[0m
[36m  <analysis type="adios1" filename="data_slice_has.bp" method="FLEXPATH" enabled="1" >[0m
[36m    <mesh name="mesh">[0m
[36m        <cell_arrays> data </cell_arrays>[0m
[36m    </mesh>[0m
[36m  </analysis>[0m
[36m</sensei>[0m
+ srun -N 257 -n 8192 -r 0 oscillator -t 1 -s 4096,4096,4096 -e 0,1,0,1,0,1 -b 8192 -f ./configs/write_adios1_flexpath_slice_has.xml -g 1 -p 0 ./inputs/conf.osc
+ sed 's/.*/[31m&[0m/'
+ delay=300
+ set +x
...............................................................found at 63s
+ export TIMER_LOG_FILE=./logs_has/23137580_aep_slice_has_o0_t1_l4096_m8192_n1024_2019_199_01_28.time
+ TIMER_LOG_FILE=./logs_has/23137580_aep_slice_has_o0_t1_l4096_m8192_n1024_2019_199_01_28.time
+ export MEMPROF_LOG_FILE=./logs_has/23137580_aep_slice_has_o0_t1_l4096_m8192_n1024_2019_199_01_28.mem
+ MEMPROF_LOG_FILE=./logs_has/23137580_aep_slice_has_o0_t1_l4096_m8192_n1024_2019_199_01_28.mem
+ sed 's/.*/[36m&[0m/'
+ cat ./configs/slice_extract_has.xml
[36m<sensei>[0m
[36m  <analysis type="SliceExtract" operation="planar_slice"[0m
[36m    enable_partitioner="0"  verbose="1" enabled="1">[0m
[36m    <mesh name="mesh">[0m
[36m      <cell_arrays> data </cell_arrays>[0m
[36m    </mesh>[0m
[36m    <point> 0.5 0.5 0.5 </point>[0m
[36m    <normal> 0.8 -0.5 0.3 </normal>[0m
[36m    <writer mode="paraview" output_dir="./slices_has" />[0m
[36m  </analysis>[0m
[36m</sensei>[0m
+ srun -N 33 -n 1024 -r 257 ADIOS1EndPoint -r FLEXPATH -f ./configs/slice_extract_has.xml data_slice_has.bp
+ sed 's/.*/[32m&[0m/'
[32mTimer configured with logging enabled, summarize events off, summary modulus 100000000, [0m
[32mtimer log file "./logs_has/23137580_aep_slice_has_o0_t1_l4096_m8192_n1024_2019_199_01_28.time", memory profiler log file "./logs_has/23137580_aep_slice_has_o0_t1_l4096_m8192_n1024_2019_199_01_28.mem", sampling interval 0.5 seconds[0m
[32mSTATUS: [0][/usr/common/software/sensei/sensei/build/sensei-3.0.0/endpoints/ADIOS1EndPoint.cpp:74][v2.1.1-149-ge5ec951][0m
[32mSTATUS: Opening: "data_slice_has.bp" using method "FLEXPATH"[0m
[32mSTATUS: [0][/usr/common/software/sensei/sensei/build/sensei-3.0.0/endpoints/ADIOS1EndPoint.cpp:90][v2.1.1-149-ge5ec951][0m
[32mSTATUS: Loading configurable analysis "./configs/slice_extract_has.xml"[0m
[32mSTATUS: [0][/usr/common/software/sensei/sensei/build/sensei-3.0.0/sensei/ConfigurableAnalysis.cxx:993][v2.1.1-149-ge5ec951][0m
[32mSTATUS: Configured SliceExtract  writer.mode=paraview writer.outputDir=./slices_has writer.writer=xml operation=planar_slice point={0.5, 0.5, 0.5} normal={0.8, -0.5, 0.3} enable_partitioner=0 verbose=1[0m
[32mSTATUS: [0][/usr/common/software/sensei/sensei/build/sensei-3.0.0/endpoints/ADIOS1EndPoint.cpp:112][v2.1.1-149-ge5ec951][0m
[32mSTATUS: Processing time step 0 time 0[0m
[32mSTATUS: [0][/usr/common/software/sensei/sensei/build/sensei-3.0.0/endpoints/ADIOS1EndPoint.cpp:112][v2.1.1-149-ge5ec951][0m
[32mSTATUS: Processing time step 1 time 1[0m
[32mSTATUS: [0][/usr/common/software/sensei/sensei/build/sensei-3.0.0/endpoints/ADIOS1EndPoint.cpp:112][v2.1.1-149-ge5ec951][0m
[32mSTATUS: Processing time step 2 time 2[0m
[32mSTATUS: [0][/usr/common/software/sensei/sensei/build/sensei-3.0.0/endpoints/ADIOS1EndPoint.cpp:112][v2.1.1-149-ge5ec951][0m
[32mSTATUS: Processing time step 3 time 3[0m
[32mSTATUS: [0][/usr/common/software/sensei/sensei/build/sensei-3.0.0/endpoints/ADIOS1EndPoint.cpp:112][v2.1.1-149-ge5ec951][0m
[32mSTATUS: Processing time step 4 time 4[0m
[32mSTATUS: [0][/usr/common/software/sensei/sensei/build/sensei-3.0.0/endpoints/ADIOS1EndPoint.cpp:112][v2.1.1-149-ge5ec951][0m
[32mSTATUS: Processing time step 5 time 5[0m
[32mSTATUS: [0][/usr/common/software/sensei/sensei/build/sensei-3.0.0/endpoints/ADIOS1EndPoint.cpp:112][v2.1.1-149-ge5ec951][0m
[32mSTATUS: Processing time step 6 time 6[0m
[32mSTATUS: [0][/usr/common/software/sensei/sensei/build/sensei-3.0.0/endpoints/ADIOS1EndPoint.cpp:112][v2.1.1-149-ge5ec951][0m
[32mSTATUS: Processing time step 7 time 7[0m
[32mSTATUS: [0][/usr/common/software/sensei/sensei/build/sensei-3.0.0/endpoints/ADIOS1EndPoint.cpp:112][v2.1.1-149-ge5ec951][0m
[32mSTATUS: Processing time step 8 time 8[0m
[32mSTATUS: [0][/usr/common/software/sensei/sensei/build/sensei-3.0.0/endpoints/ADIOS1EndPoint.cpp:112][v2.1.1-149-ge5ec951][0m
[32mSTATUS: Processing time step 9 time 9[0m
[32mSTATUS: [0][/usr/common/software/sensei/sensei/build/sensei-3.0.0/endpoints/ADIOS1EndPoint.cpp:131][v2.1.1-149-ge5ec951][0m
[32mSTATUS: Finished processing 10 time steps[0m
+ echo =============================================
=============================================
+ O=0
+ T=1
+ L=4096
+ M=8192
+ N=512
+ ./in_transit_slice_has.sh
O=0 T=1 L=4096 M=8192 N=512 RM= RN=17 S=./configs/slice_extract_has.xml D=2019_199_01_37
[31mTimer configured with logging enabled, summarize events off, summary modulus 100000000, [0m
[31mtimer log file "./logs_has/23137580_osc_slice_has_o0_t1_l4096_m8192_n1024_2019_199_01_28.time", memory profiler log file "./logs_has/23137580_osc_slice_has_o0_t1_l4096_m8192_n1024_2019_199_01_28.mem", sampling interval 0.5 seconds[0m
[31mSTATUS: [0][/usr/common/software/sensei/sensei/build/sensei-3.0.0/sensei/ConfigurableAnalysis.cxx:347][v2.1.1-149-ge5ec951][0m
[31mSTATUS: Configured ADIOSAnalysisAdaptor filename="data_slice_has.bp" method FLEXPATH max_buffer_size=0[0m
[31mTotal run time: 414.750 s[0m
rm: cannot remove 'data_slice_has.bp*': No such file or directory
sensei/3.0.0-vtk-shared(3):ERROR:150: Module 'sensei/3.0.0-vtk-shared' conflicts with the currently loaded module(s) 'sensei/sVTK/8.1.1'
sensei/3.0.0-vtk-shared(3):ERROR:102: Tcl command execution failed: conflict sensei

+ export TIMER_ENABLE=1
+ TIMER_ENABLE=1
+ export MEMPROF_INTERVAL=0.5
+ MEMPROF_INTERVAL=0.5
+ export TIMER_LOG_FILE=./logs_has/23137580_osc_slice_has_o0_t1_l4096_m8192_n512_2019_199_01_37.time
+ TIMER_LOG_FILE=./logs_has/23137580_osc_slice_has_o0_t1_l4096_m8192_n512_2019_199_01_37.time
+ export MEMPROF_LOG_FILE=./logs_has/23137580_osc_slice_has_o0_t1_l4096_m8192_n512_2019_199_01_37.mem
+ MEMPROF_LOG_FILE=./logs_has/23137580_osc_slice_has_o0_t1_l4096_m8192_n512_2019_199_01_37.mem
+ cat ./configs/write_adios1_flexpath_slice_has.xml
+ sed 's/.*/[36m&[0m/'
[36m<sensei>[0m
[36m  <analysis type="adios1" filename="data_slice_has.bp" method="FLEXPATH" enabled="1" >[0m
[36m    <mesh name="mesh">[0m
[36m        <cell_arrays> data </cell_arrays>[0m
[36m    </mesh>[0m
[36m  </analysis>[0m
[36m</sensei>[0m
+ srun -N 257 -n 8192 -r 0 oscillator -t 1 -s 4096,4096,4096 -e 0,1,0,1,0,1 -b 8192 -f ./configs/write_adios1_flexpath_slice_has.xml -g 1 -p 0 ./inputs/conf.osc
+ delay=300
+ sed 's/.*/[31m&[0m/'
+ set +x
................................................................found at 64s
+ export TIMER_LOG_FILE=./logs_has/23137580_aep_slice_has_o0_t1_l4096_m8192_n512_2019_199_01_37.time
+ TIMER_LOG_FILE=./logs_has/23137580_aep_slice_has_o0_t1_l4096_m8192_n512_2019_199_01_37.time
+ export MEMPROF_LOG_FILE=./logs_has/23137580_aep_slice_has_o0_t1_l4096_m8192_n512_2019_199_01_37.mem
+ MEMPROF_LOG_FILE=./logs_has/23137580_aep_slice_has_o0_t1_l4096_m8192_n512_2019_199_01_37.mem
+ cat ./configs/slice_extract_has.xml
+ sed 's/.*/[36m&[0m/'
[36m<sensei>[0m
[36m  <analysis type="SliceExtract" operation="planar_slice"[0m
[36m    enable_partitioner="0"  verbose="1" enabled="1">[0m
[36m    <mesh name="mesh">[0m
[36m      <cell_arrays> data </cell_arrays>[0m
[36m    </mesh>[0m
[36m    <point> 0.5 0.5 0.5 </point>[0m
[36m    <normal> 0.8 -0.5 0.3 </normal>[0m
[36m    <writer mode="paraview" output_dir="./slices_has" />[0m
[36m  </analysis>[0m
[36m</sensei>[0m
+ srun -N 17 -n 512 -r 257 ADIOS1EndPoint -r FLEXPATH -f ./configs/slice_extract_has.xml data_slice_has.bp
+ sed 's/.*/[32m&[0m/'
[32mTimer configured with logging enabled, summarize events off, summary modulus 100000000, [0m
[32mtimer log file "./logs_has/23137580_aep_slice_has_o0_t1_l4096_m8192_n512_2019_199_01_37.time", memory profiler log file "./logs_has/23137580_aep_slice_has_o0_t1_l4096_m8192_n512_2019_199_01_37.mem", sampling interval 0.5 seconds[0m
[32mSTATUS: [0][/usr/common/software/sensei/sensei/build/sensei-3.0.0/endpoints/ADIOS1EndPoint.cpp:74][v2.1.1-149-ge5ec951][0m
[32mSTATUS: Opening: "data_slice_has.bp" using method "FLEXPATH"[0m
[32mSTATUS: [0][/usr/common/software/sensei/sensei/build/sensei-3.0.0/endpoints/ADIOS1EndPoint.cpp:90][v2.1.1-149-ge5ec951][0m
[32mSTATUS: Loading configurable analysis "./configs/slice_extract_has.xml"[0m
[32mSTATUS: [0][/usr/common/software/sensei/sensei/build/sensei-3.0.0/sensei/ConfigurableAnalysis.cxx:993][v2.1.1-149-ge5ec951][0m
[32mSTATUS: Configured SliceExtract  writer.mode=paraview writer.outputDir=./slices_has writer.writer=xml operation=planar_slice point={0.5, 0.5, 0.5} normal={0.8, -0.5, 0.3} enable_partitioner=0 verbose=1[0m
[32mSTATUS: [0][/usr/common/software/sensei/sensei/build/sensei-3.0.0/endpoints/ADIOS1EndPoint.cpp:112][v2.1.1-149-ge5ec951][0m
[32mSTATUS: Processing time step 0 time 0[0m
[32mSTATUS: [0][/usr/common/software/sensei/sensei/build/sensei-3.0.0/endpoints/ADIOS1EndPoint.cpp:112][v2.1.1-149-ge5ec951][0m
[32mSTATUS: Processing time step 1 time 1[0m
[32mSTATUS: [0][/usr/common/software/sensei/sensei/build/sensei-3.0.0/endpoints/ADIOS1EndPoint.cpp:112][v2.1.1-149-ge5ec951][0m
[32mSTATUS: Processing time step 2 time 2[0m
[32mSTATUS: [0][/usr/common/software/sensei/sensei/build/sensei-3.0.0/endpoints/ADIOS1EndPoint.cpp:112][v2.1.1-149-ge5ec951][0m
[32mSTATUS: Processing time step 3 time 3[0m
[32mSTATUS: [0][/usr/common/software/sensei/sensei/build/sensei-3.0.0/endpoints/ADIOS1EndPoint.cpp:112][v2.1.1-149-ge5ec951][0m
[32mSTATUS: Processing time step 4 time 4[0m
[32mSTATUS: [0][/usr/common/software/sensei/sensei/build/sensei-3.0.0/endpoints/ADIOS1EndPoint.cpp:112][v2.1.1-149-ge5ec951][0m
[32mSTATUS: Processing time step 5 time 5[0m
[32mSTATUS: [0][/usr/common/software/sensei/sensei/build/sensei-3.0.0/endpoints/ADIOS1EndPoint.cpp:112][v2.1.1-149-ge5ec951][0m
[32mSTATUS: Processing time step 6 time 6[0m
[32mSTATUS: [0][/usr/common/software/sensei/sensei/build/sensei-3.0.0/endpoints/ADIOS1EndPoint.cpp:112][v2.1.1-149-ge5ec951][0m
[32mSTATUS: Processing time step 7 time 7[0m
[32mSTATUS: [0][/usr/common/software/sensei/sensei/build/sensei-3.0.0/endpoints/ADIOS1EndPoint.cpp:112][v2.1.1-149-ge5ec951][0m
[32mSTATUS: Processing time step 8 time 8[0m
[32mSTATUS: [0][/usr/common/software/sensei/sensei/build/sensei-3.0.0/endpoints/ADIOS1EndPoint.cpp:112][v2.1.1-149-ge5ec951][0m
[32mSTATUS: Processing time step 9 time 9[0m
[32mSTATUS: [0][/usr/common/software/sensei/sensei/build/sensei-3.0.0/endpoints/ADIOS1EndPoint.cpp:131][v2.1.1-149-ge5ec951][0m
[32mSTATUS: Finished processing 10 time steps[0m
+ echo =============================================
=============================================
+ O=0
+ T=1
+ L=4096
+ M=8192
+ N=256
+ ./in_transit_slice_has.sh
O=0 T=1 L=4096 M=8192 N=256 RM= RN=9 S=./configs/slice_extract_has.xml D=2019_199_01_45
[31mTimer configured with logging enabled, summarize events off, summary modulus 100000000, [0m
[31mtimer log file "./logs_has/23137580_osc_slice_has_o0_t1_l4096_m8192_n512_2019_199_01_37.time", memory profiler log file "./logs_has/23137580_osc_slice_has_o0_t1_l4096_m8192_n512_2019_199_01_37.mem", sampling interval 0.5 seconds[0m
[31mSTATUS: [0][/usr/common/software/sensei/sensei/build/sensei-3.0.0/sensei/ConfigurableAnalysis.cxx:347][v2.1.1-149-ge5ec951][0m
[31mSTATUS: Configured ADIOSAnalysisAdaptor filename="data_slice_has.bp" method FLEXPATH max_buffer_size=0[0m
[31mTotal run time: 421.137 s[0m
rm: cannot remove 'data_slice_has.bp*': No such file or directory
sensei/3.0.0-vtk-shared(3):ERROR:150: Module 'sensei/3.0.0-vtk-shared' conflicts with the currently loaded module(s) 'sensei/sVTK/8.1.1'
sensei/3.0.0-vtk-shared(3):ERROR:102: Tcl command execution failed: conflict sensei

+ export TIMER_ENABLE=1
+ TIMER_ENABLE=1
+ export MEMPROF_INTERVAL=0.5
+ MEMPROF_INTERVAL=0.5
+ export TIMER_LOG_FILE=./logs_has/23137580_osc_slice_has_o0_t1_l4096_m8192_n256_2019_199_01_45.time
+ TIMER_LOG_FILE=./logs_has/23137580_osc_slice_has_o0_t1_l4096_m8192_n256_2019_199_01_45.time
+ export MEMPROF_LOG_FILE=./logs_has/23137580_osc_slice_has_o0_t1_l4096_m8192_n256_2019_199_01_45.mem
+ MEMPROF_LOG_FILE=./logs_has/23137580_osc_slice_has_o0_t1_l4096_m8192_n256_2019_199_01_45.mem
+ cat ./configs/write_adios1_flexpath_slice_has.xml
+ sed 's/.*/[36m&[0m/'
[36m<sensei>[0m
[36m  <analysis type="adios1" filename="data_slice_has.bp" method="FLEXPATH" enabled="1" >[0m
[36m    <mesh name="mesh">[0m
[36m        <cell_arrays> data </cell_arrays>[0m
[36m    </mesh>[0m
[36m  </analysis>[0m
[36m</sensei>[0m
+ srun -N 257 -n 8192 -r 0 oscillator -t 1 -s 4096,4096,4096 -e 0,1,0,1,0,1 -b 8192 -f ./configs/write_adios1_flexpath_slice_has.xml -g 1 -p 0 ./inputs/conf.osc
+ delay=300
+ sed 's/.*/[31m&[0m/'
+ set +x
......................................................................found at 70s
+ export TIMER_LOG_FILE=./logs_has/23137580_aep_slice_has_o0_t1_l4096_m8192_n256_2019_199_01_45.time
+ TIMER_LOG_FILE=./logs_has/23137580_aep_slice_has_o0_t1_l4096_m8192_n256_2019_199_01_45.time
+ export MEMPROF_LOG_FILE=./logs_has/23137580_aep_slice_has_o0_t1_l4096_m8192_n256_2019_199_01_45.mem
+ MEMPROF_LOG_FILE=./logs_has/23137580_aep_slice_has_o0_t1_l4096_m8192_n256_2019_199_01_45.mem
+ cat ./configs/slice_extract_has.xml
+ sed 's/.*/[36m&[0m/'
[36m<sensei>[0m
[36m  <analysis type="SliceExtract" operation="planar_slice"[0m
[36m    enable_partitioner="0"  verbose="1" enabled="1">[0m
[36m    <mesh name="mesh">[0m
[36m      <cell_arrays> data </cell_arrays>[0m
[36m    </mesh>[0m
[36m    <point> 0.5 0.5 0.5 </point>[0m
[36m    <normal> 0.8 -0.5 0.3 </normal>[0m
[36m    <writer mode="paraview" output_dir="./slices_has" />[0m
[36m  </analysis>[0m
[36m</sensei>[0m
+ srun -N 9 -n 256 -r 257 ADIOS1EndPoint -r FLEXPATH -f ./configs/slice_extract_has.xml data_slice_has.bp
+ sed 's/.*/[32m&[0m/'
[32mTimer configured with logging enabled, summarize events off, summary modulus 100000000, [0m
[32mtimer log file "./logs_has/23137580_aep_slice_has_o0_t1_l4096_m8192_n256_2019_199_01_45.time", memory profiler log file "./logs_has/23137580_aep_slice_has_o0_t1_l4096_m8192_n256_2019_199_01_45.mem", sampling interval 0.5 seconds[0m
[32mSTATUS: [0][/usr/common/software/sensei/sensei/build/sensei-3.0.0/endpoints/ADIOS1EndPoint.cpp:74][v2.1.1-149-ge5ec951][0m
[32mSTATUS: Opening: "data_slice_has.bp" using method "FLEXPATH"[0m
[32mSTATUS: [0][/usr/common/software/sensei/sensei/build/sensei-3.0.0/endpoints/ADIOS1EndPoint.cpp:90][v2.1.1-149-ge5ec951][0m
[32mSTATUS: Loading configurable analysis "./configs/slice_extract_has.xml"[0m
[32mSTATUS: [0][/usr/common/software/sensei/sensei/build/sensei-3.0.0/sensei/ConfigurableAnalysis.cxx:993][v2.1.1-149-ge5ec951][0m
[32mSTATUS: Configured SliceExtract  writer.mode=paraview writer.outputDir=./slices_has writer.writer=xml operation=planar_slice point={0.5, 0.5, 0.5} normal={0.8, -0.5, 0.3} enable_partitioner=0 verbose=1[0m
[32mSTATUS: [0][/usr/common/software/sensei/sensei/build/sensei-3.0.0/endpoints/ADIOS1EndPoint.cpp:112][v2.1.1-149-ge5ec951][0m
[32mSTATUS: Processing time step 0 time 0[0m
[32mSTATUS: [0][/usr/common/software/sensei/sensei/build/sensei-3.0.0/endpoints/ADIOS1EndPoint.cpp:112][v2.1.1-149-ge5ec951][0m
[32mSTATUS: Processing time step 1 time 1[0m
[32mSTATUS: [0][/usr/common/software/sensei/sensei/build/sensei-3.0.0/endpoints/ADIOS1EndPoint.cpp:112][v2.1.1-149-ge5ec951][0m
[32mSTATUS: Processing time step 2 time 2[0m
[32mSTATUS: [0][/usr/common/software/sensei/sensei/build/sensei-3.0.0/endpoints/ADIOS1EndPoint.cpp:112][v2.1.1-149-ge5ec951][0m
[32mSTATUS: Processing time step 3 time 3[0m
[32mSTATUS: [0][/usr/common/software/sensei/sensei/build/sensei-3.0.0/endpoints/ADIOS1EndPoint.cpp:112][v2.1.1-149-ge5ec951][0m
[32mSTATUS: Processing time step 4 time 4[0m
[32mSTATUS: [0][/usr/common/software/sensei/sensei/build/sensei-3.0.0/endpoints/ADIOS1EndPoint.cpp:112][v2.1.1-149-ge5ec951][0m
[32mSTATUS: Processing time step 5 time 5[0m
[32mSTATUS: [0][/usr/common/software/sensei/sensei/build/sensei-3.0.0/endpoints/ADIOS1EndPoint.cpp:112][v2.1.1-149-ge5ec951][0m
[32mSTATUS: Processing time step 6 time 6[0m
[32mSTATUS: [0][/usr/common/software/sensei/sensei/build/sensei-3.0.0/endpoints/ADIOS1EndPoint.cpp:112][v2.1.1-149-ge5ec951][0m
[32mSTATUS: Processing time step 7 time 7[0m
[32mSTATUS: [0][/usr/common/software/sensei/sensei/build/sensei-3.0.0/endpoints/ADIOS1EndPoint.cpp:112][v2.1.1-149-ge5ec951][0m
[32mSTATUS: Processing time step 8 time 8[0m
[32mSTATUS: [0][/usr/common/software/sensei/sensei/build/sensei-3.0.0/endpoints/ADIOS1EndPoint.cpp:112][v2.1.1-149-ge5ec951][0m
[32mSTATUS: Processing time step 9 time 9[0m
[32mSTATUS: [0][/usr/common/software/sensei/sensei/build/sensei-3.0.0/endpoints/ADIOS1EndPoint.cpp:131][v2.1.1-149-ge5ec951][0m
[32mSTATUS: Finished processing 10 time steps[0m
+ echo =============================================
=============================================
+ O=0
+ T=1
+ L=4096
+ M=8192
+ N=128
+ ./in_transit_slice_has.sh
O=0 T=1 L=4096 M=8192 N=128 RM= RN=5 S=./configs/slice_extract_has.xml D=2019_199_01_56
[31mTimer configured with logging enabled, summarize events off, summary modulus 100000000, [0m
[31mtimer log file "./logs_has/23137580_osc_slice_has_o0_t1_l4096_m8192_n256_2019_199_01_45.time", memory profiler log file "./logs_has/23137580_osc_slice_has_o0_t1_l4096_m8192_n256_2019_199_01_45.mem", sampling interval 0.5 seconds[0m
[31mSTATUS: [0][/usr/common/software/sensei/sensei/build/sensei-3.0.0/sensei/ConfigurableAnalysis.cxx:347][v2.1.1-149-ge5ec951][0m
[31mSTATUS: Configured ADIOSAnalysisAdaptor filename="data_slice_has.bp" method FLEXPATH max_buffer_size=0[0m
[31mTotal run time: 556.637 s[0m
rm: cannot remove 'data_slice_has.bp*': No such file or directory
sensei/3.0.0-vtk-shared(3):ERROR:150: Module 'sensei/3.0.0-vtk-shared' conflicts with the currently loaded module(s) 'sensei/sVTK/8.1.1'
sensei/3.0.0-vtk-shared(3):ERROR:102: Tcl command execution failed: conflict sensei

+ export TIMER_ENABLE=1
+ TIMER_ENABLE=1
+ export MEMPROF_INTERVAL=0.5
+ MEMPROF_INTERVAL=0.5
+ export TIMER_LOG_FILE=./logs_has/23137580_osc_slice_has_o0_t1_l4096_m8192_n128_2019_199_01_56.time
+ TIMER_LOG_FILE=./logs_has/23137580_osc_slice_has_o0_t1_l4096_m8192_n128_2019_199_01_56.time
+ export MEMPROF_LOG_FILE=./logs_has/23137580_osc_slice_has_o0_t1_l4096_m8192_n128_2019_199_01_56.mem
+ MEMPROF_LOG_FILE=./logs_has/23137580_osc_slice_has_o0_t1_l4096_m8192_n128_2019_199_01_56.mem
+ cat ./configs/write_adios1_flexpath_slice_has.xml
+ sed 's/.*/[36m&[0m/'
[36m<sensei>[0m
[36m  <analysis type="adios1" filename="data_slice_has.bp" method="FLEXPATH" enabled="1" >[0m
[36m    <mesh name="mesh">[0m
[36m        <cell_arrays> data </cell_arrays>[0m
[36m    </mesh>[0m
[36m  </analysis>[0m
[36m</sensei>[0m
+ srun -N 257 -n 8192 -r 0 oscillator -t 1 -s 4096,4096,4096 -e 0,1,0,1,0,1 -b 8192 -f ./configs/write_adios1_flexpath_slice_has.xml -g 1 -p 0 ./inputs/conf.osc
+ delay=300
+ set +x
+ sed 's/.*/[31m&[0m/'
...............................................................found at 63s
+ export TIMER_LOG_FILE=./logs_has/23137580_aep_slice_has_o0_t1_l4096_m8192_n128_2019_199_01_56.time
+ TIMER_LOG_FILE=./logs_has/23137580_aep_slice_has_o0_t1_l4096_m8192_n128_2019_199_01_56.time
+ export MEMPROF_LOG_FILE=./logs_has/23137580_aep_slice_has_o0_t1_l4096_m8192_n128_2019_199_01_56.mem
+ MEMPROF_LOG_FILE=./logs_has/23137580_aep_slice_has_o0_t1_l4096_m8192_n128_2019_199_01_56.mem
+ cat ./configs/slice_extract_has.xml
+ sed 's/.*/[36m&[0m/'
[36m<sensei>[0m
[36m  <analysis type="SliceExtract" operation="planar_slice"[0m
[36m    enable_partitioner="0"  verbose="1" enabled="1">[0m
[36m    <mesh name="mesh">[0m
[36m      <cell_arrays> data </cell_arrays>[0m
[36m    </mesh>[0m
[36m    <point> 0.5 0.5 0.5 </point>[0m
[36m    <normal> 0.8 -0.5 0.3 </normal>[0m
[36m    <writer mode="paraview" output_dir="./slices_has" />[0m
[36m  </analysis>[0m
[36m</sensei>[0m
+ sed 's/.*/[32m&[0m/'
+ srun -N 5 -n 128 -r 257 ADIOS1EndPoint -r FLEXPATH -f ./configs/slice_extract_has.xml data_slice_has.bp
[32mTimer configured with logging enabled, summarize events off, summary modulus 100000000, [0m
[32mtimer log file "./logs_has/23137580_aep_slice_has_o0_t1_l4096_m8192_n128_2019_199_01_56.time", memory profiler log file "./logs_has/23137580_aep_slice_has_o0_t1_l4096_m8192_n128_2019_199_01_56.mem", sampling interval 0.5 seconds[0m
[32mSTATUS: [0][/usr/common/software/sensei/sensei/build/sensei-3.0.0/endpoints/ADIOS1EndPoint.cpp:74][v2.1.1-149-ge5ec951][0m
[32mSTATUS: Opening: "data_slice_has.bp" using method "FLEXPATH"[0m
[32mSTATUS: [0][/usr/common/software/sensei/sensei/build/sensei-3.0.0/endpoints/ADIOS1EndPoint.cpp:90][v2.1.1-149-ge5ec951][0m
[32mSTATUS: Loading configurable analysis "./configs/slice_extract_has.xml"[0m
[32mSTATUS: [0][/usr/common/software/sensei/sensei/build/sensei-3.0.0/sensei/ConfigurableAnalysis.cxx:993][v2.1.1-149-ge5ec951][0m
[32mSTATUS: Configured SliceExtract  writer.mode=paraview writer.outputDir=./slices_has writer.writer=xml operation=planar_slice point={0.5, 0.5, 0.5} normal={0.8, -0.5, 0.3} enable_partitioner=0 verbose=1[0m
[32mSTATUS: [0][/usr/common/software/sensei/sensei/build/sensei-3.0.0/endpoints/ADIOS1EndPoint.cpp:112][v2.1.1-149-ge5ec951][0m
[32mSTATUS: Processing time step 0 time 0[0m
[32mSTATUS: [0][/usr/common/software/sensei/sensei/build/sensei-3.0.0/endpoints/ADIOS1EndPoint.cpp:112][v2.1.1-149-ge5ec951][0m
[32mSTATUS: Processing time step 1 time 1[0m
[32mSTATUS: [0][/usr/common/software/sensei/sensei/build/sensei-3.0.0/endpoints/ADIOS1EndPoint.cpp:112][v2.1.1-149-ge5ec951][0m
[32mSTATUS: Processing time step 2 time 2[0m
[32mSTATUS: [0][/usr/common/software/sensei/sensei/build/sensei-3.0.0/endpoints/ADIOS1EndPoint.cpp:112][v2.1.1-149-ge5ec951][0m
[32mSTATUS: Processing time step 3 time 3[0m
[32mSTATUS: [0][/usr/common/software/sensei/sensei/build/sensei-3.0.0/endpoints/ADIOS1EndPoint.cpp:112][v2.1.1-149-ge5ec951][0m
[32mSTATUS: Processing time step 4 time 4[0m
[32mSTATUS: [0][/usr/common/software/sensei/sensei/build/sensei-3.0.0/endpoints/ADIOS1EndPoint.cpp:112][v2.1.1-149-ge5ec951][0m
[32mSTATUS: Processing time step 5 time 5[0m
[32mSTATUS: [0][/usr/common/software/sensei/sensei/build/sensei-3.0.0/endpoints/ADIOS1EndPoint.cpp:112][v2.1.1-149-ge5ec951][0m
[32mSTATUS: Processing time step 6 time 6[0m
[32mSTATUS: [0][/usr/common/software/sensei/sensei/build/sensei-3.0.0/endpoints/ADIOS1EndPoint.cpp:112][v2.1.1-149-ge5ec951][0m
[32mSTATUS: Processing time step 7 time 7[0m
[32mSTATUS: [0][/usr/common/software/sensei/sensei/build/sensei-3.0.0/endpoints/ADIOS1EndPoint.cpp:112][v2.1.1-149-ge5ec951][0m
[32mSTATUS: Processing time step 8 time 8[0m
[32mSTATUS: [0][/usr/common/software/sensei/sensei/build/sensei-3.0.0/endpoints/ADIOS1EndPoint.cpp:112][v2.1.1-149-ge5ec951][0m
[32mSTATUS: Processing time step 9 time 9[0m
[32mSTATUS: [0][/usr/common/software/sensei/sensei/build/sensei-3.0.0/endpoints/ADIOS1EndPoint.cpp:131][v2.1.1-149-ge5ec951][0m
[32mSTATUS: Finished processing 10 time steps[0m
+ echo =============================================
=============================================
