+ echo =============================================
=============================================
+ echo 'IsoSurfacePartitioner                        '
IsoSurfacePartitioner                        
+ echo =============================================
=============================================
+ O=1
+ T=1
+ L=4096
+ M=8192
+ N=8192
+ ./in_transit_iso_has.sh
O=1 T=1 L=4096 M=8192 N=8192 RM=257 RN=257 S=./configs/iso_extract_opt_has.xml D=2019_199_12_18
rm: cannot remove 'data_iso_has.bp*': No such file or directory
sensei/3.0.0-vtk-shared(3):ERROR:150: Module 'sensei/3.0.0-vtk-shared' conflicts with the currently loaded module(s) 'sensei/sVTK/8.1.1'
sensei/3.0.0-vtk-shared(3):ERROR:102: Tcl command execution failed: conflict sensei

+ export TIMER_ENABLE=0
+ TIMER_ENABLE=0
+ export MEMPROF_INTERVAL=0.5
+ MEMPROF_INTERVAL=0.5
+ export TIMER_LOG_FILE=./logs_has/23150227_osc_iso_has_o1_t1_l4096_m8192_n8192_2019_199_12_18.time
+ TIMER_LOG_FILE=./logs_has/23150227_osc_iso_has_o1_t1_l4096_m8192_n8192_2019_199_12_18.time
+ export MEMPROF_LOG_FILE=./logs_has/23150227_osc_iso_has_o1_t1_l4096_m8192_n8192_2019_199_12_18.mem
+ MEMPROF_LOG_FILE=./logs_has/23150227_osc_iso_has_o1_t1_l4096_m8192_n8192_2019_199_12_18.mem
+ cat ./configs/write_adios1_flexpath_iso_has.xml
+ sed 's/.*/[36m&[0m/'
[36m<sensei>[0m
[36m  <analysis type="adios1" filename="data_iso_has.bp" method="FLEXPATH" enabled="1" >[0m
[36m    <mesh name="mesh">[0m
[36m        <cell_arrays> data </cell_arrays>[0m
[36m    </mesh>[0m
[36m  </analysis>[0m
[36m</sensei>[0m
+ srun -N 257 -n 8192 -r 0 oscillator -t 1 -s 4096,4096,4096 -e 0,1,0,1,0,1 -b 8192 -f ./configs/write_adios1_flexpath_iso_has.xml -g 1 -p 0 ./inputs/conf.osc
+ sed 's/.*/[31m&[0m/'
+ delay=300
+ set +x
...............................................................................found at 79s
+ export TIMER_LOG_FILE=./logs_has/23150227_aep_iso_has_o1_t1_l4096_m8192_n8192_2019_199_12_18.time
+ TIMER_LOG_FILE=./logs_has/23150227_aep_iso_has_o1_t1_l4096_m8192_n8192_2019_199_12_18.time
+ export MEMPROF_LOG_FILE=./logs_has/23150227_aep_iso_has_o1_t1_l4096_m8192_n8192_2019_199_12_18.mem
+ MEMPROF_LOG_FILE=./logs_has/23150227_aep_iso_has_o1_t1_l4096_m8192_n8192_2019_199_12_18.mem
+ sed 's/.*/[36m&[0m/'
+ cat ./configs/iso_extract_opt_has.xml
[36m<sensei>[0m
[36m  <analysis type="SliceExtract" operation="iso_surface"[0m
[36m    enable_partitioner="1" verbose="1" enabled="1">[0m
[36m[0m
[36m    <iso_values mesh_name="mesh" array_name="data"[0m
[36m       array_centering="cell">[0m
[36m       -0.25 1.25 3.25[0m
[36m    </iso_values>[0m
[36m[0m
[36m    <writer mode="paraview" output_dir="./isos_has" />[0m
[36m  </analysis>[0m
[36m</sensei>[0m
+ srun -N 257 -n 8192 -r 257 ADIOS1EndPoint -r FLEXPATH -f ./configs/iso_extract_opt_has.xml data_iso_has.bp
+ sed 's/.*/[32m&[0m/'
[32mSTATUS: [0][/usr/common/software/sensei/sensei/build/sensei-3.0.0/endpoints/ADIOS1EndPoint.cpp:74][v2.1.1-149-ge5ec951][0m
[32mSTATUS: Opening: "data_iso_has.bp" using method "FLEXPATH"[0m
[32mSTATUS: [0][/usr/common/software/sensei/sensei/build/sensei-3.0.0/endpoints/ADIOS1EndPoint.cpp:90][v2.1.1-149-ge5ec951][0m
[32mSTATUS: Loading configurable analysis "./configs/iso_extract_opt_has.xml"[0m
[32mSTATUS: [0][/usr/common/software/sensei/sensei/build/sensei-3.0.0/sensei/ConfigurableAnalysis.cxx:993][v2.1.1-149-ge5ec951][0m
[32mSTATUS: Configured SliceExtract  writer.mode=paraview writer.outputDir=./isos_has writer.writer=xml operation=iso_surface mesh_name=mesh array_name=data array_centering=cell iso_values={-0.25, 1.25, 3.25} enable_partitioner=1 verbose=1[0m
[32mSTATUS: [0][/usr/common/software/sensei/sensei/build/sensei-3.0.0/endpoints/ADIOS1EndPoint.cpp:112][v2.1.1-149-ge5ec951][0m
[32mSTATUS: Processing time step 0 time 0[0m
[32mSTATUS: [0][/usr/common/software/sensei/sensei/build/sensei-3.0.0/sensei/IsoSurfacePartitioner.cxx:171][v2.1.1-149-ge5ec951][0m
[32mSTATUS: IsoSurfacePartitioner: NumBlocks=8192 NumActiveBlocks=0 numCellsMoved=0 numCellsLeft=70887997440 movedFraction=0[0m
[32mSTATUS: [0][/usr/common/software/sensei/sensei/build/sensei-3.0.0/endpoints/ADIOS1EndPoint.cpp:112][v2.1.1-149-ge5ec951][0m
[32mSTATUS: Processing time step 1 time 1[0m
[32mSTATUS: [0][/usr/common/software/sensei/sensei/build/sensei-3.0.0/sensei/IsoSurfacePartitioner.cxx:171][v2.1.1-149-ge5ec951][0m
[32mSTATUS: IsoSurfacePartitioner: NumBlocks=8192 NumActiveBlocks=1975 numCellsMoved=17090307000 numCellsLeft=53797690440 movedFraction=0.241089[0m
[32mSTATUS: [0][/usr/common/software/sensei/sensei/build/sensei-3.0.0/endpoints/ADIOS1EndPoint.cpp:112][v2.1.1-149-ge5ec951][0m
[32mSTATUS: Processing time step 2 time 2[0m
[32mSTATUS: [0][/usr/common/software/sensei/sensei/build/sensei-3.0.0/sensei/IsoSurfacePartitioner.cxx:171][v2.1.1-149-ge5ec951][0m
[32mSTATUS: IsoSurfacePartitioner: NumBlocks=8192 NumActiveBlocks=2019 numCellsMoved=17471053080 numCellsLeft=53416944360 movedFraction=0.24646[0m
[32mSTATUS: [0][/usr/common/software/sensei/sensei/build/sensei-3.0.0/endpoints/ADIOS1EndPoint.cpp:112][v2.1.1-149-ge5ec951][0m
[32mSTATUS: Processing time step 3 time 3[0m
[32mSTATUS: [0][/usr/common/software/sensei/sensei/build/sensei-3.0.0/sensei/IsoSurfacePartitioner.cxx:171][v2.1.1-149-ge5ec951][0m
[32mSTATUS: IsoSurfacePartitioner: NumBlocks=8192 NumActiveBlocks=2018 numCellsMoved=17462399760 numCellsLeft=53425597680 movedFraction=0.246338[0m
[32mSTATUS: [0][/usr/common/software/sensei/sensei/build/sensei-3.0.0/endpoints/ADIOS1EndPoint.cpp:112][v2.1.1-149-ge5ec951][0m
[32mSTATUS: Processing time step 4 time 4[0m
[32mSTATUS: [0][/usr/common/software/sensei/sensei/build/sensei-3.0.0/sensei/IsoSurfacePartitioner.cxx:171][v2.1.1-149-ge5ec951][0m
[32mSTATUS: IsoSurfacePartitioner: NumBlocks=8192 NumActiveBlocks=2014 numCellsMoved=17427786480 numCellsLeft=53460210960 movedFraction=0.24585[0m
[32mSTATUS: [0][/usr/common/software/sensei/sensei/build/sensei-3.0.0/endpoints/ADIOS1EndPoint.cpp:112][v2.1.1-149-ge5ec951][0m
[32mSTATUS: Processing time step 5 time 5[0m
[32mSTATUS: [0][/usr/common/software/sensei/sensei/build/sensei-3.0.0/sensei/IsoSurfacePartitioner.cxx:171][v2.1.1-149-ge5ec951][0m
[32mSTATUS: IsoSurfacePartitioner: NumBlocks=8192 NumActiveBlocks=2038 numCellsMoved=17635466160 numCellsLeft=53252531280 movedFraction=0.248779[0m
[32mSTATUS: [0][/usr/common/software/sensei/sensei/build/sensei-3.0.0/endpoints/ADIOS1EndPoint.cpp:112][v2.1.1-149-ge5ec951][0m
[32mSTATUS: Processing time step 6 time 6[0m
[32mSTATUS: [0][/usr/common/software/sensei/sensei/build/sensei-3.0.0/sensei/IsoSurfacePartitioner.cxx:171][v2.1.1-149-ge5ec951][0m
[32mSTATUS: IsoSurfacePartitioner: NumBlocks=8192 NumActiveBlocks=2135 numCellsMoved=18474838200 numCellsLeft=52413159240 movedFraction=0.26062[0m
[32mSTATUS: [0][/usr/common/software/sensei/sensei/build/sensei-3.0.0/endpoints/ADIOS1EndPoint.cpp:112][v2.1.1-149-ge5ec951][0m
[32mSTATUS: Processing time step 7 time 7[0m
[32mSTATUS: [0][/usr/common/software/sensei/sensei/build/sensei-3.0.0/sensei/IsoSurfacePartitioner.cxx:171][v2.1.1-149-ge5ec951][0m
[32mSTATUS: IsoSurfacePartitioner: NumBlocks=8192 NumActiveBlocks=2010 numCellsMoved=17393173200 numCellsLeft=53494824240 movedFraction=0.245361[0m
[32mSTATUS: [0][/usr/common/software/sensei/sensei/build/sensei-3.0.0/endpoints/ADIOS1EndPoint.cpp:112][v2.1.1-149-ge5ec951][0m
[32mSTATUS: Processing time step 8 time 8[0m
[32mSTATUS: [0][/usr/common/software/sensei/sensei/build/sensei-3.0.0/sensei/IsoSurfacePartitioner.cxx:171][v2.1.1-149-ge5ec951][0m
[32mSTATUS: IsoSurfacePartitioner: NumBlocks=8192 NumActiveBlocks=2177 numCellsMoved=18838277640 numCellsLeft=52049719800 movedFraction=0.265747[0m
[32mSTATUS: [0][/usr/common/software/sensei/sensei/build/sensei-3.0.0/endpoints/ADIOS1EndPoint.cpp:112][v2.1.1-149-ge5ec951][0m
[32mSTATUS: Processing time step 9 time 9[0m
[32mSTATUS: [0][/usr/common/software/sensei/sensei/build/sensei-3.0.0/sensei/IsoSurfacePartitioner.cxx:171][v2.1.1-149-ge5ec951][0m
[32mSTATUS: IsoSurfacePartitioner: NumBlocks=8192 NumActiveBlocks=2187 numCellsMoved=18924810840 numCellsLeft=51963186600 movedFraction=0.266968[0m
[32mSTATUS: [0][/usr/common/software/sensei/sensei/build/sensei-3.0.0/endpoints/ADIOS1EndPoint.cpp:131][v2.1.1-149-ge5ec951][0m
[32mSTATUS: Finished processing 10 time steps[0m
+ echo =============================================
=============================================
+ O=1
+ T=1
+ L=4096
+ M=8192
+ N=4096
+ ./in_transit_iso_has.sh
[31mSTATUS: [0][/usr/common/software/sensei/sensei/build/sensei-3.0.0/sensei/ConfigurableAnalysis.cxx:347][v2.1.1-149-ge5ec951][0m
[31mSTATUS: Configured ADIOSAnalysisAdaptor filename="data_iso_has.bp" method FLEXPATH max_buffer_size=0[0m
[31mTotal run time: 411.611 s[0m
O=1 T=1 L=4096 M=8192 N=4096 RM=257 RN=129 S=./configs/iso_extract_opt_has.xml D=2019_199_12_27
rm: cannot remove 'data_iso_has.bp*': No such file or directory
sensei/3.0.0-vtk-shared(3):ERROR:150: Module 'sensei/3.0.0-vtk-shared' conflicts with the currently loaded module(s) 'sensei/sVTK/8.1.1'
sensei/3.0.0-vtk-shared(3):ERROR:102: Tcl command execution failed: conflict sensei

+ export TIMER_ENABLE=0
+ TIMER_ENABLE=0
+ export MEMPROF_INTERVAL=0.5
+ MEMPROF_INTERVAL=0.5
+ export TIMER_LOG_FILE=./logs_has/23150227_osc_iso_has_o1_t1_l4096_m8192_n4096_2019_199_12_27.time
+ TIMER_LOG_FILE=./logs_has/23150227_osc_iso_has_o1_t1_l4096_m8192_n4096_2019_199_12_27.time
+ export MEMPROF_LOG_FILE=./logs_has/23150227_osc_iso_has_o1_t1_l4096_m8192_n4096_2019_199_12_27.mem
+ MEMPROF_LOG_FILE=./logs_has/23150227_osc_iso_has_o1_t1_l4096_m8192_n4096_2019_199_12_27.mem
+ cat ./configs/write_adios1_flexpath_iso_has.xml
+ sed 's/.*/[36m&[0m/'
[36m<sensei>[0m
[36m  <analysis type="adios1" filename="data_iso_has.bp" method="FLEXPATH" enabled="1" >[0m
[36m    <mesh name="mesh">[0m
[36m        <cell_arrays> data </cell_arrays>[0m
[36m    </mesh>[0m
[36m  </analysis>[0m
[36m</sensei>[0m
+ delay=300
+ set +x
+ srun -N 257 -n 8192 -r 0 oscillator -t 1 -s 4096,4096,4096 -e 0,1,0,1,0,1 -b 8192 -f ./configs/write_adios1_flexpath_iso_has.xml -g 1 -p 0 ./inputs/conf.osc
.+ sed 's/.*/[31m&[0m/'
....................................................................found at 69s
+ export TIMER_LOG_FILE=./logs_has/23150227_aep_iso_has_o1_t1_l4096_m8192_n4096_2019_199_12_27.time
+ TIMER_LOG_FILE=./logs_has/23150227_aep_iso_has_o1_t1_l4096_m8192_n4096_2019_199_12_27.time
+ export MEMPROF_LOG_FILE=./logs_has/23150227_aep_iso_has_o1_t1_l4096_m8192_n4096_2019_199_12_27.mem
+ MEMPROF_LOG_FILE=./logs_has/23150227_aep_iso_has_o1_t1_l4096_m8192_n4096_2019_199_12_27.mem
+ sed 's/.*/[36m&[0m/'
+ cat ./configs/iso_extract_opt_has.xml
[36m<sensei>[0m
[36m  <analysis type="SliceExtract" operation="iso_surface"[0m
[36m    enable_partitioner="1" verbose="1" enabled="1">[0m
[36m[0m
[36m    <iso_values mesh_name="mesh" array_name="data"[0m
[36m       array_centering="cell">[0m
[36m       -0.25 1.25 3.25[0m
[36m    </iso_values>[0m
[36m[0m
[36m    <writer mode="paraview" output_dir="./isos_has" />[0m
[36m  </analysis>[0m
[36m</sensei>[0m
+ srun -N 129 -n 4096 -r 257 ADIOS1EndPoint -r FLEXPATH -f ./configs/iso_extract_opt_has.xml data_iso_has.bp
+ sed 's/.*/[32m&[0m/'
[31mSTATUS: [0][/usr/common/software/sensei/sensei/build/sensei-3.0.0/sensei/ConfigurableAnalysis.cxx:347][v2.1.1-149-ge5ec951][0m
[31mSTATUS: Configured ADIOSAnalysisAdaptor filename="data_iso_has.bp" method FLEXPATH max_buffer_size=0[0m
[31mTotal run time: 429.177 s[0m
[32mSTATUS: [0][/usr/common/software/sensei/sensei/build/sensei-3.0.0/endpoints/ADIOS1EndPoint.cpp:74][v2.1.1-149-ge5ec951][0m
[32mSTATUS: Opening: "data_iso_has.bp" using method "FLEXPATH"[0m
[32mSTATUS: [0][/usr/common/software/sensei/sensei/build/sensei-3.0.0/endpoints/ADIOS1EndPoint.cpp:90][v2.1.1-149-ge5ec951][0m
[32mSTATUS: Loading configurable analysis "./configs/iso_extract_opt_has.xml"[0m
[32mSTATUS: [0][/usr/common/software/sensei/sensei/build/sensei-3.0.0/sensei/ConfigurableAnalysis.cxx:993][v2.1.1-149-ge5ec951][0m
[32mSTATUS: Configured SliceExtract  writer.mode=paraview writer.outputDir=./isos_has writer.writer=xml operation=iso_surface mesh_name=mesh array_name=data array_centering=cell iso_values={-0.25, 1.25, 3.25} enable_partitioner=1 verbose=1[0m
[32mSTATUS: [0][/usr/common/software/sensei/sensei/build/sensei-3.0.0/endpoints/ADIOS1EndPoint.cpp:112][v2.1.1-149-ge5ec951][0m
[32mSTATUS: Processing time step 0 time 0[0m
[32mSTATUS: [0][/usr/common/software/sensei/sensei/build/sensei-3.0.0/sensei/IsoSurfacePartitioner.cxx:171][v2.1.1-149-ge5ec951][0m
[32mSTATUS: IsoSurfacePartitioner: NumBlocks=8192 NumActiveBlocks=0 numCellsMoved=0 numCellsLeft=70887997440 movedFraction=0[0m
[32mSTATUS: [0][/usr/common/software/sensei/sensei/build/sensei-3.0.0/endpoints/ADIOS1EndPoint.cpp:112][v2.1.1-149-ge5ec951][0m
[32mSTATUS: Processing time step 1 time 1[0m
[32mSTATUS: [0][/usr/common/software/sensei/sensei/build/sensei-3.0.0/sensei/IsoSurfacePartitioner.cxx:171][v2.1.1-149-ge5ec951][0m
[32mSTATUS: IsoSurfacePartitioner: NumBlocks=8192 NumActiveBlocks=1975 numCellsMoved=17090307000 numCellsLeft=53797690440 movedFraction=0.241089[0m
[32mSTATUS: [0][/usr/common/software/sensei/sensei/build/sensei-3.0.0/endpoints/ADIOS1EndPoint.cpp:112][v2.1.1-149-ge5ec951][0m
[32mSTATUS: Processing time step 2 time 2[0m
[32mSTATUS: [0][/usr/common/software/sensei/sensei/build/sensei-3.0.0/sensei/IsoSurfacePartitioner.cxx:171][v2.1.1-149-ge5ec951][0m
[32mSTATUS: IsoSurfacePartitioner: NumBlocks=8192 NumActiveBlocks=2019 numCellsMoved=17471053080 numCellsLeft=53416944360 movedFraction=0.24646[0m
[32mSTATUS: [0][/usr/common/software/sensei/sensei/build/sensei-3.0.0/endpoints/ADIOS1EndPoint.cpp:112][v2.1.1-149-ge5ec951][0m
[32mSTATUS: Processing time step 3 time 3[0m
[32mSTATUS: [0][/usr/common/software/sensei/sensei/build/sensei-3.0.0/sensei/IsoSurfacePartitioner.cxx:171][v2.1.1-149-ge5ec951][0m
[32mSTATUS: IsoSurfacePartitioner: NumBlocks=8192 NumActiveBlocks=2018 numCellsMoved=17462399760 numCellsLeft=53425597680 movedFraction=0.246338[0m
[32mSTATUS: [0][/usr/common/software/sensei/sensei/build/sensei-3.0.0/endpoints/ADIOS1EndPoint.cpp:112][v2.1.1-149-ge5ec951][0m
[32mSTATUS: Processing time step 4 time 4[0m
[32mSTATUS: [0][/usr/common/software/sensei/sensei/build/sensei-3.0.0/sensei/IsoSurfacePartitioner.cxx:171][v2.1.1-149-ge5ec951][0m
[32mSTATUS: IsoSurfacePartitioner: NumBlocks=8192 NumActiveBlocks=2014 numCellsMoved=17427786480 numCellsLeft=53460210960 movedFraction=0.24585[0m
[32mSTATUS: [0][/usr/common/software/sensei/sensei/build/sensei-3.0.0/endpoints/ADIOS1EndPoint.cpp:112][v2.1.1-149-ge5ec951][0m
[32mSTATUS: Processing time step 5 time 5[0m
[32mSTATUS: [0][/usr/common/software/sensei/sensei/build/sensei-3.0.0/sensei/IsoSurfacePartitioner.cxx:171][v2.1.1-149-ge5ec951][0m
[32mSTATUS: IsoSurfacePartitioner: NumBlocks=8192 NumActiveBlocks=2038 numCellsMoved=17635466160 numCellsLeft=53252531280 movedFraction=0.248779[0m
[32mSTATUS: [0][/usr/common/software/sensei/sensei/build/sensei-3.0.0/endpoints/ADIOS1EndPoint.cpp:112][v2.1.1-149-ge5ec951][0m
[32mSTATUS: Processing time step 6 time 6[0m
[32mSTATUS: [0][/usr/common/software/sensei/sensei/build/sensei-3.0.0/sensei/IsoSurfacePartitioner.cxx:171][v2.1.1-149-ge5ec951][0m
[32mSTATUS: IsoSurfacePartitioner: NumBlocks=8192 NumActiveBlocks=2135 numCellsMoved=18474838200 numCellsLeft=52413159240 movedFraction=0.26062[0m
[32mSTATUS: [0][/usr/common/software/sensei/sensei/build/sensei-3.0.0/endpoints/ADIOS1EndPoint.cpp:112][v2.1.1-149-ge5ec951][0m
[32mSTATUS: Processing time step 7 time 7[0m
[32mSTATUS: [0][/usr/common/software/sensei/sensei/build/sensei-3.0.0/sensei/IsoSurfacePartitioner.cxx:171][v2.1.1-149-ge5ec951][0m
[32mSTATUS: IsoSurfacePartitioner: NumBlocks=8192 NumActiveBlocks=2010 numCellsMoved=17393173200 numCellsLeft=53494824240 movedFraction=0.245361[0m
[32mSTATUS: [0][/usr/common/software/sensei/sensei/build/sensei-3.0.0/endpoints/ADIOS1EndPoint.cpp:112][v2.1.1-149-ge5ec951][0m
[32mSTATUS: Processing time step 8 time 8[0m
[32mSTATUS: [0][/usr/common/software/sensei/sensei/build/sensei-3.0.0/sensei/IsoSurfacePartitioner.cxx:171][v2.1.1-149-ge5ec951][0m
[32mSTATUS: IsoSurfacePartitioner: NumBlocks=8192 NumActiveBlocks=2177 numCellsMoved=18838277640 numCellsLeft=52049719800 movedFraction=0.265747[0m
[32mSTATUS: [0][/usr/common/software/sensei/sensei/build/sensei-3.0.0/endpoints/ADIOS1EndPoint.cpp:112][v2.1.1-149-ge5ec951][0m
[32mSTATUS: Processing time step 9 time 9[0m
[32mSTATUS: [0][/usr/common/software/sensei/sensei/build/sensei-3.0.0/sensei/IsoSurfacePartitioner.cxx:171][v2.1.1-149-ge5ec951][0m
[32mSTATUS: IsoSurfacePartitioner: NumBlocks=8192 NumActiveBlocks=2187 numCellsMoved=18924810840 numCellsLeft=51963186600 movedFraction=0.266968[0m
[32mSTATUS: [0][/usr/common/software/sensei/sensei/build/sensei-3.0.0/endpoints/ADIOS1EndPoint.cpp:131][v2.1.1-149-ge5ec951][0m
[32mSTATUS: Finished processing 10 time steps[0m
+ echo =============================================
=============================================
+ O=1
+ T=1
+ L=4096
+ M=8192
+ N=2048
+ ./in_transit_iso_has.sh
O=1 T=1 L=4096 M=8192 N=2048 RM=257 RN=65 S=./configs/iso_extract_opt_has.xml D=2019_199_12_35
rm: cannot remove 'data_iso_has.bp*': No such file or directory
sensei/3.0.0-vtk-shared(3):ERROR:150: Module 'sensei/3.0.0-vtk-shared' conflicts with the currently loaded module(s) 'sensei/sVTK/8.1.1'
sensei/3.0.0-vtk-shared(3):ERROR:102: Tcl command execution failed: conflict sensei

+ export TIMER_ENABLE=0
+ TIMER_ENABLE=0
+ export MEMPROF_INTERVAL=0.5
+ MEMPROF_INTERVAL=0.5
+ export TIMER_LOG_FILE=./logs_has/23150227_osc_iso_has_o1_t1_l4096_m8192_n2048_2019_199_12_35.time
+ TIMER_LOG_FILE=./logs_has/23150227_osc_iso_has_o1_t1_l4096_m8192_n2048_2019_199_12_35.time
+ export MEMPROF_LOG_FILE=./logs_has/23150227_osc_iso_has_o1_t1_l4096_m8192_n2048_2019_199_12_35.mem
+ MEMPROF_LOG_FILE=./logs_has/23150227_osc_iso_has_o1_t1_l4096_m8192_n2048_2019_199_12_35.mem
+ cat ./configs/write_adios1_flexpath_iso_has.xml
+ sed 's/.*/[36m&[0m/'
[36m<sensei>[0m
[36m  <analysis type="adios1" filename="data_iso_has.bp" method="FLEXPATH" enabled="1" >[0m
[36m    <mesh name="mesh">[0m
[36m        <cell_arrays> data </cell_arrays>[0m
[36m    </mesh>[0m
[36m  </analysis>[0m
[36m</sensei>[0m
+ srun -N 257 -n 8192 -r 0 oscillator -t 1 -s 4096,4096,4096 -e 0,1,0,1,0,1 -b 8192 -f ./configs/write_adios1_flexpath_iso_has.xml -g 1 -p 0 ./inputs/conf.osc
+ delay=300
+ set +x
+ sed 's/.*/[31m&[0m/'
.....................................................................found at 69s
+ export TIMER_LOG_FILE=./logs_has/23150227_aep_iso_has_o1_t1_l4096_m8192_n2048_2019_199_12_35.time
+ TIMER_LOG_FILE=./logs_has/23150227_aep_iso_has_o1_t1_l4096_m8192_n2048_2019_199_12_35.time
+ export MEMPROF_LOG_FILE=./logs_has/23150227_aep_iso_has_o1_t1_l4096_m8192_n2048_2019_199_12_35.mem
+ MEMPROF_LOG_FILE=./logs_has/23150227_aep_iso_has_o1_t1_l4096_m8192_n2048_2019_199_12_35.mem
+ sed 's/.*/[36m&[0m/'
+ cat ./configs/iso_extract_opt_has.xml
[36m<sensei>[0m
[36m  <analysis type="SliceExtract" operation="iso_surface"[0m
[36m    enable_partitioner="1" verbose="1" enabled="1">[0m
[36m[0m
[36m    <iso_values mesh_name="mesh" array_name="data"[0m
[36m       array_centering="cell">[0m
[36m       -0.25 1.25 3.25[0m
[36m    </iso_values>[0m
[36m[0m
[36m    <writer mode="paraview" output_dir="./isos_has" />[0m
[36m  </analysis>[0m
[36m</sensei>[0m
+ srun -N 65 -n 2048 -r 257 ADIOS1EndPoint -r FLEXPATH -f ./configs/iso_extract_opt_has.xml data_iso_has.bp
+ sed 's/.*/[32m&[0m/'
[31mSTATUS: [0][/usr/common/software/sensei/sensei/build/sensei-3.0.0/sensei/ConfigurableAnalysis.cxx:347][v2.1.1-149-ge5ec951][0m
[31mSTATUS: Configured ADIOSAnalysisAdaptor filename="data_iso_has.bp" method FLEXPATH max_buffer_size=0[0m
[31mTotal run time: 428.322 s[0m
[32mSTATUS: [0][/usr/common/software/sensei/sensei/build/sensei-3.0.0/endpoints/ADIOS1EndPoint.cpp:74][v2.1.1-149-ge5ec951][0m
[32mSTATUS: Opening: "data_iso_has.bp" using method "FLEXPATH"[0m
[32mSTATUS: [0][/usr/common/software/sensei/sensei/build/sensei-3.0.0/endpoints/ADIOS1EndPoint.cpp:90][v2.1.1-149-ge5ec951][0m
[32mSTATUS: Loading configurable analysis "./configs/iso_extract_opt_has.xml"[0m
[32mSTATUS: [0][/usr/common/software/sensei/sensei/build/sensei-3.0.0/sensei/ConfigurableAnalysis.cxx:993][v2.1.1-149-ge5ec951][0m
[32mSTATUS: Configured SliceExtract  writer.mode=paraview writer.outputDir=./isos_has writer.writer=xml operation=iso_surface mesh_name=mesh array_name=data array_centering=cell iso_values={-0.25, 1.25, 3.25} enable_partitioner=1 verbose=1[0m
[32mSTATUS: [0][/usr/common/software/sensei/sensei/build/sensei-3.0.0/endpoints/ADIOS1EndPoint.cpp:112][v2.1.1-149-ge5ec951][0m
[32mSTATUS: Processing time step 0 time 0[0m
[32mSTATUS: [0][/usr/common/software/sensei/sensei/build/sensei-3.0.0/sensei/IsoSurfacePartitioner.cxx:171][v2.1.1-149-ge5ec951][0m
[32mSTATUS: IsoSurfacePartitioner: NumBlocks=8192 NumActiveBlocks=0 numCellsMoved=0 numCellsLeft=70887997440 movedFraction=0[0m
[32mSTATUS: [0][/usr/common/software/sensei/sensei/build/sensei-3.0.0/endpoints/ADIOS1EndPoint.cpp:112][v2.1.1-149-ge5ec951][0m
[32mSTATUS: Processing time step 1 time 1[0m
[32mSTATUS: [0][/usr/common/software/sensei/sensei/build/sensei-3.0.0/sensei/IsoSurfacePartitioner.cxx:171][v2.1.1-149-ge5ec951][0m
[32mSTATUS: IsoSurfacePartitioner: NumBlocks=8192 NumActiveBlocks=1975 numCellsMoved=17090307000 numCellsLeft=53797690440 movedFraction=0.241089[0m
[32mSTATUS: [0][/usr/common/software/sensei/sensei/build/sensei-3.0.0/endpoints/ADIOS1EndPoint.cpp:112][v2.1.1-149-ge5ec951][0m
[32mSTATUS: Processing time step 2 time 2[0m
[32mSTATUS: [0][/usr/common/software/sensei/sensei/build/sensei-3.0.0/sensei/IsoSurfacePartitioner.cxx:171][v2.1.1-149-ge5ec951][0m
[32mSTATUS: IsoSurfacePartitioner: NumBlocks=8192 NumActiveBlocks=2019 numCellsMoved=17471053080 numCellsLeft=53416944360 movedFraction=0.24646[0m
[32mSTATUS: [0][/usr/common/software/sensei/sensei/build/sensei-3.0.0/endpoints/ADIOS1EndPoint.cpp:112][v2.1.1-149-ge5ec951][0m
[32mSTATUS: Processing time step 3 time 3[0m
[32mSTATUS: [0][/usr/common/software/sensei/sensei/build/sensei-3.0.0/sensei/IsoSurfacePartitioner.cxx:171][v2.1.1-149-ge5ec951][0m
[32mSTATUS: IsoSurfacePartitioner: NumBlocks=8192 NumActiveBlocks=2018 numCellsMoved=17462399760 numCellsLeft=53425597680 movedFraction=0.246338[0m
[32mSTATUS: [0][/usr/common/software/sensei/sensei/build/sensei-3.0.0/endpoints/ADIOS1EndPoint.cpp:112][v2.1.1-149-ge5ec951][0m
[32mSTATUS: Processing time step 4 time 4[0m
[32mSTATUS: [0][/usr/common/software/sensei/sensei/build/sensei-3.0.0/sensei/IsoSurfacePartitioner.cxx:171][v2.1.1-149-ge5ec951][0m
[32mSTATUS: IsoSurfacePartitioner: NumBlocks=8192 NumActiveBlocks=2014 numCellsMoved=17427786480 numCellsLeft=53460210960 movedFraction=0.24585[0m
[32mSTATUS: [0][/usr/common/software/sensei/sensei/build/sensei-3.0.0/endpoints/ADIOS1EndPoint.cpp:112][v2.1.1-149-ge5ec951][0m
[32mSTATUS: Processing time step 5 time 5[0m
[32mSTATUS: [0][/usr/common/software/sensei/sensei/build/sensei-3.0.0/sensei/IsoSurfacePartitioner.cxx:171][v2.1.1-149-ge5ec951][0m
[32mSTATUS: IsoSurfacePartitioner: NumBlocks=8192 NumActiveBlocks=2038 numCellsMoved=17635466160 numCellsLeft=53252531280 movedFraction=0.248779[0m
[32mSTATUS: [0][/usr/common/software/sensei/sensei/build/sensei-3.0.0/endpoints/ADIOS1EndPoint.cpp:112][v2.1.1-149-ge5ec951][0m
[32mSTATUS: Processing time step 6 time 6[0m
[32mSTATUS: [0][/usr/common/software/sensei/sensei/build/sensei-3.0.0/sensei/IsoSurfacePartitioner.cxx:171][v2.1.1-149-ge5ec951][0m
[32mSTATUS: IsoSurfacePartitioner: NumBlocks=8192 NumActiveBlocks=2135 numCellsMoved=18474838200 numCellsLeft=52413159240 movedFraction=0.26062[0m
[32mSTATUS: [0][/usr/common/software/sensei/sensei/build/sensei-3.0.0/endpoints/ADIOS1EndPoint.cpp:112][v2.1.1-149-ge5ec951][0m
[32mSTATUS: Processing time step 7 time 7[0m
[32mSTATUS: [0][/usr/common/software/sensei/sensei/build/sensei-3.0.0/sensei/IsoSurfacePartitioner.cxx:171][v2.1.1-149-ge5ec951][0m
[32mSTATUS: IsoSurfacePartitioner: NumBlocks=8192 NumActiveBlocks=2010 numCellsMoved=17393173200 numCellsLeft=53494824240 movedFraction=0.245361[0m
[32mSTATUS: [0][/usr/common/software/sensei/sensei/build/sensei-3.0.0/endpoints/ADIOS1EndPoint.cpp:112][v2.1.1-149-ge5ec951][0m
[32mSTATUS: Processing time step 8 time 8[0m
[32mSTATUS: [0][/usr/common/software/sensei/sensei/build/sensei-3.0.0/sensei/IsoSurfacePartitioner.cxx:171][v2.1.1-149-ge5ec951][0m
[32mSTATUS: IsoSurfacePartitioner: NumBlocks=8192 NumActiveBlocks=2177 numCellsMoved=18838277640 numCellsLeft=52049719800 movedFraction=0.265747[0m
[32mSTATUS: [0][/usr/common/software/sensei/sensei/build/sensei-3.0.0/endpoints/ADIOS1EndPoint.cpp:112][v2.1.1-149-ge5ec951][0m
[32mSTATUS: Processing time step 9 time 9[0m
[32mSTATUS: [0][/usr/common/software/sensei/sensei/build/sensei-3.0.0/sensei/IsoSurfacePartitioner.cxx:171][v2.1.1-149-ge5ec951][0m
[32mSTATUS: IsoSurfacePartitioner: NumBlocks=8192 NumActiveBlocks=2187 numCellsMoved=18924810840 numCellsLeft=51963186600 movedFraction=0.266968[0m
[32mSTATUS: [0][/usr/common/software/sensei/sensei/build/sensei-3.0.0/endpoints/ADIOS1EndPoint.cpp:131][v2.1.1-149-ge5ec951][0m
[32mSTATUS: Finished processing 10 time steps[0m
+ echo =============================================
=============================================
+ O=1
+ T=1
+ L=4096
+ M=8192
+ N=1024
+ ./in_transit_iso_has.sh
O=1 T=1 L=4096 M=8192 N=1024 RM=257 RN=33 S=./configs/iso_extract_opt_has.xml D=2019_199_12_43
rm: cannot remove 'data_iso_has.bp*': No such file or directory
sensei/3.0.0-vtk-shared(3):ERROR:150: Module 'sensei/3.0.0-vtk-shared' conflicts with the currently loaded module(s) 'sensei/sVTK/8.1.1'
sensei/3.0.0-vtk-shared(3):ERROR:102: Tcl command execution failed: conflict sensei

+ export TIMER_ENABLE=0
+ TIMER_ENABLE=0
+ export MEMPROF_INTERVAL=0.5
+ MEMPROF_INTERVAL=0.5
+ export TIMER_LOG_FILE=./logs_has/23150227_osc_iso_has_o1_t1_l4096_m8192_n1024_2019_199_12_43.time
+ TIMER_LOG_FILE=./logs_has/23150227_osc_iso_has_o1_t1_l4096_m8192_n1024_2019_199_12_43.time
+ export MEMPROF_LOG_FILE=./logs_has/23150227_osc_iso_has_o1_t1_l4096_m8192_n1024_2019_199_12_43.mem
+ MEMPROF_LOG_FILE=./logs_has/23150227_osc_iso_has_o1_t1_l4096_m8192_n1024_2019_199_12_43.mem
+ cat ./configs/write_adios1_flexpath_iso_has.xml
+ sed 's/.*/[36m&[0m/'
[36m<sensei>[0m
[36m  <analysis type="adios1" filename="data_iso_has.bp" method="FLEXPATH" enabled="1" >[0m
[36m    <mesh name="mesh">[0m
[36m        <cell_arrays> data </cell_arrays>[0m
[36m    </mesh>[0m
[36m  </analysis>[0m
[36m</sensei>[0m
+ srun -N 257 -n 8192 -r 0 oscillator -t 1 -s 4096,4096,4096 -e 0,1,0,1,0,1 -b 8192 -f ./configs/write_adios1_flexpath_iso_has.xml -g 1 -p 0 ./inputs/conf.osc
+ delay=300
+ set +x
+ sed 's/.*/[31m&[0m/'
..............................................................................found at 78s
+ export TIMER_LOG_FILE=./logs_has/23150227_aep_iso_has_o1_t1_l4096_m8192_n1024_2019_199_12_43.time
+ TIMER_LOG_FILE=./logs_has/23150227_aep_iso_has_o1_t1_l4096_m8192_n1024_2019_199_12_43.time
+ export MEMPROF_LOG_FILE=./logs_has/23150227_aep_iso_has_o1_t1_l4096_m8192_n1024_2019_199_12_43.mem
+ MEMPROF_LOG_FILE=./logs_has/23150227_aep_iso_has_o1_t1_l4096_m8192_n1024_2019_199_12_43.mem
+ sed 's/.*/[36m&[0m/'
+ cat ./configs/iso_extract_opt_has.xml
[36m<sensei>[0m
[36m  <analysis type="SliceExtract" operation="iso_surface"[0m
[36m    enable_partitioner="1" verbose="1" enabled="1">[0m
[36m[0m
[36m    <iso_values mesh_name="mesh" array_name="data"[0m
[36m       array_centering="cell">[0m
[36m       -0.25 1.25 3.25[0m
[36m    </iso_values>[0m
[36m[0m
[36m    <writer mode="paraview" output_dir="./isos_has" />[0m
[36m  </analysis>[0m
[36m</sensei>[0m
+ srun -N 33 -n 1024 -r 257 ADIOS1EndPoint -r FLEXPATH -f ./configs/iso_extract_opt_has.xml data_iso_has.bp
+ sed 's/.*/[32m&[0m/'
[31mSTATUS: [0][/usr/common/software/sensei/sensei/build/sensei-3.0.0/sensei/ConfigurableAnalysis.cxx:347][v2.1.1-149-ge5ec951][0m
[31mSTATUS: Configured ADIOSAnalysisAdaptor filename="data_iso_has.bp" method FLEXPATH max_buffer_size=0[0m
[31mTotal run time: 421.928 s[0m
[32mSTATUS: [0][/usr/common/software/sensei/sensei/build/sensei-3.0.0/endpoints/ADIOS1EndPoint.cpp:74][v2.1.1-149-ge5ec951][0m
[32mSTATUS: Opening: "data_iso_has.bp" using method "FLEXPATH"[0m
[32mSTATUS: [0][/usr/common/software/sensei/sensei/build/sensei-3.0.0/endpoints/ADIOS1EndPoint.cpp:90][v2.1.1-149-ge5ec951][0m
[32mSTATUS: Loading configurable analysis "./configs/iso_extract_opt_has.xml"[0m
[32mSTATUS: [0][/usr/common/software/sensei/sensei/build/sensei-3.0.0/sensei/ConfigurableAnalysis.cxx:993][v2.1.1-149-ge5ec951][0m
[32mSTATUS: Configured SliceExtract  writer.mode=paraview writer.outputDir=./isos_has writer.writer=xml operation=iso_surface mesh_name=mesh array_name=data array_centering=cell iso_values={-0.25, 1.25, 3.25} enable_partitioner=1 verbose=1[0m
[32mSTATUS: [0][/usr/common/software/sensei/sensei/build/sensei-3.0.0/endpoints/ADIOS1EndPoint.cpp:112][v2.1.1-149-ge5ec951][0m
[32mSTATUS: Processing time step 0 time 0[0m
[32mSTATUS: [0][/usr/common/software/sensei/sensei/build/sensei-3.0.0/sensei/IsoSurfacePartitioner.cxx:171][v2.1.1-149-ge5ec951][0m
[32mSTATUS: IsoSurfacePartitioner: NumBlocks=8192 NumActiveBlocks=0 numCellsMoved=0 numCellsLeft=70887997440 movedFraction=0[0m
[32mSTATUS: [0][/usr/common/software/sensei/sensei/build/sensei-3.0.0/endpoints/ADIOS1EndPoint.cpp:112][v2.1.1-149-ge5ec951][0m
[32mSTATUS: Processing time step 1 time 1[0m
[32mSTATUS: [0][/usr/common/software/sensei/sensei/build/sensei-3.0.0/sensei/IsoSurfacePartitioner.cxx:171][v2.1.1-149-ge5ec951][0m
[32mSTATUS: IsoSurfacePartitioner: NumBlocks=8192 NumActiveBlocks=1975 numCellsMoved=17090307000 numCellsLeft=53797690440 movedFraction=0.241089[0m
[32mSTATUS: [0][/usr/common/software/sensei/sensei/build/sensei-3.0.0/endpoints/ADIOS1EndPoint.cpp:112][v2.1.1-149-ge5ec951][0m
[32mSTATUS: Processing time step 2 time 2[0m
[32mSTATUS: [0][/usr/common/software/sensei/sensei/build/sensei-3.0.0/sensei/IsoSurfacePartitioner.cxx:171][v2.1.1-149-ge5ec951][0m
[32mSTATUS: IsoSurfacePartitioner: NumBlocks=8192 NumActiveBlocks=2019 numCellsMoved=17471053080 numCellsLeft=53416944360 movedFraction=0.24646[0m
[32mSTATUS: [0][/usr/common/software/sensei/sensei/build/sensei-3.0.0/endpoints/ADIOS1EndPoint.cpp:112][v2.1.1-149-ge5ec951][0m
[32mSTATUS: Processing time step 3 time 3[0m
[32mSTATUS: [0][/usr/common/software/sensei/sensei/build/sensei-3.0.0/sensei/IsoSurfacePartitioner.cxx:171][v2.1.1-149-ge5ec951][0m
[32mSTATUS: IsoSurfacePartitioner: NumBlocks=8192 NumActiveBlocks=2018 numCellsMoved=17462399760 numCellsLeft=53425597680 movedFraction=0.246338[0m
[32mSTATUS: [0][/usr/common/software/sensei/sensei/build/sensei-3.0.0/endpoints/ADIOS1EndPoint.cpp:112][v2.1.1-149-ge5ec951][0m
[32mSTATUS: Processing time step 4 time 4[0m
[32mSTATUS: [0][/usr/common/software/sensei/sensei/build/sensei-3.0.0/sensei/IsoSurfacePartitioner.cxx:171][v2.1.1-149-ge5ec951][0m
[32mSTATUS: IsoSurfacePartitioner: NumBlocks=8192 NumActiveBlocks=2014 numCellsMoved=17427786480 numCellsLeft=53460210960 movedFraction=0.24585[0m
[32mSTATUS: [0][/usr/common/software/sensei/sensei/build/sensei-3.0.0/endpoints/ADIOS1EndPoint.cpp:112][v2.1.1-149-ge5ec951][0m
[32mSTATUS: Processing time step 5 time 5[0m
[32mSTATUS: [0][/usr/common/software/sensei/sensei/build/sensei-3.0.0/sensei/IsoSurfacePartitioner.cxx:171][v2.1.1-149-ge5ec951][0m
[32mSTATUS: IsoSurfacePartitioner: NumBlocks=8192 NumActiveBlocks=2038 numCellsMoved=17635466160 numCellsLeft=53252531280 movedFraction=0.248779[0m
[32mSTATUS: [0][/usr/common/software/sensei/sensei/build/sensei-3.0.0/endpoints/ADIOS1EndPoint.cpp:112][v2.1.1-149-ge5ec951][0m
[32mSTATUS: Processing time step 6 time 6[0m
[32mSTATUS: [0][/usr/common/software/sensei/sensei/build/sensei-3.0.0/sensei/IsoSurfacePartitioner.cxx:171][v2.1.1-149-ge5ec951][0m
[32mSTATUS: IsoSurfacePartitioner: NumBlocks=8192 NumActiveBlocks=2135 numCellsMoved=18474838200 numCellsLeft=52413159240 movedFraction=0.26062[0m
[32mSTATUS: [0][/usr/common/software/sensei/sensei/build/sensei-3.0.0/endpoints/ADIOS1EndPoint.cpp:112][v2.1.1-149-ge5ec951][0m
[32mSTATUS: Processing time step 7 time 7[0m
[32mSTATUS: [0][/usr/common/software/sensei/sensei/build/sensei-3.0.0/sensei/IsoSurfacePartitioner.cxx:171][v2.1.1-149-ge5ec951][0m
[32mSTATUS: IsoSurfacePartitioner: NumBlocks=8192 NumActiveBlocks=2010 numCellsMoved=17393173200 numCellsLeft=53494824240 movedFraction=0.245361[0m
[32mSTATUS: [0][/usr/common/software/sensei/sensei/build/sensei-3.0.0/endpoints/ADIOS1EndPoint.cpp:112][v2.1.1-149-ge5ec951][0m
[32mSTATUS: Processing time step 8 time 8[0m
[32mSTATUS: [0][/usr/common/software/sensei/sensei/build/sensei-3.0.0/sensei/IsoSurfacePartitioner.cxx:171][v2.1.1-149-ge5ec951][0m
[32mSTATUS: IsoSurfacePartitioner: NumBlocks=8192 NumActiveBlocks=2177 numCellsMoved=18838277640 numCellsLeft=52049719800 movedFraction=0.265747[0m
[32mSTATUS: [0][/usr/common/software/sensei/sensei/build/sensei-3.0.0/endpoints/ADIOS1EndPoint.cpp:112][v2.1.1-149-ge5ec951][0m
[32mSTATUS: Processing time step 9 time 9[0m
[32mSTATUS: [0][/usr/common/software/sensei/sensei/build/sensei-3.0.0/sensei/IsoSurfacePartitioner.cxx:171][v2.1.1-149-ge5ec951][0m
[32mSTATUS: IsoSurfacePartitioner: NumBlocks=8192 NumActiveBlocks=2187 numCellsMoved=18924810840 numCellsLeft=51963186600 movedFraction=0.266968[0m
[32mSTATUS: [0][/usr/common/software/sensei/sensei/build/sensei-3.0.0/endpoints/ADIOS1EndPoint.cpp:131][v2.1.1-149-ge5ec951][0m
[32mSTATUS: Finished processing 10 time steps[0m
+ echo =============================================
=============================================
+ O=1
+ T=1
+ L=4096
+ M=8192
+ N=512
+ ./in_transit_iso_has.sh
O=1 T=1 L=4096 M=8192 N=512 RM=257 RN=17 S=./configs/iso_extract_opt_has.xml D=2019_199_12_50
rm: cannot remove 'data_iso_has.bp*': No such file or directory
sensei/3.0.0-vtk-shared(3):ERROR:150: Module 'sensei/3.0.0-vtk-shared' conflicts with the currently loaded module(s) 'sensei/sVTK/8.1.1'
sensei/3.0.0-vtk-shared(3):ERROR:102: Tcl command execution failed: conflict sensei

+ export TIMER_ENABLE=0
+ TIMER_ENABLE=0
+ export MEMPROF_INTERVAL=0.5
+ MEMPROF_INTERVAL=0.5
+ export TIMER_LOG_FILE=./logs_has/23150227_osc_iso_has_o1_t1_l4096_m8192_n512_2019_199_12_50.time
+ TIMER_LOG_FILE=./logs_has/23150227_osc_iso_has_o1_t1_l4096_m8192_n512_2019_199_12_50.time
+ export MEMPROF_LOG_FILE=./logs_has/23150227_osc_iso_has_o1_t1_l4096_m8192_n512_2019_199_12_50.mem
+ MEMPROF_LOG_FILE=./logs_has/23150227_osc_iso_has_o1_t1_l4096_m8192_n512_2019_199_12_50.mem
+ cat ./configs/write_adios1_flexpath_iso_has.xml
+ sed 's/.*/[36m&[0m/'
[36m<sensei>[0m
[36m  <analysis type="adios1" filename="data_iso_has.bp" method="FLEXPATH" enabled="1" >[0m
[36m    <mesh name="mesh">[0m
[36m        <cell_arrays> data </cell_arrays>[0m
[36m    </mesh>[0m
[36m  </analysis>[0m
[36m</sensei>[0m
+ srun -N 257 -n 8192 -r 0 oscillator -t 1 -s 4096,4096,4096 -e 0,1,0,1,0,1 -b 8192 -f ./configs/write_adios1_flexpath_iso_has.xml -g 1 -p 0 ./inputs/conf.osc
+ delay=300
+ set +x
+ sed 's/.*/[31m&[0m/'
.....................................................found at 53s
+ export TIMER_LOG_FILE=./logs_has/23150227_aep_iso_has_o1_t1_l4096_m8192_n512_2019_199_12_50.time
+ TIMER_LOG_FILE=./logs_has/23150227_aep_iso_has_o1_t1_l4096_m8192_n512_2019_199_12_50.time
+ export MEMPROF_LOG_FILE=./logs_has/23150227_aep_iso_has_o1_t1_l4096_m8192_n512_2019_199_12_50.mem
+ MEMPROF_LOG_FILE=./logs_has/23150227_aep_iso_has_o1_t1_l4096_m8192_n512_2019_199_12_50.mem
+ cat ./configs/iso_extract_opt_has.xml
+ sed 's/.*/[36m&[0m/'
[36m<sensei>[0m
[36m  <analysis type="SliceExtract" operation="iso_surface"[0m
[36m    enable_partitioner="1" verbose="1" enabled="1">[0m
[36m[0m
[36m    <iso_values mesh_name="mesh" array_name="data"[0m
[36m       array_centering="cell">[0m
[36m       -0.25 1.25 3.25[0m
[36m    </iso_values>[0m
[36m[0m
[36m    <writer mode="paraview" output_dir="./isos_has" />[0m
[36m  </analysis>[0m
[36m</sensei>[0m
+ srun -N 17 -n 512 -r 257 ADIOS1EndPoint -r FLEXPATH -f ./configs/iso_extract_opt_has.xml data_iso_has.bp
+ sed 's/.*/[32m&[0m/'
[31mSTATUS: [0][/usr/common/software/sensei/sensei/build/sensei-3.0.0/sensei/ConfigurableAnalysis.cxx:347][v2.1.1-149-ge5ec951][0m
[31mSTATUS: Configured ADIOSAnalysisAdaptor filename="data_iso_has.bp" method FLEXPATH max_buffer_size=0[0m
[31mTotal run time: 380.266 s[0m
[32mSTATUS: [0][/usr/common/software/sensei/sensei/build/sensei-3.0.0/endpoints/ADIOS1EndPoint.cpp:74][v2.1.1-149-ge5ec951][0m
[32mSTATUS: Opening: "data_iso_has.bp" using method "FLEXPATH"[0m
[32mSTATUS: [0][/usr/common/software/sensei/sensei/build/sensei-3.0.0/endpoints/ADIOS1EndPoint.cpp:90][v2.1.1-149-ge5ec951][0m
[32mSTATUS: Loading configurable analysis "./configs/iso_extract_opt_has.xml"[0m
[32mSTATUS: [0][/usr/common/software/sensei/sensei/build/sensei-3.0.0/sensei/ConfigurableAnalysis.cxx:993][v2.1.1-149-ge5ec951][0m
[32mSTATUS: Configured SliceExtract  writer.mode=paraview writer.outputDir=./isos_has writer.writer=xml operation=iso_surface mesh_name=mesh array_name=data array_centering=cell iso_values={-0.25, 1.25, 3.25} enable_partitioner=1 verbose=1[0m
[32mSTATUS: [0][/usr/common/software/sensei/sensei/build/sensei-3.0.0/endpoints/ADIOS1EndPoint.cpp:112][v2.1.1-149-ge5ec951][0m
[32mSTATUS: Processing time step 0 time 0[0m
[32mSTATUS: [0][/usr/common/software/sensei/sensei/build/sensei-3.0.0/sensei/IsoSurfacePartitioner.cxx:171][v2.1.1-149-ge5ec951][0m
[32mSTATUS: IsoSurfacePartitioner: NumBlocks=8192 NumActiveBlocks=0 numCellsMoved=0 numCellsLeft=70887997440 movedFraction=0[0m
[32mSTATUS: [0][/usr/common/software/sensei/sensei/build/sensei-3.0.0/endpoints/ADIOS1EndPoint.cpp:112][v2.1.1-149-ge5ec951][0m
[32mSTATUS: Processing time step 1 time 1[0m
[32mSTATUS: [0][/usr/common/software/sensei/sensei/build/sensei-3.0.0/sensei/IsoSurfacePartitioner.cxx:171][v2.1.1-149-ge5ec951][0m
[32mSTATUS: IsoSurfacePartitioner: NumBlocks=8192 NumActiveBlocks=1975 numCellsMoved=17090307000 numCellsLeft=53797690440 movedFraction=0.241089[0m
[32mSTATUS: [0][/usr/common/software/sensei/sensei/build/sensei-3.0.0/endpoints/ADIOS1EndPoint.cpp:112][v2.1.1-149-ge5ec951][0m
[32mSTATUS: Processing time step 2 time 2[0m
[32mSTATUS: [0][/usr/common/software/sensei/sensei/build/sensei-3.0.0/sensei/IsoSurfacePartitioner.cxx:171][v2.1.1-149-ge5ec951][0m
[32mSTATUS: IsoSurfacePartitioner: NumBlocks=8192 NumActiveBlocks=2019 numCellsMoved=17471053080 numCellsLeft=53416944360 movedFraction=0.24646[0m
[32mSTATUS: [0][/usr/common/software/sensei/sensei/build/sensei-3.0.0/endpoints/ADIOS1EndPoint.cpp:112][v2.1.1-149-ge5ec951][0m
[32mSTATUS: Processing time step 3 time 3[0m
[32mSTATUS: [0][/usr/common/software/sensei/sensei/build/sensei-3.0.0/sensei/IsoSurfacePartitioner.cxx:171][v2.1.1-149-ge5ec951][0m
[32mSTATUS: IsoSurfacePartitioner: NumBlocks=8192 NumActiveBlocks=2018 numCellsMoved=17462399760 numCellsLeft=53425597680 movedFraction=0.246338[0m
[32mSTATUS: [0][/usr/common/software/sensei/sensei/build/sensei-3.0.0/endpoints/ADIOS1EndPoint.cpp:112][v2.1.1-149-ge5ec951][0m
[32mSTATUS: Processing time step 4 time 4[0m
[32mSTATUS: [0][/usr/common/software/sensei/sensei/build/sensei-3.0.0/sensei/IsoSurfacePartitioner.cxx:171][v2.1.1-149-ge5ec951][0m
[32mSTATUS: IsoSurfacePartitioner: NumBlocks=8192 NumActiveBlocks=2014 numCellsMoved=17427786480 numCellsLeft=53460210960 movedFraction=0.24585[0m
[32mSTATUS: [0][/usr/common/software/sensei/sensei/build/sensei-3.0.0/endpoints/ADIOS1EndPoint.cpp:112][v2.1.1-149-ge5ec951][0m
[32mSTATUS: Processing time step 5 time 5[0m
[32mSTATUS: [0][/usr/common/software/sensei/sensei/build/sensei-3.0.0/sensei/IsoSurfacePartitioner.cxx:171][v2.1.1-149-ge5ec951][0m
[32mSTATUS: IsoSurfacePartitioner: NumBlocks=8192 NumActiveBlocks=2038 numCellsMoved=17635466160 numCellsLeft=53252531280 movedFraction=0.248779[0m
[32mSTATUS: [0][/usr/common/software/sensei/sensei/build/sensei-3.0.0/endpoints/ADIOS1EndPoint.cpp:112][v2.1.1-149-ge5ec951][0m
[32mSTATUS: Processing time step 6 time 6[0m
[32mSTATUS: [0][/usr/common/software/sensei/sensei/build/sensei-3.0.0/sensei/IsoSurfacePartitioner.cxx:171][v2.1.1-149-ge5ec951][0m
[32mSTATUS: IsoSurfacePartitioner: NumBlocks=8192 NumActiveBlocks=2135 numCellsMoved=18474838200 numCellsLeft=52413159240 movedFraction=0.26062[0m
[32mSTATUS: [0][/usr/common/software/sensei/sensei/build/sensei-3.0.0/endpoints/ADIOS1EndPoint.cpp:112][v2.1.1-149-ge5ec951][0m
[32mSTATUS: Processing time step 7 time 7[0m
[32mSTATUS: [0][/usr/common/software/sensei/sensei/build/sensei-3.0.0/sensei/IsoSurfacePartitioner.cxx:171][v2.1.1-149-ge5ec951][0m
[32mSTATUS: IsoSurfacePartitioner: NumBlocks=8192 NumActiveBlocks=2010 numCellsMoved=17393173200 numCellsLeft=53494824240 movedFraction=0.245361[0m
[32mSTATUS: [0][/usr/common/software/sensei/sensei/build/sensei-3.0.0/endpoints/ADIOS1EndPoint.cpp:112][v2.1.1-149-ge5ec951][0m
[32mSTATUS: Processing time step 8 time 8[0m
[32mSTATUS: [0][/usr/common/software/sensei/sensei/build/sensei-3.0.0/sensei/IsoSurfacePartitioner.cxx:171][v2.1.1-149-ge5ec951][0m
[32mSTATUS: IsoSurfacePartitioner: NumBlocks=8192 NumActiveBlocks=2177 numCellsMoved=18838277640 numCellsLeft=52049719800 movedFraction=0.265747[0m
[32mSTATUS: [0][/usr/common/software/sensei/sensei/build/sensei-3.0.0/endpoints/ADIOS1EndPoint.cpp:112][v2.1.1-149-ge5ec951][0m
[32mSTATUS: Processing time step 9 time 9[0m
[32mSTATUS: [0][/usr/common/software/sensei/sensei/build/sensei-3.0.0/sensei/IsoSurfacePartitioner.cxx:171][v2.1.1-149-ge5ec951][0m
[32mSTATUS: IsoSurfacePartitioner: NumBlocks=8192 NumActiveBlocks=2187 numCellsMoved=18924810840 numCellsLeft=51963186600 movedFraction=0.266968[0m
[32mSTATUS: [0][/usr/common/software/sensei/sensei/build/sensei-3.0.0/endpoints/ADIOS1EndPoint.cpp:131][v2.1.1-149-ge5ec951][0m
[32mSTATUS: Finished processing 10 time steps[0m
+ echo =============================================
=============================================
+ O=1
+ T=1
+ L=4096
+ M=8192
+ N=256
+ ./in_transit_iso_has.sh
O=1 T=1 L=4096 M=8192 N=256 RM=257 RN=9 S=./configs/iso_extract_opt_has.xml D=2019_199_12_57
rm: cannot remove 'data_iso_has.bp*': No such file or directory
sensei/3.0.0-vtk-shared(3):ERROR:150: Module 'sensei/3.0.0-vtk-shared' conflicts with the currently loaded module(s) 'sensei/sVTK/8.1.1'
sensei/3.0.0-vtk-shared(3):ERROR:102: Tcl command execution failed: conflict sensei

+ export TIMER_ENABLE=0
+ TIMER_ENABLE=0
+ export MEMPROF_INTERVAL=0.5
+ MEMPROF_INTERVAL=0.5
+ export TIMER_LOG_FILE=./logs_has/23150227_osc_iso_has_o1_t1_l4096_m8192_n256_2019_199_12_57.time
+ TIMER_LOG_FILE=./logs_has/23150227_osc_iso_has_o1_t1_l4096_m8192_n256_2019_199_12_57.time
+ export MEMPROF_LOG_FILE=./logs_has/23150227_osc_iso_has_o1_t1_l4096_m8192_n256_2019_199_12_57.mem
+ MEMPROF_LOG_FILE=./logs_has/23150227_osc_iso_has_o1_t1_l4096_m8192_n256_2019_199_12_57.mem
+ cat ./configs/write_adios1_flexpath_iso_has.xml
+ sed 's/.*/[36m&[0m/'
[36m<sensei>[0m
[36m  <analysis type="adios1" filename="data_iso_has.bp" method="FLEXPATH" enabled="1" >[0m
[36m    <mesh name="mesh">[0m
[36m        <cell_arrays> data </cell_arrays>[0m
[36m    </mesh>[0m
[36m  </analysis>[0m
[36m</sensei>[0m
+ srun -N 257 -n 8192 -r 0 oscillator -t 1 -s 4096,4096,4096 -e 0,1,0,1,0,1 -b 8192 -f ./configs/write_adios1_flexpath_iso_has.xml -g 1 -p 0 ./inputs/conf.osc
+ delay=300
+ set +x
+ sed 's/.*/[31m&[0m/'
...........................................................................found at 75s
+ export TIMER_LOG_FILE=./logs_has/23150227_aep_iso_has_o1_t1_l4096_m8192_n256_2019_199_12_57.time
+ TIMER_LOG_FILE=./logs_has/23150227_aep_iso_has_o1_t1_l4096_m8192_n256_2019_199_12_57.time
+ export MEMPROF_LOG_FILE=./logs_has/23150227_aep_iso_has_o1_t1_l4096_m8192_n256_2019_199_12_57.mem
+ MEMPROF_LOG_FILE=./logs_has/23150227_aep_iso_has_o1_t1_l4096_m8192_n256_2019_199_12_57.mem
+ sed 's/.*/[36m&[0m/'
+ cat ./configs/iso_extract_opt_has.xml
[36m<sensei>[0m
[36m  <analysis type="SliceExtract" operation="iso_surface"[0m
[36m    enable_partitioner="1" verbose="1" enabled="1">[0m
[36m[0m
[36m    <iso_values mesh_name="mesh" array_name="data"[0m
[36m       array_centering="cell">[0m
[36m       -0.25 1.25 3.25[0m
[36m    </iso_values>[0m
[36m[0m
[36m    <writer mode="paraview" output_dir="./isos_has" />[0m
[36m  </analysis>[0m
[36m</sensei>[0m
+ srun -N 9 -n 256 -r 257 ADIOS1EndPoint -r FLEXPATH -f ./configs/iso_extract_opt_has.xml data_iso_has.bp
+ sed 's/.*/[32m&[0m/'
[31mSTATUS: [0][/usr/common/software/sensei/sensei/build/sensei-3.0.0/sensei/ConfigurableAnalysis.cxx:347][v2.1.1-149-ge5ec951][0m
[31mSTATUS: Configured ADIOSAnalysisAdaptor filename="data_iso_has.bp" method FLEXPATH max_buffer_size=0[0m
[31mTotal run time: 431.359 s[0m
[32mSTATUS: [0][/usr/common/software/sensei/sensei/build/sensei-3.0.0/endpoints/ADIOS1EndPoint.cpp:74][v2.1.1-149-ge5ec951][0m
[32mSTATUS: Opening: "data_iso_has.bp" using method "FLEXPATH"[0m
[32mSTATUS: [0][/usr/common/software/sensei/sensei/build/sensei-3.0.0/endpoints/ADIOS1EndPoint.cpp:90][v2.1.1-149-ge5ec951][0m
[32mSTATUS: Loading configurable analysis "./configs/iso_extract_opt_has.xml"[0m
[32mSTATUS: [0][/usr/common/software/sensei/sensei/build/sensei-3.0.0/sensei/ConfigurableAnalysis.cxx:993][v2.1.1-149-ge5ec951][0m
[32mSTATUS: Configured SliceExtract  writer.mode=paraview writer.outputDir=./isos_has writer.writer=xml operation=iso_surface mesh_name=mesh array_name=data array_centering=cell iso_values={-0.25, 1.25, 3.25} enable_partitioner=1 verbose=1[0m
[32mSTATUS: [0][/usr/common/software/sensei/sensei/build/sensei-3.0.0/endpoints/ADIOS1EndPoint.cpp:112][v2.1.1-149-ge5ec951][0m
[32mSTATUS: Processing time step 0 time 0[0m
[32mSTATUS: [0][/usr/common/software/sensei/sensei/build/sensei-3.0.0/sensei/IsoSurfacePartitioner.cxx:171][v2.1.1-149-ge5ec951][0m
[32mSTATUS: IsoSurfacePartitioner: NumBlocks=8192 NumActiveBlocks=0 numCellsMoved=0 numCellsLeft=70887997440 movedFraction=0[0m
[32mSTATUS: [0][/usr/common/software/sensei/sensei/build/sensei-3.0.0/endpoints/ADIOS1EndPoint.cpp:112][v2.1.1-149-ge5ec951][0m
[32mSTATUS: Processing time step 1 time 1[0m
[32mSTATUS: [0][/usr/common/software/sensei/sensei/build/sensei-3.0.0/sensei/IsoSurfacePartitioner.cxx:171][v2.1.1-149-ge5ec951][0m
[32mSTATUS: IsoSurfacePartitioner: NumBlocks=8192 NumActiveBlocks=1975 numCellsMoved=17090307000 numCellsLeft=53797690440 movedFraction=0.241089[0m
[32mSTATUS: [0][/usr/common/software/sensei/sensei/build/sensei-3.0.0/endpoints/ADIOS1EndPoint.cpp:112][v2.1.1-149-ge5ec951][0m
[32mSTATUS: Processing time step 2 time 2[0m
[32mSTATUS: [0][/usr/common/software/sensei/sensei/build/sensei-3.0.0/sensei/IsoSurfacePartitioner.cxx:171][v2.1.1-149-ge5ec951][0m
[32mSTATUS: IsoSurfacePartitioner: NumBlocks=8192 NumActiveBlocks=2019 numCellsMoved=17471053080 numCellsLeft=53416944360 movedFraction=0.24646[0m
[32mSTATUS: [0][/usr/common/software/sensei/sensei/build/sensei-3.0.0/endpoints/ADIOS1EndPoint.cpp:112][v2.1.1-149-ge5ec951][0m
[32mSTATUS: Processing time step 3 time 3[0m
[32mSTATUS: [0][/usr/common/software/sensei/sensei/build/sensei-3.0.0/sensei/IsoSurfacePartitioner.cxx:171][v2.1.1-149-ge5ec951][0m
[32mSTATUS: IsoSurfacePartitioner: NumBlocks=8192 NumActiveBlocks=2018 numCellsMoved=17462399760 numCellsLeft=53425597680 movedFraction=0.246338[0m
[32mSTATUS: [0][/usr/common/software/sensei/sensei/build/sensei-3.0.0/endpoints/ADIOS1EndPoint.cpp:112][v2.1.1-149-ge5ec951][0m
[32mSTATUS: Processing time step 4 time 4[0m
[32mSTATUS: [0][/usr/common/software/sensei/sensei/build/sensei-3.0.0/sensei/IsoSurfacePartitioner.cxx:171][v2.1.1-149-ge5ec951][0m
[32mSTATUS: IsoSurfacePartitioner: NumBlocks=8192 NumActiveBlocks=2014 numCellsMoved=17427786480 numCellsLeft=53460210960 movedFraction=0.24585[0m
[32mSTATUS: [0][/usr/common/software/sensei/sensei/build/sensei-3.0.0/endpoints/ADIOS1EndPoint.cpp:112][v2.1.1-149-ge5ec951][0m
[32mSTATUS: Processing time step 5 time 5[0m
[32mSTATUS: [0][/usr/common/software/sensei/sensei/build/sensei-3.0.0/sensei/IsoSurfacePartitioner.cxx:171][v2.1.1-149-ge5ec951][0m
[32mSTATUS: IsoSurfacePartitioner: NumBlocks=8192 NumActiveBlocks=2038 numCellsMoved=17635466160 numCellsLeft=53252531280 movedFraction=0.248779[0m
[32mSTATUS: [0][/usr/common/software/sensei/sensei/build/sensei-3.0.0/endpoints/ADIOS1EndPoint.cpp:112][v2.1.1-149-ge5ec951][0m
[32mSTATUS: Processing time step 6 time 6[0m
[32mSTATUS: [0][/usr/common/software/sensei/sensei/build/sensei-3.0.0/sensei/IsoSurfacePartitioner.cxx:171][v2.1.1-149-ge5ec951][0m
[32mSTATUS: IsoSurfacePartitioner: NumBlocks=8192 NumActiveBlocks=2135 numCellsMoved=18474838200 numCellsLeft=52413159240 movedFraction=0.26062[0m
[32mSTATUS: [0][/usr/common/software/sensei/sensei/build/sensei-3.0.0/endpoints/ADIOS1EndPoint.cpp:112][v2.1.1-149-ge5ec951][0m
[32mSTATUS: Processing time step 7 time 7[0m
[32mSTATUS: [0][/usr/common/software/sensei/sensei/build/sensei-3.0.0/sensei/IsoSurfacePartitioner.cxx:171][v2.1.1-149-ge5ec951][0m
[32mSTATUS: IsoSurfacePartitioner: NumBlocks=8192 NumActiveBlocks=2010 numCellsMoved=17393173200 numCellsLeft=53494824240 movedFraction=0.245361[0m
[32mSTATUS: [0][/usr/common/software/sensei/sensei/build/sensei-3.0.0/endpoints/ADIOS1EndPoint.cpp:112][v2.1.1-149-ge5ec951][0m
[32mSTATUS: Processing time step 8 time 8[0m
[32mSTATUS: [0][/usr/common/software/sensei/sensei/build/sensei-3.0.0/sensei/IsoSurfacePartitioner.cxx:171][v2.1.1-149-ge5ec951][0m
[32mSTATUS: IsoSurfacePartitioner: NumBlocks=8192 NumActiveBlocks=2177 numCellsMoved=18838277640 numCellsLeft=52049719800 movedFraction=0.265747[0m
[32mSTATUS: [0][/usr/common/software/sensei/sensei/build/sensei-3.0.0/endpoints/ADIOS1EndPoint.cpp:112][v2.1.1-149-ge5ec951][0m
[32mSTATUS: Processing time step 9 time 9[0m
[32mSTATUS: [0][/usr/common/software/sensei/sensei/build/sensei-3.0.0/sensei/IsoSurfacePartitioner.cxx:171][v2.1.1-149-ge5ec951][0m
[32mSTATUS: IsoSurfacePartitioner: NumBlocks=8192 NumActiveBlocks=2187 numCellsMoved=18924810840 numCellsLeft=51963186600 movedFraction=0.266968[0m
[32mSTATUS: [0][/usr/common/software/sensei/sensei/build/sensei-3.0.0/endpoints/ADIOS1EndPoint.cpp:131][v2.1.1-149-ge5ec951][0m
[32mSTATUS: Finished processing 10 time steps[0m
+ echo =============================================
=============================================
+ O=1
+ T=1
+ L=4096
+ M=8192
+ N=128
+ ./in_transit_iso_has.sh
O=1 T=1 L=4096 M=8192 N=128 RM=257 RN=5 S=./configs/iso_extract_opt_has.xml D=2019_199_13_05
rm: cannot remove 'data_iso_has.bp*': No such file or directory
sensei/3.0.0-vtk-shared(3):ERROR:150: Module 'sensei/3.0.0-vtk-shared' conflicts with the currently loaded module(s) 'sensei/sVTK/8.1.1'
sensei/3.0.0-vtk-shared(3):ERROR:102: Tcl command execution failed: conflict sensei

+ export TIMER_ENABLE=0
+ TIMER_ENABLE=0
+ export MEMPROF_INTERVAL=0.5
+ MEMPROF_INTERVAL=0.5
+ export TIMER_LOG_FILE=./logs_has/23150227_osc_iso_has_o1_t1_l4096_m8192_n128_2019_199_13_05.time
+ TIMER_LOG_FILE=./logs_has/23150227_osc_iso_has_o1_t1_l4096_m8192_n128_2019_199_13_05.time
+ export MEMPROF_LOG_FILE=./logs_has/23150227_osc_iso_has_o1_t1_l4096_m8192_n128_2019_199_13_05.mem
+ MEMPROF_LOG_FILE=./logs_has/23150227_osc_iso_has_o1_t1_l4096_m8192_n128_2019_199_13_05.mem
+ cat ./configs/write_adios1_flexpath_iso_has.xml
+ sed 's/.*/[36m&[0m/'
[36m<sensei>[0m
[36m  <analysis type="adios1" filename="data_iso_has.bp" method="FLEXPATH" enabled="1" >[0m
[36m    <mesh name="mesh">[0m
[36m        <cell_arrays> data </cell_arrays>[0m
[36m    </mesh>[0m
[36m  </analysis>[0m
[36m</sensei>[0m
+ srun -N 257 -n 8192 -r 0 oscillator -t 1 -s 4096,4096,4096 -e 0,1,0,1,0,1 -b 8192 -f ./configs/write_adios1_flexpath_iso_has.xml -g 1 -p 0 ./inputs/conf.osc
+ delay=300
+ set +x
+ sed 's/.*/[31m&[0m/'
..........................................................................found at 74s
+ export TIMER_LOG_FILE=./logs_has/23150227_aep_iso_has_o1_t1_l4096_m8192_n128_2019_199_13_05.time
+ TIMER_LOG_FILE=./logs_has/23150227_aep_iso_has_o1_t1_l4096_m8192_n128_2019_199_13_05.time
+ export MEMPROF_LOG_FILE=./logs_has/23150227_aep_iso_has_o1_t1_l4096_m8192_n128_2019_199_13_05.mem
+ MEMPROF_LOG_FILE=./logs_has/23150227_aep_iso_has_o1_t1_l4096_m8192_n128_2019_199_13_05.mem
+ sed 's/.*/[36m&[0m/'
+ cat ./configs/iso_extract_opt_has.xml
[36m<sensei>[0m
[36m  <analysis type="SliceExtract" operation="iso_surface"[0m
[36m    enable_partitioner="1" verbose="1" enabled="1">[0m
[36m[0m
[36m    <iso_values mesh_name="mesh" array_name="data"[0m
[36m       array_centering="cell">[0m
[36m       -0.25 1.25 3.25[0m
[36m    </iso_values>[0m
[36m[0m
[36m    <writer mode="paraview" output_dir="./isos_has" />[0m
[36m  </analysis>[0m
[36m</sensei>[0m
+ srun -N 5 -n 128 -r 257 ADIOS1EndPoint -r FLEXPATH -f ./configs/iso_extract_opt_has.xml data_iso_has.bp
+ sed 's/.*/[32m&[0m/'
[31mSTATUS: [0][/usr/common/software/sensei/sensei/build/sensei-3.0.0/sensei/ConfigurableAnalysis.cxx:347][v2.1.1-149-ge5ec951][0m
[31mSTATUS: Configured ADIOSAnalysisAdaptor filename="data_iso_has.bp" method FLEXPATH max_buffer_size=0[0m
[31mTotal run time: 442.977 s[0m
[32mSTATUS: [0][/usr/common/software/sensei/sensei/build/sensei-3.0.0/endpoints/ADIOS1EndPoint.cpp:74][v2.1.1-149-ge5ec951][0m
[32mSTATUS: Opening: "data_iso_has.bp" using method "FLEXPATH"[0m
[32mSTATUS: [0][/usr/common/software/sensei/sensei/build/sensei-3.0.0/endpoints/ADIOS1EndPoint.cpp:90][v2.1.1-149-ge5ec951][0m
[32mSTATUS: Loading configurable analysis "./configs/iso_extract_opt_has.xml"[0m
[32mSTATUS: [0][/usr/common/software/sensei/sensei/build/sensei-3.0.0/sensei/ConfigurableAnalysis.cxx:993][v2.1.1-149-ge5ec951][0m
[32mSTATUS: Configured SliceExtract  writer.mode=paraview writer.outputDir=./isos_has writer.writer=xml operation=iso_surface mesh_name=mesh array_name=data array_centering=cell iso_values={-0.25, 1.25, 3.25} enable_partitioner=1 verbose=1[0m
[32mSTATUS: [0][/usr/common/software/sensei/sensei/build/sensei-3.0.0/endpoints/ADIOS1EndPoint.cpp:112][v2.1.1-149-ge5ec951][0m
[32mSTATUS: Processing time step 0 time 0[0m
[32mSTATUS: [0][/usr/common/software/sensei/sensei/build/sensei-3.0.0/sensei/IsoSurfacePartitioner.cxx:171][v2.1.1-149-ge5ec951][0m
[32mSTATUS: IsoSurfacePartitioner: NumBlocks=8192 NumActiveBlocks=0 numCellsMoved=0 numCellsLeft=70887997440 movedFraction=0[0m
[32mSTATUS: [0][/usr/common/software/sensei/sensei/build/sensei-3.0.0/endpoints/ADIOS1EndPoint.cpp:112][v2.1.1-149-ge5ec951][0m
[32mSTATUS: Processing time step 1 time 1[0m
[32mSTATUS: [0][/usr/common/software/sensei/sensei/build/sensei-3.0.0/sensei/IsoSurfacePartitioner.cxx:171][v2.1.1-149-ge5ec951][0m
[32mSTATUS: IsoSurfacePartitioner: NumBlocks=8192 NumActiveBlocks=1975 numCellsMoved=17090307000 numCellsLeft=53797690440 movedFraction=0.241089[0m
[32mSTATUS: [0][/usr/common/software/sensei/sensei/build/sensei-3.0.0/endpoints/ADIOS1EndPoint.cpp:112][v2.1.1-149-ge5ec951][0m
[32mSTATUS: Processing time step 2 time 2[0m
[32mSTATUS: [0][/usr/common/software/sensei/sensei/build/sensei-3.0.0/sensei/IsoSurfacePartitioner.cxx:171][v2.1.1-149-ge5ec951][0m
[32mSTATUS: IsoSurfacePartitioner: NumBlocks=8192 NumActiveBlocks=2019 numCellsMoved=17471053080 numCellsLeft=53416944360 movedFraction=0.24646[0m
[32mSTATUS: [0][/usr/common/software/sensei/sensei/build/sensei-3.0.0/endpoints/ADIOS1EndPoint.cpp:112][v2.1.1-149-ge5ec951][0m
[32mSTATUS: Processing time step 3 time 3[0m
[32mSTATUS: [0][/usr/common/software/sensei/sensei/build/sensei-3.0.0/sensei/IsoSurfacePartitioner.cxx:171][v2.1.1-149-ge5ec951][0m
[32mSTATUS: IsoSurfacePartitioner: NumBlocks=8192 NumActiveBlocks=2018 numCellsMoved=17462399760 numCellsLeft=53425597680 movedFraction=0.246338[0m
[32mSTATUS: [0][/usr/common/software/sensei/sensei/build/sensei-3.0.0/endpoints/ADIOS1EndPoint.cpp:112][v2.1.1-149-ge5ec951][0m
[32mSTATUS: Processing time step 4 time 4[0m
[32mSTATUS: [0][/usr/common/software/sensei/sensei/build/sensei-3.0.0/sensei/IsoSurfacePartitioner.cxx:171][v2.1.1-149-ge5ec951][0m
[32mSTATUS: IsoSurfacePartitioner: NumBlocks=8192 NumActiveBlocks=2014 numCellsMoved=17427786480 numCellsLeft=53460210960 movedFraction=0.24585[0m
[32mSTATUS: [0][/usr/common/software/sensei/sensei/build/sensei-3.0.0/endpoints/ADIOS1EndPoint.cpp:112][v2.1.1-149-ge5ec951][0m
[32mSTATUS: Processing time step 5 time 5[0m
[32mSTATUS: [0][/usr/common/software/sensei/sensei/build/sensei-3.0.0/sensei/IsoSurfacePartitioner.cxx:171][v2.1.1-149-ge5ec951][0m
[32mSTATUS: IsoSurfacePartitioner: NumBlocks=8192 NumActiveBlocks=2038 numCellsMoved=17635466160 numCellsLeft=53252531280 movedFraction=0.248779[0m
[32mSTATUS: [0][/usr/common/software/sensei/sensei/build/sensei-3.0.0/endpoints/ADIOS1EndPoint.cpp:112][v2.1.1-149-ge5ec951][0m
[32mSTATUS: Processing time step 6 time 6[0m
[32mSTATUS: [0][/usr/common/software/sensei/sensei/build/sensei-3.0.0/sensei/IsoSurfacePartitioner.cxx:171][v2.1.1-149-ge5ec951][0m
[32mSTATUS: IsoSurfacePartitioner: NumBlocks=8192 NumActiveBlocks=2135 numCellsMoved=18474838200 numCellsLeft=52413159240 movedFraction=0.26062[0m
[32mSTATUS: [0][/usr/common/software/sensei/sensei/build/sensei-3.0.0/endpoints/ADIOS1EndPoint.cpp:112][v2.1.1-149-ge5ec951][0m
[32mSTATUS: Processing time step 7 time 7[0m
[32mSTATUS: [0][/usr/common/software/sensei/sensei/build/sensei-3.0.0/sensei/IsoSurfacePartitioner.cxx:171][v2.1.1-149-ge5ec951][0m
[32mSTATUS: IsoSurfacePartitioner: NumBlocks=8192 NumActiveBlocks=2010 numCellsMoved=17393173200 numCellsLeft=53494824240 movedFraction=0.245361[0m
[32mSTATUS: [0][/usr/common/software/sensei/sensei/build/sensei-3.0.0/endpoints/ADIOS1EndPoint.cpp:112][v2.1.1-149-ge5ec951][0m
[32mSTATUS: Processing time step 8 time 8[0m
[32mSTATUS: [0][/usr/common/software/sensei/sensei/build/sensei-3.0.0/sensei/IsoSurfacePartitioner.cxx:171][v2.1.1-149-ge5ec951][0m
[32mSTATUS: IsoSurfacePartitioner: NumBlocks=8192 NumActiveBlocks=2177 numCellsMoved=18838277640 numCellsLeft=52049719800 movedFraction=0.265747[0m
[32mSTATUS: [0][/usr/common/software/sensei/sensei/build/sensei-3.0.0/endpoints/ADIOS1EndPoint.cpp:112][v2.1.1-149-ge5ec951][0m
[32mSTATUS: Processing time step 9 time 9[0m
[32mSTATUS: [0][/usr/common/software/sensei/sensei/build/sensei-3.0.0/sensei/IsoSurfacePartitioner.cxx:171][v2.1.1-149-ge5ec951][0m
[32mSTATUS: IsoSurfacePartitioner: NumBlocks=8192 NumActiveBlocks=2187 numCellsMoved=18924810840 numCellsLeft=51963186600 movedFraction=0.266968[0m
[32mSTATUS: [0][/usr/common/software/sensei/sensei/build/sensei-3.0.0/endpoints/ADIOS1EndPoint.cpp:131][v2.1.1-149-ge5ec951][0m
[32mSTATUS: Finished processing 10 time steps[0m
+ echo =============================================
=============================================
+ echo '#############################################'
#############################################
+ echo =============================================
=============================================
+ echo 'BlockPartitioner                             '
BlockPartitioner                             
+ echo =============================================
=============================================
+ O=0
+ T=1
+ L=4096
+ M=8192
+ N=8192
+ ./in_transit_iso_has.sh
O=0 T=1 L=4096 M=8192 N=8192 RM=257 RN=257 S=./configs/iso_extract_has.xml D=2019_199_13_13
rm: cannot remove 'data_iso_has.bp*': No such file or directory
sensei/3.0.0-vtk-shared(3):ERROR:150: Module 'sensei/3.0.0-vtk-shared' conflicts with the currently loaded module(s) 'sensei/sVTK/8.1.1'
sensei/3.0.0-vtk-shared(3):ERROR:102: Tcl command execution failed: conflict sensei

+ export TIMER_ENABLE=0
+ TIMER_ENABLE=0
+ export MEMPROF_INTERVAL=0.5
+ MEMPROF_INTERVAL=0.5
+ export TIMER_LOG_FILE=./logs_has/23150227_osc_iso_has_o0_t1_l4096_m8192_n8192_2019_199_13_13.time
+ TIMER_LOG_FILE=./logs_has/23150227_osc_iso_has_o0_t1_l4096_m8192_n8192_2019_199_13_13.time
+ export MEMPROF_LOG_FILE=./logs_has/23150227_osc_iso_has_o0_t1_l4096_m8192_n8192_2019_199_13_13.mem
+ MEMPROF_LOG_FILE=./logs_has/23150227_osc_iso_has_o0_t1_l4096_m8192_n8192_2019_199_13_13.mem
+ cat ./configs/write_adios1_flexpath_iso_has.xml
+ sed 's/.*/[36m&[0m/'
[36m<sensei>[0m
[36m  <analysis type="adios1" filename="data_iso_has.bp" method="FLEXPATH" enabled="1" >[0m
[36m    <mesh name="mesh">[0m
[36m        <cell_arrays> data </cell_arrays>[0m
[36m    </mesh>[0m
[36m  </analysis>[0m
[36m</sensei>[0m
+ srun -N 257 -n 8192 -r 0 oscillator -t 1 -s 4096,4096,4096 -e 0,1,0,1,0,1 -b 8192 -f ./configs/write_adios1_flexpath_iso_has.xml -g 1 -p 0 ./inputs/conf.osc
+ delay=300
+ set +x
+ sed 's/.*/[31m&[0m/'
...................................................................................found at 83s
+ export TIMER_LOG_FILE=./logs_has/23150227_aep_iso_has_o0_t1_l4096_m8192_n8192_2019_199_13_13.time
+ TIMER_LOG_FILE=./logs_has/23150227_aep_iso_has_o0_t1_l4096_m8192_n8192_2019_199_13_13.time
+ export MEMPROF_LOG_FILE=./logs_has/23150227_aep_iso_has_o0_t1_l4096_m8192_n8192_2019_199_13_13.mem
+ MEMPROF_LOG_FILE=./logs_has/23150227_aep_iso_has_o0_t1_l4096_m8192_n8192_2019_199_13_13.mem
+ sed 's/.*/[36m&[0m/'
+ cat ./configs/iso_extract_has.xml
[36m<sensei>[0m
[36m  <analysis type="SliceExtract" operation="iso_surface"[0m
[36m    enable_partitioner="0" verbose="1" enabled="1">[0m
[36m[0m
[36m    <iso_values mesh_name="mesh" array_name="data"[0m
[36m       array_centering="cell">[0m
[36m       -0.25 1.25 3.25[0m
[36m    </iso_values>[0m
[36m[0m
[36m    <writer mode="paraview" output_dir="./isos_has" />[0m
[36m  </analysis>[0m
[36m</sensei>[0m
+ srun -N 257 -n 8192 -r 257 ADIOS1EndPoint -r FLEXPATH -f ./configs/iso_extract_has.xml data_iso_has.bp
+ sed 's/.*/[32m&[0m/'
[31mSTATUS: [0][/usr/common/software/sensei/sensei/build/sensei-3.0.0/sensei/ConfigurableAnalysis.cxx:347][v2.1.1-149-ge5ec951][0m
[31mSTATUS: Configured ADIOSAnalysisAdaptor filename="data_iso_has.bp" method FLEXPATH max_buffer_size=0[0m
[31mTotal run time: 456.859 s[0m
[32mSTATUS: [0][/usr/common/software/sensei/sensei/build/sensei-3.0.0/endpoints/ADIOS1EndPoint.cpp:74][v2.1.1-149-ge5ec951][0m
[32mSTATUS: Opening: "data_iso_has.bp" using method "FLEXPATH"[0m
[32mSTATUS: [0][/usr/common/software/sensei/sensei/build/sensei-3.0.0/endpoints/ADIOS1EndPoint.cpp:90][v2.1.1-149-ge5ec951][0m
[32mSTATUS: Loading configurable analysis "./configs/iso_extract_has.xml"[0m
[32mSTATUS: [0][/usr/common/software/sensei/sensei/build/sensei-3.0.0/sensei/ConfigurableAnalysis.cxx:993][v2.1.1-149-ge5ec951][0m
[32mSTATUS: Configured SliceExtract  writer.mode=paraview writer.outputDir=./isos_has writer.writer=xml operation=iso_surface mesh_name=mesh array_name=data array_centering=cell iso_values={-0.25, 1.25, 3.25} enable_partitioner=0 verbose=1[0m
[32mSTATUS: [0][/usr/common/software/sensei/sensei/build/sensei-3.0.0/endpoints/ADIOS1EndPoint.cpp:112][v2.1.1-149-ge5ec951][0m
[32mSTATUS: Processing time step 0 time 0[0m
[32mSTATUS: [0][/usr/common/software/sensei/sensei/build/sensei-3.0.0/endpoints/ADIOS1EndPoint.cpp:112][v2.1.1-149-ge5ec951][0m
[32mSTATUS: Processing time step 1 time 1[0m
[32mSTATUS: [0][/usr/common/software/sensei/sensei/build/sensei-3.0.0/endpoints/ADIOS1EndPoint.cpp:112][v2.1.1-149-ge5ec951][0m
[32mSTATUS: Processing time step 2 time 2[0m
[32mSTATUS: [0][/usr/common/software/sensei/sensei/build/sensei-3.0.0/endpoints/ADIOS1EndPoint.cpp:112][v2.1.1-149-ge5ec951][0m
[32mSTATUS: Processing time step 3 time 3[0m
[32mSTATUS: [0][/usr/common/software/sensei/sensei/build/sensei-3.0.0/endpoints/ADIOS1EndPoint.cpp:112][v2.1.1-149-ge5ec951][0m
[32mSTATUS: Processing time step 4 time 4[0m
[32mSTATUS: [0][/usr/common/software/sensei/sensei/build/sensei-3.0.0/endpoints/ADIOS1EndPoint.cpp:112][v2.1.1-149-ge5ec951][0m
[32mSTATUS: Processing time step 5 time 5[0m
[32mSTATUS: [0][/usr/common/software/sensei/sensei/build/sensei-3.0.0/endpoints/ADIOS1EndPoint.cpp:112][v2.1.1-149-ge5ec951][0m
[32mSTATUS: Processing time step 6 time 6[0m
[32mSTATUS: [0][/usr/common/software/sensei/sensei/build/sensei-3.0.0/endpoints/ADIOS1EndPoint.cpp:112][v2.1.1-149-ge5ec951][0m
[32mSTATUS: Processing time step 7 time 7[0m
[32mSTATUS: [0][/usr/common/software/sensei/sensei/build/sensei-3.0.0/endpoints/ADIOS1EndPoint.cpp:112][v2.1.1-149-ge5ec951][0m
[32mSTATUS: Processing time step 8 time 8[0m
[32mSTATUS: [0][/usr/common/software/sensei/sensei/build/sensei-3.0.0/endpoints/ADIOS1EndPoint.cpp:112][v2.1.1-149-ge5ec951][0m
[32mSTATUS: Processing time step 9 time 9[0m
[32mSTATUS: [0][/usr/common/software/sensei/sensei/build/sensei-3.0.0/endpoints/ADIOS1EndPoint.cpp:131][v2.1.1-149-ge5ec951][0m
[32mSTATUS: Finished processing 10 time steps[0m
+ echo =============================================
=============================================
+ O=0
+ T=1
+ L=4096
+ M=8192
+ N=4096
+ ./in_transit_iso_has.sh
O=0 T=1 L=4096 M=8192 N=4096 RM=257 RN=129 S=./configs/iso_extract_has.xml D=2019_199_13_21
rm: cannot remove 'data_iso_has.bp*': No such file or directory
sensei/3.0.0-vtk-shared(3):ERROR:150: Module 'sensei/3.0.0-vtk-shared' conflicts with the currently loaded module(s) 'sensei/sVTK/8.1.1'
sensei/3.0.0-vtk-shared(3):ERROR:102: Tcl command execution failed: conflict sensei

+ export TIMER_ENABLE=0
+ TIMER_ENABLE=0
+ export MEMPROF_INTERVAL=0.5
+ MEMPROF_INTERVAL=0.5
+ export TIMER_LOG_FILE=./logs_has/23150227_osc_iso_has_o0_t1_l4096_m8192_n4096_2019_199_13_21.time
+ TIMER_LOG_FILE=./logs_has/23150227_osc_iso_has_o0_t1_l4096_m8192_n4096_2019_199_13_21.time
+ export MEMPROF_LOG_FILE=./logs_has/23150227_osc_iso_has_o0_t1_l4096_m8192_n4096_2019_199_13_21.mem
+ MEMPROF_LOG_FILE=./logs_has/23150227_osc_iso_has_o0_t1_l4096_m8192_n4096_2019_199_13_21.mem
+ cat ./configs/write_adios1_flexpath_iso_has.xml
+ sed 's/.*/[36m&[0m/'
[36m<sensei>[0m
[36m  <analysis type="adios1" filename="data_iso_has.bp" method="FLEXPATH" enabled="1" >[0m
[36m    <mesh name="mesh">[0m
[36m        <cell_arrays> data </cell_arrays>[0m
[36m    </mesh>[0m
[36m  </analysis>[0m
[36m</sensei>[0m
+ srun -N 257 -n 8192 -r 0 oscillator -t 1 -s 4096,4096,4096 -e 0,1,0,1,0,1 -b 8192 -f ./configs/write_adios1_flexpath_iso_has.xml -g 1 -p 0 ./inputs/conf.osc
+ delay=300
+ set +x
+ sed 's/.*/[31m&[0m/'
........................................................................found at 72s
+ export TIMER_LOG_FILE=./logs_has/23150227_aep_iso_has_o0_t1_l4096_m8192_n4096_2019_199_13_21.time
+ TIMER_LOG_FILE=./logs_has/23150227_aep_iso_has_o0_t1_l4096_m8192_n4096_2019_199_13_21.time
+ export MEMPROF_LOG_FILE=./logs_has/23150227_aep_iso_has_o0_t1_l4096_m8192_n4096_2019_199_13_21.mem
+ MEMPROF_LOG_FILE=./logs_has/23150227_aep_iso_has_o0_t1_l4096_m8192_n4096_2019_199_13_21.mem
+ cat ./configs/iso_extract_has.xml
+ sed 's/.*/[36m&[0m/'
[36m<sensei>[0m
[36m  <analysis type="SliceExtract" operation="iso_surface"[0m
[36m    enable_partitioner="0" verbose="1" enabled="1">[0m
[36m[0m
[36m    <iso_values mesh_name="mesh" array_name="data"[0m
[36m       array_centering="cell">[0m
[36m       -0.25 1.25 3.25[0m
[36m    </iso_values>[0m
[36m[0m
[36m    <writer mode="paraview" output_dir="./isos_has" />[0m
[36m  </analysis>[0m
[36m</sensei>[0m
+ srun -N 129 -n 4096 -r 257 ADIOS1EndPoint -r FLEXPATH -f ./configs/iso_extract_has.xml data_iso_has.bp
+ sed 's/.*/[32m&[0m/'
[31mSTATUS: [0][/usr/common/software/sensei/sensei/build/sensei-3.0.0/sensei/ConfigurableAnalysis.cxx:347][v2.1.1-149-ge5ec951][0m
[31mSTATUS: Configured ADIOSAnalysisAdaptor filename="data_iso_has.bp" method FLEXPATH max_buffer_size=0[0m
[31mTotal run time: 459.790 s[0m
[32mSTATUS: [0][/usr/common/software/sensei/sensei/build/sensei-3.0.0/endpoints/ADIOS1EndPoint.cpp:74][v2.1.1-149-ge5ec951][0m
[32mSTATUS: Opening: "data_iso_has.bp" using method "FLEXPATH"[0m
[32mSTATUS: [0][/usr/common/software/sensei/sensei/build/sensei-3.0.0/endpoints/ADIOS1EndPoint.cpp:90][v2.1.1-149-ge5ec951][0m
[32mSTATUS: Loading configurable analysis "./configs/iso_extract_has.xml"[0m
[32mSTATUS: [0][/usr/common/software/sensei/sensei/build/sensei-3.0.0/sensei/ConfigurableAnalysis.cxx:993][v2.1.1-149-ge5ec951][0m
[32mSTATUS: Configured SliceExtract  writer.mode=paraview writer.outputDir=./isos_has writer.writer=xml operation=iso_surface mesh_name=mesh array_name=data array_centering=cell iso_values={-0.25, 1.25, 3.25} enable_partitioner=0 verbose=1[0m
[32mSTATUS: [0][/usr/common/software/sensei/sensei/build/sensei-3.0.0/endpoints/ADIOS1EndPoint.cpp:112][v2.1.1-149-ge5ec951][0m
[32mSTATUS: Processing time step 0 time 0[0m
[32mSTATUS: [0][/usr/common/software/sensei/sensei/build/sensei-3.0.0/endpoints/ADIOS1EndPoint.cpp:112][v2.1.1-149-ge5ec951][0m
[32mSTATUS: Processing time step 1 time 1[0m
[32mSTATUS: [0][/usr/common/software/sensei/sensei/build/sensei-3.0.0/endpoints/ADIOS1EndPoint.cpp:112][v2.1.1-149-ge5ec951][0m
[32mSTATUS: Processing time step 2 time 2[0m
[32mSTATUS: [0][/usr/common/software/sensei/sensei/build/sensei-3.0.0/endpoints/ADIOS1EndPoint.cpp:112][v2.1.1-149-ge5ec951][0m
[32mSTATUS: Processing time step 3 time 3[0m
[32mSTATUS: [0][/usr/common/software/sensei/sensei/build/sensei-3.0.0/endpoints/ADIOS1EndPoint.cpp:112][v2.1.1-149-ge5ec951][0m
[32mSTATUS: Processing time step 4 time 4[0m
[32mSTATUS: [0][/usr/common/software/sensei/sensei/build/sensei-3.0.0/endpoints/ADIOS1EndPoint.cpp:112][v2.1.1-149-ge5ec951][0m
[32mSTATUS: Processing time step 5 time 5[0m
[32mSTATUS: [0][/usr/common/software/sensei/sensei/build/sensei-3.0.0/endpoints/ADIOS1EndPoint.cpp:112][v2.1.1-149-ge5ec951][0m
[32mSTATUS: Processing time step 6 time 6[0m
[32mSTATUS: [0][/usr/common/software/sensei/sensei/build/sensei-3.0.0/endpoints/ADIOS1EndPoint.cpp:112][v2.1.1-149-ge5ec951][0m
[32mSTATUS: Processing time step 7 time 7[0m
[32mSTATUS: [0][/usr/common/software/sensei/sensei/build/sensei-3.0.0/endpoints/ADIOS1EndPoint.cpp:112][v2.1.1-149-ge5ec951][0m
[32mSTATUS: Processing time step 8 time 8[0m
[32mSTATUS: [0][/usr/common/software/sensei/sensei/build/sensei-3.0.0/endpoints/ADIOS1EndPoint.cpp:112][v2.1.1-149-ge5ec951][0m
[32mSTATUS: Processing time step 9 time 9[0m
[32mSTATUS: [0][/usr/common/software/sensei/sensei/build/sensei-3.0.0/endpoints/ADIOS1EndPoint.cpp:131][v2.1.1-149-ge5ec951][0m
[32mSTATUS: Finished processing 10 time steps[0m
+ echo =============================================
=============================================
+ O=0
+ T=1
+ L=4096
+ M=8192
+ N=2048
+ ./in_transit_iso_has.sh
O=0 T=1 L=4096 M=8192 N=2048 RM=257 RN=65 S=./configs/iso_extract_has.xml D=2019_199_13_31
rm: cannot remove 'data_iso_has.bp*': No such file or directory
sensei/3.0.0-vtk-shared(3):ERROR:150: Module 'sensei/3.0.0-vtk-shared' conflicts with the currently loaded module(s) 'sensei/sVTK/8.1.1'
sensei/3.0.0-vtk-shared(3):ERROR:102: Tcl command execution failed: conflict sensei

+ export TIMER_ENABLE=0
+ TIMER_ENABLE=0
+ export MEMPROF_INTERVAL=0.5
+ MEMPROF_INTERVAL=0.5
+ export TIMER_LOG_FILE=./logs_has/23150227_osc_iso_has_o0_t1_l4096_m8192_n2048_2019_199_13_31.time
+ TIMER_LOG_FILE=./logs_has/23150227_osc_iso_has_o0_t1_l4096_m8192_n2048_2019_199_13_31.time
+ export MEMPROF_LOG_FILE=./logs_has/23150227_osc_iso_has_o0_t1_l4096_m8192_n2048_2019_199_13_31.mem
+ MEMPROF_LOG_FILE=./logs_has/23150227_osc_iso_has_o0_t1_l4096_m8192_n2048_2019_199_13_31.mem
+ cat ./configs/write_adios1_flexpath_iso_has.xml
+ sed 's/.*/[36m&[0m/'
[36m<sensei>[0m
[36m  <analysis type="adios1" filename="data_iso_has.bp" method="FLEXPATH" enabled="1" >[0m
[36m    <mesh name="mesh">[0m
[36m        <cell_arrays> data </cell_arrays>[0m
[36m    </mesh>[0m
[36m  </analysis>[0m
[36m</sensei>[0m
+ delay=300
+ set +x
+ srun -N 257 -n 8192 -r 0 oscillator -t 1 -s 4096,4096,4096 -e 0,1,0,1,0,1 -b 8192 -f ./configs/write_adios1_flexpath_iso_has.xml -g 1 -p 0 ./inputs/conf.osc
.+ sed 's/.*/[31m&[0m/'
............................................................................found at 77s
+ export TIMER_LOG_FILE=./logs_has/23150227_aep_iso_has_o0_t1_l4096_m8192_n2048_2019_199_13_31.time
+ TIMER_LOG_FILE=./logs_has/23150227_aep_iso_has_o0_t1_l4096_m8192_n2048_2019_199_13_31.time
+ export MEMPROF_LOG_FILE=./logs_has/23150227_aep_iso_has_o0_t1_l4096_m8192_n2048_2019_199_13_31.mem
+ MEMPROF_LOG_FILE=./logs_has/23150227_aep_iso_has_o0_t1_l4096_m8192_n2048_2019_199_13_31.mem
+ sed 's/.*/[36m&[0m/'
+ cat ./configs/iso_extract_has.xml
[36m<sensei>[0m
[36m  <analysis type="SliceExtract" operation="iso_surface"[0m
[36m    enable_partitioner="0" verbose="1" enabled="1">[0m
[36m[0m
[36m    <iso_values mesh_name="mesh" array_name="data"[0m
[36m       array_centering="cell">[0m
[36m       -0.25 1.25 3.25[0m
[36m    </iso_values>[0m
[36m[0m
[36m    <writer mode="paraview" output_dir="./isos_has" />[0m
[36m  </analysis>[0m
[36m</sensei>[0m
+ srun -N 65 -n 2048 -r 257 ADIOS1EndPoint -r FLEXPATH -f ./configs/iso_extract_has.xml data_iso_has.bp
+ sed 's/.*/[32m&[0m/'
[31mSTATUS: [0][/usr/common/software/sensei/sensei/build/sensei-3.0.0/sensei/ConfigurableAnalysis.cxx:347][v2.1.1-149-ge5ec951][0m
[31mSTATUS: Configured ADIOSAnalysisAdaptor filename="data_iso_has.bp" method FLEXPATH max_buffer_size=0[0m
[31mTotal run time: 442.676 s[0m
[32mSTATUS: [0][/usr/common/software/sensei/sensei/build/sensei-3.0.0/endpoints/ADIOS1EndPoint.cpp:74][v2.1.1-149-ge5ec951][0m
[32mSTATUS: Opening: "data_iso_has.bp" using method "FLEXPATH"[0m
[32mSTATUS: [0][/usr/common/software/sensei/sensei/build/sensei-3.0.0/endpoints/ADIOS1EndPoint.cpp:90][v2.1.1-149-ge5ec951][0m
[32mSTATUS: Loading configurable analysis "./configs/iso_extract_has.xml"[0m
[32mSTATUS: [0][/usr/common/software/sensei/sensei/build/sensei-3.0.0/sensei/ConfigurableAnalysis.cxx:993][v2.1.1-149-ge5ec951][0m
[32mSTATUS: Configured SliceExtract  writer.mode=paraview writer.outputDir=./isos_has writer.writer=xml operation=iso_surface mesh_name=mesh array_name=data array_centering=cell iso_values={-0.25, 1.25, 3.25} enable_partitioner=0 verbose=1[0m
[32mSTATUS: [0][/usr/common/software/sensei/sensei/build/sensei-3.0.0/endpoints/ADIOS1EndPoint.cpp:112][v2.1.1-149-ge5ec951][0m
[32mSTATUS: Processing time step 0 time 0[0m
[32mSTATUS: [0][/usr/common/software/sensei/sensei/build/sensei-3.0.0/endpoints/ADIOS1EndPoint.cpp:112][v2.1.1-149-ge5ec951][0m
[32mSTATUS: Processing time step 1 time 1[0m
[32mSTATUS: [0][/usr/common/software/sensei/sensei/build/sensei-3.0.0/endpoints/ADIOS1EndPoint.cpp:112][v2.1.1-149-ge5ec951][0m
[32mSTATUS: Processing time step 2 time 2[0m
[32mSTATUS: [0][/usr/common/software/sensei/sensei/build/sensei-3.0.0/endpoints/ADIOS1EndPoint.cpp:112][v2.1.1-149-ge5ec951][0m
[32mSTATUS: Processing time step 3 time 3[0m
[32mSTATUS: [0][/usr/common/software/sensei/sensei/build/sensei-3.0.0/endpoints/ADIOS1EndPoint.cpp:112][v2.1.1-149-ge5ec951][0m
[32mSTATUS: Processing time step 4 time 4[0m
[32mSTATUS: [0][/usr/common/software/sensei/sensei/build/sensei-3.0.0/endpoints/ADIOS1EndPoint.cpp:112][v2.1.1-149-ge5ec951][0m
[32mSTATUS: Processing time step 5 time 5[0m
[32mSTATUS: [0][/usr/common/software/sensei/sensei/build/sensei-3.0.0/endpoints/ADIOS1EndPoint.cpp:112][v2.1.1-149-ge5ec951][0m
[32mSTATUS: Processing time step 6 time 6[0m
[32mSTATUS: [0][/usr/common/software/sensei/sensei/build/sensei-3.0.0/endpoints/ADIOS1EndPoint.cpp:112][v2.1.1-149-ge5ec951][0m
[32mSTATUS: Processing time step 7 time 7[0m
[32mSTATUS: [0][/usr/common/software/sensei/sensei/build/sensei-3.0.0/endpoints/ADIOS1EndPoint.cpp:112][v2.1.1-149-ge5ec951][0m
[32mSTATUS: Processing time step 8 time 8[0m
[32mSTATUS: [0][/usr/common/software/sensei/sensei/build/sensei-3.0.0/endpoints/ADIOS1EndPoint.cpp:112][v2.1.1-149-ge5ec951][0m
[32mSTATUS: Processing time step 9 time 9[0m
[32mSTATUS: [0][/usr/common/software/sensei/sensei/build/sensei-3.0.0/endpoints/ADIOS1EndPoint.cpp:131][v2.1.1-149-ge5ec951][0m
[32mSTATUS: Finished processing 10 time steps[0m
+ echo =============================================
=============================================
+ O=0
+ T=1
+ L=4096
+ M=8192
+ N=1024
+ ./in_transit_iso_has.sh
O=0 T=1 L=4096 M=8192 N=1024 RM=257 RN=33 S=./configs/iso_extract_has.xml D=2019_199_13_40
rm: cannot remove 'data_iso_has.bp*': No such file or directory
sensei/3.0.0-vtk-shared(3):ERROR:150: Module 'sensei/3.0.0-vtk-shared' conflicts with the currently loaded module(s) 'sensei/sVTK/8.1.1'
sensei/3.0.0-vtk-shared(3):ERROR:102: Tcl command execution failed: conflict sensei

+ export TIMER_ENABLE=0
+ TIMER_ENABLE=0
+ export MEMPROF_INTERVAL=0.5
+ MEMPROF_INTERVAL=0.5
+ export TIMER_LOG_FILE=./logs_has/23150227_osc_iso_has_o0_t1_l4096_m8192_n1024_2019_199_13_40.time
+ TIMER_LOG_FILE=./logs_has/23150227_osc_iso_has_o0_t1_l4096_m8192_n1024_2019_199_13_40.time
+ export MEMPROF_LOG_FILE=./logs_has/23150227_osc_iso_has_o0_t1_l4096_m8192_n1024_2019_199_13_40.mem
+ MEMPROF_LOG_FILE=./logs_has/23150227_osc_iso_has_o0_t1_l4096_m8192_n1024_2019_199_13_40.mem
+ cat ./configs/write_adios1_flexpath_iso_has.xml
+ sed 's/.*/[36m&[0m/'
[36m<sensei>[0m
[36m  <analysis type="adios1" filename="data_iso_has.bp" method="FLEXPATH" enabled="1" >[0m
[36m    <mesh name="mesh">[0m
[36m        <cell_arrays> data </cell_arrays>[0m
[36m    </mesh>[0m
[36m  </analysis>[0m
[36m</sensei>[0m
+ srun -N 257 -n 8192 -r 0 oscillator -t 1 -s 4096,4096,4096 -e 0,1,0,1,0,1 -b 8192 -f ./configs/write_adios1_flexpath_iso_has.xml -g 1 -p 0 ./inputs/conf.osc
+ delay=300
+ sed 's/.*/[31m&[0m/'
+ set +x
............................................................................found at 76s
+ export TIMER_LOG_FILE=./logs_has/23150227_aep_iso_has_o0_t1_l4096_m8192_n1024_2019_199_13_40.time
+ TIMER_LOG_FILE=./logs_has/23150227_aep_iso_has_o0_t1_l4096_m8192_n1024_2019_199_13_40.time
+ export MEMPROF_LOG_FILE=./logs_has/23150227_aep_iso_has_o0_t1_l4096_m8192_n1024_2019_199_13_40.mem
+ MEMPROF_LOG_FILE=./logs_has/23150227_aep_iso_has_o0_t1_l4096_m8192_n1024_2019_199_13_40.mem
+ sed 's/.*/[36m&[0m/'
+ cat ./configs/iso_extract_has.xml
[36m<sensei>[0m
[36m  <analysis type="SliceExtract" operation="iso_surface"[0m
[36m    enable_partitioner="0" verbose="1" enabled="1">[0m
[36m[0m
[36m    <iso_values mesh_name="mesh" array_name="data"[0m
[36m       array_centering="cell">[0m
[36m       -0.25 1.25 3.25[0m
[36m    </iso_values>[0m
[36m[0m
[36m    <writer mode="paraview" output_dir="./isos_has" />[0m
[36m  </analysis>[0m
[36m</sensei>[0m
+ srun -N 33 -n 1024 -r 257 ADIOS1EndPoint -r FLEXPATH -f ./configs/iso_extract_has.xml data_iso_has.bp
+ sed 's/.*/[32m&[0m/'
[31mSTATUS: [0][/usr/common/software/sensei/sensei/build/sensei-3.0.0/sensei/ConfigurableAnalysis.cxx:347][v2.1.1-149-ge5ec951][0m
[31mSTATUS: Configured ADIOSAnalysisAdaptor filename="data_iso_has.bp" method FLEXPATH max_buffer_size=0[0m
[31mTotal run time: 457.510 s[0m
[32mSTATUS: [0][/usr/common/software/sensei/sensei/build/sensei-3.0.0/endpoints/ADIOS1EndPoint.cpp:74][v2.1.1-149-ge5ec951][0m
[32mSTATUS: Opening: "data_iso_has.bp" using method "FLEXPATH"[0m
[32mSTATUS: [0][/usr/common/software/sensei/sensei/build/sensei-3.0.0/endpoints/ADIOS1EndPoint.cpp:90][v2.1.1-149-ge5ec951][0m
[32mSTATUS: Loading configurable analysis "./configs/iso_extract_has.xml"[0m
[32mSTATUS: [0][/usr/common/software/sensei/sensei/build/sensei-3.0.0/sensei/ConfigurableAnalysis.cxx:993][v2.1.1-149-ge5ec951][0m
[32mSTATUS: Configured SliceExtract  writer.mode=paraview writer.outputDir=./isos_has writer.writer=xml operation=iso_surface mesh_name=mesh array_name=data array_centering=cell iso_values={-0.25, 1.25, 3.25} enable_partitioner=0 verbose=1[0m
[32mSTATUS: [0][/usr/common/software/sensei/sensei/build/sensei-3.0.0/endpoints/ADIOS1EndPoint.cpp:112][v2.1.1-149-ge5ec951][0m
[32mSTATUS: Processing time step 0 time 0[0m
[32mSTATUS: [0][/usr/common/software/sensei/sensei/build/sensei-3.0.0/endpoints/ADIOS1EndPoint.cpp:112][v2.1.1-149-ge5ec951][0m
[32mSTATUS: Processing time step 1 time 1[0m
[32mSTATUS: [0][/usr/common/software/sensei/sensei/build/sensei-3.0.0/endpoints/ADIOS1EndPoint.cpp:112][v2.1.1-149-ge5ec951][0m
[32mSTATUS: Processing time step 2 time 2[0m
[32mSTATUS: [0][/usr/common/software/sensei/sensei/build/sensei-3.0.0/endpoints/ADIOS1EndPoint.cpp:112][v2.1.1-149-ge5ec951][0m
[32mSTATUS: Processing time step 3 time 3[0m
[32mSTATUS: [0][/usr/common/software/sensei/sensei/build/sensei-3.0.0/endpoints/ADIOS1EndPoint.cpp:112][v2.1.1-149-ge5ec951][0m
[32mSTATUS: Processing time step 4 time 4[0m
[32mSTATUS: [0][/usr/common/software/sensei/sensei/build/sensei-3.0.0/endpoints/ADIOS1EndPoint.cpp:112][v2.1.1-149-ge5ec951][0m
[32mSTATUS: Processing time step 5 time 5[0m
[32mSTATUS: [0][/usr/common/software/sensei/sensei/build/sensei-3.0.0/endpoints/ADIOS1EndPoint.cpp:112][v2.1.1-149-ge5ec951][0m
[32mSTATUS: Processing time step 6 time 6[0m
[32mSTATUS: [0][/usr/common/software/sensei/sensei/build/sensei-3.0.0/endpoints/ADIOS1EndPoint.cpp:112][v2.1.1-149-ge5ec951][0m
[32mSTATUS: Processing time step 7 time 7[0m
[32mSTATUS: [0][/usr/common/software/sensei/sensei/build/sensei-3.0.0/endpoints/ADIOS1EndPoint.cpp:112][v2.1.1-149-ge5ec951][0m
[32mSTATUS: Processing time step 8 time 8[0m
[32mSTATUS: [0][/usr/common/software/sensei/sensei/build/sensei-3.0.0/endpoints/ADIOS1EndPoint.cpp:112][v2.1.1-149-ge5ec951][0m
[32mSTATUS: Processing time step 9 time 9[0m
[32mSTATUS: [0][/usr/common/software/sensei/sensei/build/sensei-3.0.0/endpoints/ADIOS1EndPoint.cpp:131][v2.1.1-149-ge5ec951][0m
[32mSTATUS: Finished processing 10 time steps[0m
+ echo =============================================
=============================================
+ O=0
+ T=1
+ L=4096
+ M=8192
+ N=512
+ ./in_transit_iso_has.sh
O=0 T=1 L=4096 M=8192 N=512 RM=257 RN=17 S=./configs/iso_extract_has.xml D=2019_199_13_49
rm: cannot remove 'data_iso_has.bp*': No such file or directory
sensei/3.0.0-vtk-shared(3):ERROR:150: Module 'sensei/3.0.0-vtk-shared' conflicts with the currently loaded module(s) 'sensei/sVTK/8.1.1'
sensei/3.0.0-vtk-shared(3):ERROR:102: Tcl command execution failed: conflict sensei

+ export TIMER_ENABLE=0
+ TIMER_ENABLE=0
+ export MEMPROF_INTERVAL=0.5
+ MEMPROF_INTERVAL=0.5
+ export TIMER_LOG_FILE=./logs_has/23150227_osc_iso_has_o0_t1_l4096_m8192_n512_2019_199_13_49.time
+ TIMER_LOG_FILE=./logs_has/23150227_osc_iso_has_o0_t1_l4096_m8192_n512_2019_199_13_49.time
+ export MEMPROF_LOG_FILE=./logs_has/23150227_osc_iso_has_o0_t1_l4096_m8192_n512_2019_199_13_49.mem
+ MEMPROF_LOG_FILE=./logs_has/23150227_osc_iso_has_o0_t1_l4096_m8192_n512_2019_199_13_49.mem
+ cat ./configs/write_adios1_flexpath_iso_has.xml
+ sed 's/.*/[36m&[0m/'
[36m<sensei>[0m
[36m  <analysis type="adios1" filename="data_iso_has.bp" method="FLEXPATH" enabled="1" >[0m
[36m    <mesh name="mesh">[0m
[36m        <cell_arrays> data </cell_arrays>[0m
[36m    </mesh>[0m
[36m  </analysis>[0m
[36m</sensei>[0m
+ srun -N 257 -n 8192 -r 0 oscillator -t 1 -s 4096,4096,4096 -e 0,1,0,1,0,1 -b 8192 -f ./configs/write_adios1_flexpath_iso_has.xml -g 1 -p 0 ./inputs/conf.osc
+ delay=300
+ sed 's/.*/[31m&[0m/'
+ set +x
.................................................................found at 65s
+ export TIMER_LOG_FILE=./logs_has/23150227_aep_iso_has_o0_t1_l4096_m8192_n512_2019_199_13_49.time
+ TIMER_LOG_FILE=./logs_has/23150227_aep_iso_has_o0_t1_l4096_m8192_n512_2019_199_13_49.time
+ export MEMPROF_LOG_FILE=./logs_has/23150227_aep_iso_has_o0_t1_l4096_m8192_n512_2019_199_13_49.mem
+ MEMPROF_LOG_FILE=./logs_has/23150227_aep_iso_has_o0_t1_l4096_m8192_n512_2019_199_13_49.mem
+ sed 's/.*/[36m&[0m/'
+ cat ./configs/iso_extract_has.xml
[36m<sensei>[0m
[36m  <analysis type="SliceExtract" operation="iso_surface"[0m
[36m    enable_partitioner="0" verbose="1" enabled="1">[0m
[36m[0m
[36m    <iso_values mesh_name="mesh" array_name="data"[0m
[36m       array_centering="cell">[0m
[36m       -0.25 1.25 3.25[0m
[36m    </iso_values>[0m
[36m[0m
[36m    <writer mode="paraview" output_dir="./isos_has" />[0m
[36m  </analysis>[0m
[36m</sensei>[0m
+ srun -N 17 -n 512 -r 257 ADIOS1EndPoint -r FLEXPATH -f ./configs/iso_extract_has.xml data_iso_has.bp
+ sed 's/.*/[32m&[0m/'
[31mSTATUS: [0][/usr/common/software/sensei/sensei/build/sensei-3.0.0/sensei/ConfigurableAnalysis.cxx:347][v2.1.1-149-ge5ec951][0m
[31mSTATUS: Configured ADIOSAnalysisAdaptor filename="data_iso_has.bp" method FLEXPATH max_buffer_size=0[0m
[31mTotal run time: 496.451 s[0m
[32mSTATUS: [0][/usr/common/software/sensei/sensei/build/sensei-3.0.0/endpoints/ADIOS1EndPoint.cpp:74][v2.1.1-149-ge5ec951][0m
[32mSTATUS: Opening: "data_iso_has.bp" using method "FLEXPATH"[0m
[32mSTATUS: [0][/usr/common/software/sensei/sensei/build/sensei-3.0.0/endpoints/ADIOS1EndPoint.cpp:90][v2.1.1-149-ge5ec951][0m
[32mSTATUS: Loading configurable analysis "./configs/iso_extract_has.xml"[0m
[32mSTATUS: [0][/usr/common/software/sensei/sensei/build/sensei-3.0.0/sensei/ConfigurableAnalysis.cxx:993][v2.1.1-149-ge5ec951][0m
[32mSTATUS: Configured SliceExtract  writer.mode=paraview writer.outputDir=./isos_has writer.writer=xml operation=iso_surface mesh_name=mesh array_name=data array_centering=cell iso_values={-0.25, 1.25, 3.25} enable_partitioner=0 verbose=1[0m
[32mSTATUS: [0][/usr/common/software/sensei/sensei/build/sensei-3.0.0/endpoints/ADIOS1EndPoint.cpp:112][v2.1.1-149-ge5ec951][0m
[32mSTATUS: Processing time step 0 time 0[0m
[32mSTATUS: [0][/usr/common/software/sensei/sensei/build/sensei-3.0.0/endpoints/ADIOS1EndPoint.cpp:112][v2.1.1-149-ge5ec951][0m
[32mSTATUS: Processing time step 1 time 1[0m
[32mSTATUS: [0][/usr/common/software/sensei/sensei/build/sensei-3.0.0/endpoints/ADIOS1EndPoint.cpp:112][v2.1.1-149-ge5ec951][0m
[32mSTATUS: Processing time step 2 time 2[0m
[32mSTATUS: [0][/usr/common/software/sensei/sensei/build/sensei-3.0.0/endpoints/ADIOS1EndPoint.cpp:112][v2.1.1-149-ge5ec951][0m
[32mSTATUS: Processing time step 3 time 3[0m
[32mSTATUS: [0][/usr/common/software/sensei/sensei/build/sensei-3.0.0/endpoints/ADIOS1EndPoint.cpp:112][v2.1.1-149-ge5ec951][0m
[32mSTATUS: Processing time step 4 time 4[0m
[32mSTATUS: [0][/usr/common/software/sensei/sensei/build/sensei-3.0.0/endpoints/ADIOS1EndPoint.cpp:112][v2.1.1-149-ge5ec951][0m
[32mSTATUS: Processing time step 5 time 5[0m
[32mSTATUS: [0][/usr/common/software/sensei/sensei/build/sensei-3.0.0/endpoints/ADIOS1EndPoint.cpp:112][v2.1.1-149-ge5ec951][0m
[32mSTATUS: Processing time step 6 time 6[0m
[32mSTATUS: [0][/usr/common/software/sensei/sensei/build/sensei-3.0.0/endpoints/ADIOS1EndPoint.cpp:112][v2.1.1-149-ge5ec951][0m
[32mSTATUS: Processing time step 7 time 7[0m
[32mSTATUS: [0][/usr/common/software/sensei/sensei/build/sensei-3.0.0/endpoints/ADIOS1EndPoint.cpp:112][v2.1.1-149-ge5ec951][0m
[32mSTATUS: Processing time step 8 time 8[0m
[32mSTATUS: [0][/usr/common/software/sensei/sensei/build/sensei-3.0.0/endpoints/ADIOS1EndPoint.cpp:112][v2.1.1-149-ge5ec951][0m
[32mSTATUS: Processing time step 9 time 9[0m
[32mSTATUS: [0][/usr/common/software/sensei/sensei/build/sensei-3.0.0/endpoints/ADIOS1EndPoint.cpp:131][v2.1.1-149-ge5ec951][0m
[32mSTATUS: Finished processing 10 time steps[0m
+ echo =============================================
=============================================
+ O=0
+ T=1
+ L=4096
+ M=8192
+ N=256
+ ./in_transit_iso_has.sh
O=0 T=1 L=4096 M=8192 N=256 RM=257 RN=9 S=./configs/iso_extract_has.xml D=2019_199_13_59
rm: cannot remove 'data_iso_has.bp*': No such file or directory
sensei/3.0.0-vtk-shared(3):ERROR:150: Module 'sensei/3.0.0-vtk-shared' conflicts with the currently loaded module(s) 'sensei/sVTK/8.1.1'
sensei/3.0.0-vtk-shared(3):ERROR:102: Tcl command execution failed: conflict sensei

+ export TIMER_ENABLE=0
+ TIMER_ENABLE=0
+ export MEMPROF_INTERVAL=0.5
+ MEMPROF_INTERVAL=0.5
+ export TIMER_LOG_FILE=./logs_has/23150227_osc_iso_has_o0_t1_l4096_m8192_n256_2019_199_13_59.time
+ TIMER_LOG_FILE=./logs_has/23150227_osc_iso_has_o0_t1_l4096_m8192_n256_2019_199_13_59.time
+ export MEMPROF_LOG_FILE=./logs_has/23150227_osc_iso_has_o0_t1_l4096_m8192_n256_2019_199_13_59.mem
+ MEMPROF_LOG_FILE=./logs_has/23150227_osc_iso_has_o0_t1_l4096_m8192_n256_2019_199_13_59.mem
+ cat ./configs/write_adios1_flexpath_iso_has.xml
+ sed 's/.*/[36m&[0m/'
[36m<sensei>[0m
[36m  <analysis type="adios1" filename="data_iso_has.bp" method="FLEXPATH" enabled="1" >[0m
[36m    <mesh name="mesh">[0m
[36m        <cell_arrays> data </cell_arrays>[0m
[36m    </mesh>[0m
[36m  </analysis>[0m
[36m</sensei>[0m
+ srun -N 257 -n 8192 -r 0 oscillator -t 1 -s 4096,4096,4096 -e 0,1,0,1,0,1 -b 8192 -f ./configs/write_adios1_flexpath_iso_has.xml -g 1 -p 0 ./inputs/conf.osc
+ delay=300
+ sed 's/.*/[31m&[0m/'
+ set +x
.......................................................................found at 71s
+ export TIMER_LOG_FILE=./logs_has/23150227_aep_iso_has_o0_t1_l4096_m8192_n256_2019_199_13_59.time
+ TIMER_LOG_FILE=./logs_has/23150227_aep_iso_has_o0_t1_l4096_m8192_n256_2019_199_13_59.time
+ export MEMPROF_LOG_FILE=./logs_has/23150227_aep_iso_has_o0_t1_l4096_m8192_n256_2019_199_13_59.mem
+ MEMPROF_LOG_FILE=./logs_has/23150227_aep_iso_has_o0_t1_l4096_m8192_n256_2019_199_13_59.mem
+ sed 's/.*/[36m&[0m/'
+ cat ./configs/iso_extract_has.xml
[36m<sensei>[0m
[36m  <analysis type="SliceExtract" operation="iso_surface"[0m
[36m    enable_partitioner="0" verbose="1" enabled="1">[0m
[36m[0m
[36m    <iso_values mesh_name="mesh" array_name="data"[0m
[36m       array_centering="cell">[0m
[36m       -0.25 1.25 3.25[0m
[36m    </iso_values>[0m
[36m[0m
[36m    <writer mode="paraview" output_dir="./isos_has" />[0m
[36m  </analysis>[0m
[36m</sensei>[0m
+ srun -N 9 -n 256 -r 257 ADIOS1EndPoint -r FLEXPATH -f ./configs/iso_extract_has.xml data_iso_has.bp
+ sed 's/.*/[32m&[0m/'
[31mSTATUS: [0][/usr/common/software/sensei/sensei/build/sensei-3.0.0/sensei/ConfigurableAnalysis.cxx:347][v2.1.1-149-ge5ec951][0m
[31mSTATUS: Configured ADIOSAnalysisAdaptor filename="data_iso_has.bp" method FLEXPATH max_buffer_size=0[0m
[31mTotal run time: 801.595 s[0m
[32mSTATUS: [0][/usr/common/software/sensei/sensei/build/sensei-3.0.0/endpoints/ADIOS1EndPoint.cpp:74][v2.1.1-149-ge5ec951][0m
[32mSTATUS: Opening: "data_iso_has.bp" using method "FLEXPATH"[0m
[32mSTATUS: [0][/usr/common/software/sensei/sensei/build/sensei-3.0.0/endpoints/ADIOS1EndPoint.cpp:90][v2.1.1-149-ge5ec951][0m
[32mSTATUS: Loading configurable analysis "./configs/iso_extract_has.xml"[0m
[32mSTATUS: [0][/usr/common/software/sensei/sensei/build/sensei-3.0.0/sensei/ConfigurableAnalysis.cxx:993][v2.1.1-149-ge5ec951][0m
[32mSTATUS: Configured SliceExtract  writer.mode=paraview writer.outputDir=./isos_has writer.writer=xml operation=iso_surface mesh_name=mesh array_name=data array_centering=cell iso_values={-0.25, 1.25, 3.25} enable_partitioner=0 verbose=1[0m
[32mSTATUS: [0][/usr/common/software/sensei/sensei/build/sensei-3.0.0/endpoints/ADIOS1EndPoint.cpp:112][v2.1.1-149-ge5ec951][0m
[32mSTATUS: Processing time step 0 time 0[0m
[32mSTATUS: [0][/usr/common/software/sensei/sensei/build/sensei-3.0.0/endpoints/ADIOS1EndPoint.cpp:112][v2.1.1-149-ge5ec951][0m
[32mSTATUS: Processing time step 1 time 1[0m
[32mSTATUS: [0][/usr/common/software/sensei/sensei/build/sensei-3.0.0/endpoints/ADIOS1EndPoint.cpp:112][v2.1.1-149-ge5ec951][0m
[32mSTATUS: Processing time step 2 time 2[0m
[32mSTATUS: [0][/usr/common/software/sensei/sensei/build/sensei-3.0.0/endpoints/ADIOS1EndPoint.cpp:112][v2.1.1-149-ge5ec951][0m
[32mSTATUS: Processing time step 3 time 3[0m
[32mSTATUS: [0][/usr/common/software/sensei/sensei/build/sensei-3.0.0/endpoints/ADIOS1EndPoint.cpp:112][v2.1.1-149-ge5ec951][0m
[32mSTATUS: Processing time step 4 time 4[0m
[32mSTATUS: [0][/usr/common/software/sensei/sensei/build/sensei-3.0.0/endpoints/ADIOS1EndPoint.cpp:112][v2.1.1-149-ge5ec951][0m
[32mSTATUS: Processing time step 5 time 5[0m
[32mSTATUS: [0][/usr/common/software/sensei/sensei/build/sensei-3.0.0/endpoints/ADIOS1EndPoint.cpp:112][v2.1.1-149-ge5ec951][0m
[32mSTATUS: Processing time step 6 time 6[0m
[32mSTATUS: [0][/usr/common/software/sensei/sensei/build/sensei-3.0.0/endpoints/ADIOS1EndPoint.cpp:112][v2.1.1-149-ge5ec951][0m
[32mSTATUS: Processing time step 7 time 7[0m
[32mSTATUS: [0][/usr/common/software/sensei/sensei/build/sensei-3.0.0/endpoints/ADIOS1EndPoint.cpp:112][v2.1.1-149-ge5ec951][0m
[32mSTATUS: Processing time step 8 time 8[0m
[32mSTATUS: [0][/usr/common/software/sensei/sensei/build/sensei-3.0.0/endpoints/ADIOS1EndPoint.cpp:112][v2.1.1-149-ge5ec951][0m
[32mSTATUS: Processing time step 9 time 9[0m
[32mSTATUS: [0][/usr/common/software/sensei/sensei/build/sensei-3.0.0/endpoints/ADIOS1EndPoint.cpp:131][v2.1.1-149-ge5ec951][0m
[32mSTATUS: Finished processing 10 time steps[0m
+ echo =============================================
=============================================
+ O=0
+ T=1
+ L=4096
+ M=8192
+ N=128
+ ./in_transit_iso_has.sh
O=0 T=1 L=4096 M=8192 N=128 RM=257 RN=5 S=./configs/iso_extract_has.xml D=2019_199_14_14
rm: cannot remove 'data_iso_has.bp*': No such file or directory
sensei/3.0.0-vtk-shared(3):ERROR:150: Module 'sensei/3.0.0-vtk-shared' conflicts with the currently loaded module(s) 'sensei/sVTK/8.1.1'
sensei/3.0.0-vtk-shared(3):ERROR:102: Tcl command execution failed: conflict sensei

+ export TIMER_ENABLE=0
+ TIMER_ENABLE=0
+ export MEMPROF_INTERVAL=0.5
+ MEMPROF_INTERVAL=0.5
+ export TIMER_LOG_FILE=./logs_has/23150227_osc_iso_has_o0_t1_l4096_m8192_n128_2019_199_14_14.time
+ TIMER_LOG_FILE=./logs_has/23150227_osc_iso_has_o0_t1_l4096_m8192_n128_2019_199_14_14.time
+ export MEMPROF_LOG_FILE=./logs_has/23150227_osc_iso_has_o0_t1_l4096_m8192_n128_2019_199_14_14.mem
+ MEMPROF_LOG_FILE=./logs_has/23150227_osc_iso_has_o0_t1_l4096_m8192_n128_2019_199_14_14.mem
+ cat ./configs/write_adios1_flexpath_iso_has.xml
+ sed 's/.*/[36m&[0m/'
[36m<sensei>[0m
[36m  <analysis type="adios1" filename="data_iso_has.bp" method="FLEXPATH" enabled="1" >[0m
[36m    <mesh name="mesh">[0m
[36m        <cell_arrays> data </cell_arrays>[0m
[36m    </mesh>[0m
[36m  </analysis>[0m
[36m</sensei>[0m
+ srun -N 257 -n 8192 -r 0 oscillator -t 1 -s 4096,4096,4096 -e 0,1,0,1,0,1 -b 8192 -f ./configs/write_adios1_flexpath_iso_has.xml -g 1 -p 0 ./inputs/conf.osc
+ delay=300
+ set +x
+ sed 's/.*/[31m&[0m/'
....................................................................found at 68s
+ export TIMER_LOG_FILE=./logs_has/23150227_aep_iso_has_o0_t1_l4096_m8192_n128_2019_199_14_14.time
+ TIMER_LOG_FILE=./logs_has/23150227_aep_iso_has_o0_t1_l4096_m8192_n128_2019_199_14_14.time
+ export MEMPROF_LOG_FILE=./logs_has/23150227_aep_iso_has_o0_t1_l4096_m8192_n128_2019_199_14_14.mem
+ MEMPROF_LOG_FILE=./logs_has/23150227_aep_iso_has_o0_t1_l4096_m8192_n128_2019_199_14_14.mem
+ sed 's/.*/[36m&[0m/'
+ cat ./configs/iso_extract_has.xml
[36m<sensei>[0m
[36m  <analysis type="SliceExtract" operation="iso_surface"[0m
[36m    enable_partitioner="0" verbose="1" enabled="1">[0m
[36m[0m
[36m    <iso_values mesh_name="mesh" array_name="data"[0m
[36m       array_centering="cell">[0m
[36m       -0.25 1.25 3.25[0m
[36m    </iso_values>[0m
[36m[0m
[36m    <writer mode="paraview" output_dir="./isos_has" />[0m
[36m  </analysis>[0m
[36m</sensei>[0m
+ srun -N 5 -n 128 -r 257 ADIOS1EndPoint -r FLEXPATH -f ./configs/iso_extract_has.xml data_iso_has.bp
+ sed 's/.*/[32m&[0m/'
[31mSTATUS: [0][/usr/common/software/sensei/sensei/build/sensei-3.0.0/sensei/ConfigurableAnalysis.cxx:347][v2.1.1-149-ge5ec951][0m
[31mSTATUS: Configured ADIOSAnalysisAdaptor filename="data_iso_has.bp" method FLEXPATH max_buffer_size=0[0m
[31mTotal run time: 1416.815 s[0m
[32mSTATUS: [0][/usr/common/software/sensei/sensei/build/sensei-3.0.0/endpoints/ADIOS1EndPoint.cpp:74][v2.1.1-149-ge5ec951][0m
[32mSTATUS: Opening: "data_iso_has.bp" using method "FLEXPATH"[0m
[32mSTATUS: [0][/usr/common/software/sensei/sensei/build/sensei-3.0.0/endpoints/ADIOS1EndPoint.cpp:90][v2.1.1-149-ge5ec951][0m
[32mSTATUS: Loading configurable analysis "./configs/iso_extract_has.xml"[0m
[32mSTATUS: [0][/usr/common/software/sensei/sensei/build/sensei-3.0.0/sensei/ConfigurableAnalysis.cxx:993][v2.1.1-149-ge5ec951][0m
[32mSTATUS: Configured SliceExtract  writer.mode=paraview writer.outputDir=./isos_has writer.writer=xml operation=iso_surface mesh_name=mesh array_name=data array_centering=cell iso_values={-0.25, 1.25, 3.25} enable_partitioner=0 verbose=1[0m
[32mSTATUS: [0][/usr/common/software/sensei/sensei/build/sensei-3.0.0/endpoints/ADIOS1EndPoint.cpp:112][v2.1.1-149-ge5ec951][0m
[32mSTATUS: Processing time step 0 time 0[0m
[32mSTATUS: [0][/usr/common/software/sensei/sensei/build/sensei-3.0.0/endpoints/ADIOS1EndPoint.cpp:112][v2.1.1-149-ge5ec951][0m
[32mSTATUS: Processing time step 1 time 1[0m
[32mSTATUS: [0][/usr/common/software/sensei/sensei/build/sensei-3.0.0/endpoints/ADIOS1EndPoint.cpp:112][v2.1.1-149-ge5ec951][0m
[32mSTATUS: Processing time step 2 time 2[0m
[32mSTATUS: [0][/usr/common/software/sensei/sensei/build/sensei-3.0.0/endpoints/ADIOS1EndPoint.cpp:112][v2.1.1-149-ge5ec951][0m
[32mSTATUS: Processing time step 3 time 3[0m
[32mSTATUS: [0][/usr/common/software/sensei/sensei/build/sensei-3.0.0/endpoints/ADIOS1EndPoint.cpp:112][v2.1.1-149-ge5ec951][0m
[32mSTATUS: Processing time step 4 time 4[0m
[32mSTATUS: [0][/usr/common/software/sensei/sensei/build/sensei-3.0.0/endpoints/ADIOS1EndPoint.cpp:112][v2.1.1-149-ge5ec951][0m
[32mSTATUS: Processing time step 5 time 5[0m
[32mSTATUS: [0][/usr/common/software/sensei/sensei/build/sensei-3.0.0/endpoints/ADIOS1EndPoint.cpp:112][v2.1.1-149-ge5ec951][0m
[32mSTATUS: Processing time step 6 time 6[0m
[32mSTATUS: [0][/usr/common/software/sensei/sensei/build/sensei-3.0.0/endpoints/ADIOS1EndPoint.cpp:112][v2.1.1-149-ge5ec951][0m
[32mSTATUS: Processing time step 7 time 7[0m
[32mSTATUS: [0][/usr/common/software/sensei/sensei/build/sensei-3.0.0/endpoints/ADIOS1EndPoint.cpp:112][v2.1.1-149-ge5ec951][0m
[32mSTATUS: Processing time step 8 time 8[0m
[32mSTATUS: [0][/usr/common/software/sensei/sensei/build/sensei-3.0.0/endpoints/ADIOS1EndPoint.cpp:112][v2.1.1-149-ge5ec951][0m
[32mSTATUS: Processing time step 9 time 9[0m
[32mSTATUS: [0][/usr/common/software/sensei/sensei/build/sensei-3.0.0/endpoints/ADIOS1EndPoint.cpp:131][v2.1.1-149-ge5ec951][0m
[32mSTATUS: Finished processing 10 time steps[0m
+ echo =============================================
=============================================
